3035186797 11
1709879799 1
1709879802 1
1709879806 1
1709879816 1
1709879827 1
1709879830 1
1709879842 1
1709879854 1
2415954488 15
1709879779 1
1709879785 1
1709879787 1
1709879795 1
1709879797 1
1709879803 1
1709879810 1
1709879812 1
1709879822 1
1709879830 1
1709879834 1
1709879839 1
1709879846 1
3704281259 7
1709879749 1
1709879753 1
1709879760 1
1709879770 1
1709879772 1
3748014316 25
1709879724 1
1709879726 1
1709879731 1
1709879737 1
1709879741 1
1709879743 1
1709879747 1
1709879755 1
1709879764 1
1709879767 1
1709879769 1
1709879779 1
1709879785 1
1709879791 1
1709879801 1
1709879815 1
1709879827 1
1709879839 1
1709879843 1
1709879851 1
2342192992 1
1709879525 1
3663518648 61
1709879509 1
1709879513 1
1709879516 1
1709879524 1
1709879531 1
1709879537 1
1709879539 1
1709879545 1
1709879549 1
1709879554 1
1709879560 1
1709879566 1
1709879573 1
1709879580 1
1709879585 1
1709879589 1
1709879597 1
1709879605 1
1709879609 1
1709879614 1
1709879620 1
1709879628 1
1709879633 1
1709879643 1
1709879646 1
1709879649 1
1709879657 1
1709879665 1
1709879670 1
1709879672 1
1709879678 1
1709879682 1
1709879686 1
1709879693 1
1709879702 1
1709879706 1
1709879710 1
1709879718 1
1709879727 1
1709879730 1
1709879735 1
1709879742 1
1709879745 1
1709879753 1
1709879761 1
1709879766 1
1709879770 1
1709879778 1
2672528065 2
1709879465 1
1709879826 1
1912322473 82
1709879374 1
1709879378 1
1709879385 1
1709879387 1
1709879394 1
1709879397 1
1709879402 1
1709879409 1
1709879411 1
1709879419 1
1709879421 1
1709879427 1
1709879433 1
1709879442 1
1709879448 1
1709879456 1
1709879462 1
1709879470 1
1709879479 1
1709879482 1
1709879487 1
1709879494 1
1709879502 1
1709879506 1
1709879508 1
1709879516 1
1709879524 1
1709879530 1
1709879539 1
1709879542 1
1709879545 1
1709879554 1
1709879560 1
1709879566 1
1709879574 1
1709879578 1
1709879580 1
1709879589 1
1709879597 1
1709879602 1
1709879605 1
1709879614 1
1709879620 1
1709879627 1
1709879634 1
1709879639 1
1709879642 1
1709879649 1
1709879651 1
1709879657 1
1709879663 1
1709879672 1
1709879675 1
1709879678 1
1709879686 1
1709879693 1
1709879699 1
1709879702 1
1709879710 1
1709879718 1
1709879723 1
1709879727 1
1709879735 1
1709879745 1
1709879747 1
1961331419 109
1709879374 1
1709879378 1
1709879386 1
1709879394 1
1709879398 1
1709879402 1
1709879410 1
1709879419 1
1709879422 1
1709879427 1
1709879433 1
1709879435 1
1709879442 1
1709879447 1
1709879456 1
1709879459 1
1709879462 1
1709879471 1
1709879479 1
1709879483 1
1709879487 1
1709879494 1
1709879502 1
1709879507 1
1709879516 1
1709879519 1
1709879524 1
1709879531 1
1709879539 1
1709879543 1
1709879545 1
1709879554 1
1709879560 1
1709879566 1
1709879574 1
1709879579 1
1709879589 1
1709879591 1
1709879597 1
1709879603 1
1709879614 1
1709879620 1
1709879627 1
1709879634 1
1709879639 1
1709879642 1
1709879649 1
1709879651 1
1709879657 1
1709879663 1
1709879672 1
1709879676 1
1709879678 1
1709879686 1
1709879688 1
1709879693 1
1709879700 1
1709879702 1
1709879710 1
1709879712 1
1709879718 1
1709879724 1
1709879727 1
1709879735 1
1709879745 1
1709879748 1
1709879753 1
1709879760 1
1709879770 1
1709879778 1
1709879784 1
1709879786 1
1709879795 1
1709879803 1
1709879808 1
1709879811 1
1709879820 1
1709879822 1
1709879830 1
1709879839 1
1709879844 1
1709879847 1
1709879856 1
2342237808 2
1709879345 1
1709879705 1
2075119982 1
1709879290 1
2075578504 1
1709879265 1
3663518686 1
1709879265 1
2936042868 1
1709879263 1
245097894 1
1709879262 1
3030768317 1
1709879261 1
1882308288 16
1709879779 1
1709879787 1
1709879795 1
1709879800 1
1709879803 1
1709879812 1
1709879820 1
1709879830 1
1709879833 1
1709879839 1
1709879845 1
1709879847 1
3082697048 1
1709879259 1
3550350037 1
1709879259 1
1969083976 66
1709879259 1
1709879269 1
1709879281 1
1709879291 1
1709879293 1
1709879305 1
1709879316 1
1709879329 1
1709879333 1
1709879342 1
1709879354 1
1709879364 1
1709879366 1
1709879378 1
1709879390 1
1709879398 1
1709879402 1
1709879414 1
1709879425 1
1709879438 1
1709879446 1
1709879450 1
1709879462 1
1709879474 1
1709879486 1
1709879499 1
1709879514 1
1709879526 1
1709879541 1
1709879549 1
1709879553 1
1709879565 1
1709879577 1
1709879589 1
1709879599 1
1709879605 1
1709879613 1
1709879626 1
1709879636 1
1709879653 1
1709879661 1
1709879665 1
1709879677 1
1709879692 1
1709879698 1
1709879704 1
1709879708 1
1709879717 1
3740896101 1
1709879259 1
3395435377 8
1709879694 1
1974933900 100
1709879259 1
1709879267 1
1709879279 1
1709879282 1
1709879291 1
1709879303 1
1709879306 1
1709879315 1
1709879327 1
1709879333 1
1709879339 1
1709879342 1
1709879351 1
1709879363 1
1709879375 1
1709879386 1
1709879398 1
1709879412 1
1709879424 1
1709879433 1
1709879436 1
1709879446 1
1709879448 1
1709879459 1
1709879472 1
1709879475 1
1709879484 1
1709879494 1
1709879496 1
1709879508 1
1709879514 1
1709879520 1
1709879529 1
1709879532 1
1709879544 1
1709879549 1
1709879556 1
1709879558 1
1709879568 1
1709879578 1
1709879593 1
1709879599 1
1709879605 1
1709879617 1
1709879626 1
1709879629 1
1709879636 1
1709879641 1
1709879653 1
1709879661 1
1709879665 1
1709879677 1
1709879682 1
1709879684 1
1709879689 1
1709879697 1
1709879701 1
1709879708 1
1709879713 1
1709879725 1
1709879737 1
1709879741 1
1709879747 1
1709879749 1
1709879761 1
1709879764 1
1709879776 1
1709879785 1
1709879789 1
1709879801 1
1709879813 1
1709879816 1
1709879825 1
1709879827 1
1709879837 1
1709879843 1
1709879849 1
1900998145 11
1709879724 1
1709879726 1
1709879731 1
1709879737 1
1709879741 1
1709879743 1
1709879747 1
1709879755 1
1709879764 1
1709879767 1
2105443380 105
1709879259 1
1709879267 1
1709879271 1
1709879282 1
1709879291 1
1709879295 1
1709879306 1
1709879316 1
1709879319 1
1709879328 1
1709879332 1
1709879342 1
1709879356 1
1709879363 1
1709879368 1
1709879380 1
1709879386 1
1709879392 1
1709879398 1
1709879404 1
1709879413 1
1709879416 1
1709879425 1
1709879428 1
1709879433 1
1709879440 1
1709879446 1
1709879452 1
1709879459 1
1709879464 1
1709879475 1
1709879488 1
1709879494 1
1709879501 1
1709879513 1
1709879525 1
1709879529 1
1709879537 1
1709879549 1
1709879558 1
1709879561 1
1709879573 1
1709879578 1
1709879585 1
1709879597 1
1709879599 1
1709879605 1
1709879609 1
1709879621 1
1709879626 1
1709879633 1
1709879636 1
1709879645 1
1709879657 1
1709879661 1
1709879669 1
1709879682 1
1709879694 1
1709879697 1
1709879706 1
1709879708 1
1709879718 1
1709879726 1
1709879730 1
1709879737 1
1709879741 1
1709879747 1
1709879754 1
1709879764 1
1709879778 1
1709879785 1
1709879790 1
1709879801 1
1709879814 1
1709879816 1
1709879826 1
1709879838 1
1709879843 1
1709879850 1
1857352923 104
1709879259 1
1709879262 1
1709879274 1
1709879282 1
1709879286 1
1709879291 1
1709879298 1
1709879306 1
1709879310 1
1709879316 1
1709879322 1
1709879328 1
1709879333 1
1709879342 1
1709879346 1
1709879358 1
1709879363 1
1709879370 1
1709879373 1
1709879386 1
1709879398 1
1709879410 1
1709879413 1
1709879422 1
1709879425 1
1709879433 1
1709879446 1
1709879458 1
1709879470 1
1709879475 1
1709879482 1
1709879494 1
1709879506 1
1709879514 1
1709879518 1
1709879529 1
1709879543 1
1709879549 1
1709879555 1
1709879558 1
1709879567 1
1709879578 1
1709879591 1
1709879599 1
1709879603 1
1709879615 1
1709879626 1
1709879636 1
1709879639 1
1709879651 1
1709879661 1
1709879675 1
1709879682 1
1709879687 1
1709879697 1
1709879700 1
1709879708 1
1709879712 1
1709879724 1
1709879726 1
1709879736 1
1709879741 1
1709879747 1
1709879760 1
1709879764 1
1709879772 1
1709879784 1
1709879796 1
1709879802 1
1709879808 1
1709879816 1
1709879820 1
1709879827 1
1709879832 1
1709879843 1
465241414 101
1709879259 1
1709879264 1
1709879267 1
1709879276 1
1709879282 1
1709879288 1
1709879291 1
1709879300 1
1709879306 1
1709879312 1
1709879316 1
1709879324 1
1709879328 1
1709879333 1
1709879336 1
1709879342 1
1709879348 1
1709879360 1
1709879363 1
1709879372 1
1709879385 1
1709879397 1
1709879409 1
1709879413 1
1709879421 1
1709879425 1
1709879433 1
1709879445 1
1709879457 1
1709879459 1
1709879469 1
1709879475 1
1709879481 1
1709879493 1
1709879505 1
1709879514 1
1709879517 1
1709879529 1
1709879541 1
1709879549 1
1709879553 1
1709879558 1
1709879566 1
1709879578 1
1709879590 1
1709879599 1
1709879602 1
1709879605 1
1709879614 1
1709879626 1
1709879636 1
1709879650 1
1709879661 1
1709879674 1
1709879682 1
1709879686 1
1709879697 1
1709879708 1
1709879710 1
1709879723 1
1709879726 1
1709879735 1
1709879737 1
1709879741 1
1709879747 1
1709879759 1
1709879764 1
1709879771 1
1709879783 1
1709879785 1
1709879795 1
1709879802 1
1709879807 1
1709879816 1
1709879819 1
1709879827 1
1709879831 1
1709879843 1
1709879855 1
2869505165 103
1709879259 1
1709879267 1
1709879280 1
1709879282 1
1709879291 1
1709879304 1
1709879306 1
1709879316 1
1709879328 1
1709879333 1
1709879340 1
1709879342 1
1709879352 1
1709879363 1
1709879377 1
1709879386 1
1709879389 1
1709879398 1
1709879401 1
1709879413 1
1709879425 1
1709879435 1
1709879441 1
1709879446 1
1709879449 1
1709879451 1
1709879458 1
1709879470 1
1709879475 1
1709879482 1
1709879494 1
1709879506 1
1709879514 1
1709879518 1
1709879529 1
1709879531 1
1709879543 1
1709879550 1
1709879556 1
1709879562 1
1709879568 1
1709879579 1
1709879581 1
1709879583 1
1709879601 1
1709879608 1
1709879612 1
1709879614 1
1709879616 1
1709879618 1
1709879620 1
1709879624 1
1709879638 1
1709879650 1
1709879661 1
1709879675 1
1709879684 1
1709879687 1
1709879692 1
1709879699 1
1709879705 1
1709879709 1
1709879725 1
1709879727 1
1709879740 1
1709879762 1
1709879764 1
1709879778 1
1709879785 1
1709879787 1
1709879789 1
1709879791 1
1709879806 1
1709879812 1
1709879830 1
1709879848 1
3084034798 102
1709879259 1
1709879267 1
1709879270 1
1709879282 1
1709879291 1
1709879294 1
1709879297 1
1709879306 1
1709879309 1
1709879316 1
1709879321 1
1709879328 1
1709879333 1
1709879342 1
1709879345 1
1709879357 1
1709879363 1
1709879369 1
1709879381 1
1709879386 1
1709879393 1
1709879398 1
1709879405 1
1709879413 1
1709879417 1
1709879425 1
1709879429 1
1709879433 1
1709879441 1
1709879446 1
1709879453 1
1709879458 1
1709879465 1
1709879475 1
1709879477 1
1709879489 1
1709879494 1
1709879502 1
1709879514 1
1709879526 1
1709879529 1
1709879538 1
1709879549 1
1709879558 1
1709879562 1
1709879574 1
1709879578 1
1709879586 1
1709879598 1
1709879605 1
1709879610 1
1709879622 1
1709879626 1
1709879634 1
1709879636 1
1709879646 1
1709879658 1
1709879661 1
1709879670 1
1709879682 1
1709879694 1
1709879697 1
1709879706 1
1709879708 1
1709879718 1
1709879726 1
1709879730 1
1709879737 1
1709879741 1
1709879747 1
1709879754 1
1709879764 1
1709879766 1
1709879778 1
1709879785 1
1709879790 1
1709879801 1
1709879815 1
1709879827 1
1709879839 1
1709879843 1
1709879851 1
2028696737 1
1709879259 1
3722145123 1
1709879258 1
3722004902 1
1709879258 1
1905054939 1
1709879258 1
453828518 3
1709879254 1
1709879256 1
1709879268 1
3745721845 31
1709879254 1
1709879262 1
1709879267 1
1709879274 1
1709879281 1
1709879286 1
1709879293 1
1709879298 1
1709879301 1
1709879308 1
1709879310 1
1709879316 1
1709879320 1
1709879322 1
1709879331 1
1709879334 1
1709879339 1
1709879346 1
1709879355 1
1709879358 1
1709879364 1
1709879370 1
1709879383 1
1881743130 136
1709879254 1
1709879260 1
1709879262 1
1709879267 1
1709879272 1
1709879275 1
1709879281 1
1709879284 1
1709879287 1
1709879293 1
1709879296 1
1709879301 1
1709879308 1
1709879316 1
1709879320 1
1709879331 1
1709879333 1
1709879339 1
1709879345 1
1709879347 1
1709879355 1
1709879364 1
1709879369 1
1709879372 1
1709879378 1
1709879381 1
1709879387 1
1709879393 1
1709879402 1
1709879405 1
1709879411 1
1709879417 1
1709879419 1
1709879427 1
1709879429 1
1709879433 1
1709879441 1
1709879448 1
1709879453 1
1709879456 1
1709879462 1
1709879465 1
1709879471 1
1709879477 1
1709879479 1
1709879487 1
1709879489 1
1709879494 1
1709879501 1
1709879508 1
1709879513 1
1709879516 1
1709879524 1
1709879531 1
1709879538 1
1709879545 1
1709879550 1
1709879554 1
1709879560 1
1709879562 1
1709879566 1
1709879574 1
1709879580 1
1709879586 1
1709879589 1
1709879597 1
1709879605 1
1709879610 1
1709879614 1
1709879620 1
1709879622 1
1709879628 1
1709879634 1
1709879642 1
1709879646 1
1709879649 1
1709879657 1
1709879665 1
1709879670 1
1709879672 1
1709879678 1
1709879682 1
1709879686 1
1709879693 1
1709879702 1
1709879706 1
1709879710 1
1709879718 1
1709879727 1
1709879730 1
1709879735 1
1709879742 1
1709879745 1
1709879753 1
1709879761 1
1709879766 1
1709879770 1
1709879778 1
1709879786 1
1709879790 1
1709879795 1
1709879802 1
1709879811 1
1709879814 1
1709879822 1
1709879826 1
1709879830 1
1709879838 1
1709879847 1
1709879850 1
176283407 537
1709879253 14
1709879254 36
1709879255 9
1709879256 11
1709879257 7
1709879258 8
1709879259 22
1709879260 2
1709879261 3
1709879262 12
1709879263 1
1709879264 2
1709879265 8
1709879266 3
1709879267 16
1709879268 2
1709879269 4
1709879270 3
1709879271 4
1709879272 1
1709879274 2
1709879275 8
1709879276 1
1709879279 2
1709879280 3
1709879281 9
1709879282 8
1709879283 1
1709879284 1
1709879285 2
1709879286 2
1709879287 7
1709879288 1
1709879290 1
1709879291 10
1709879292 1
1709879293 9
1709879294 2
1709879295 2
1709879296 1
1709879297 1
1709879298 2
1709879300 1
1709879301 8
1709879303 1
1709879304 2
1709879305 4
1709879306 9
1709879307 3
1709879308 5
1709879309 2
1709879310 3
1709879312 1
1709879315 2
1709879316 17
1709879318 1
1709879319 3
1709879320 6
1709879321 2
1709879322 2
1709879324 1
1709879325 1
1709879326 1
1709879327 2
1709879328 7
1709879329 3
1709879330 1
1709879331 9
1709879333 10
1709879334 2
1709879336 2
1709879337 1
1709879339 8
1709879340 1
1709879341 3
1709879342 9
1709879343 1
1709879344 2
1709879345 3
1709879346 4
1709879347 7
1709879348 1
1709879351 2
1709879352 1
1709879353 3
1709879354 3
1709879355 7
1709879356 2
1709879357 1
1709879358 3
1709879359 2
1709879360 1
1709879361 1
1709879363 10
1709879364 8
1709879366 5
1709879367 1
1709879368 1
1709879369 2
1709879370 3
1709879372 8
1709879373 1
1709879374 4
1709879375 1
1709879376 2
1709879377 4
1709879378 9
1709879380 1
1709879381 2
1709879382 1
1709879383 1
1709879384 1
1709879385 2
1709879386 9
1709879387 7
1709879389 4
1709879390 3
1709879391 1
1709879392 1
1709879393 2
1709879394 8
1709879396 1
1709879397 2
1709879398 9
1709879400 1
1709879401 4
1709879402 8
1709879404 1
1709879405 3
1709879406 2
1709879409 2
1709879410 2
1709879411 8
1709879413 9
1709879414 4
1709879415 1
1709879416 2
1709879417 2
1709879418 1
1709879419 8
1709879421 2
1709879422 2
1709879424 9
1709879425 1
1709879426 4
1709879427 6
1709879428 1
1709879429 2
1709879430 1
1709879433 15
1709879436 3
1709879437 2
1709879438 5
1709879439 1
1709879440 1
1709879441 3
1709879442 8
1709879445 1
1709879446 9
1709879447 1
1709879448 8
1709879449 1
1709879450 3
1709879451 3
1709879452 1
1709879453 2
1709879454 1
1709879456 9
1709879457 1
1709879458 7
1709879459 1
1709879461 1
1709879462 8
1709879463 1
1709879464 1
1709879465 3
1709879466 2
1709879469 1
1709879470 3
1709879471 8
1709879472 1
1709879473 2
1709879474 3
1709879475 9
1709879476 3
1709879477 2
1709879478 1
1709879479 8
1709879481 1
1709879482 3
1709879483 1
1709879484 1
1709879485 2
1709879486 4
1709879487 7
1709879488 1
1709879489 2
1709879490 1
1709879491 1
1709879493 1
1709879494 15
1709879496 2
1709879498 5
1709879499 1
1709879500 2
1709879501 2
1709879502 8
1709879505 1
1709879506 4
1709879507 1
1709879508 8
1709879509 2
1709879510 3
1709879511 2
1709879512 1
1709879513 3
1709879514 8
1709879515 1
1709879516 7
1709879517 2
1709879518 2
1709879519 1
1709879520 1
1709879522 3
1709879523 1
1709879524 8
1709879525 2
1709879526 3
1709879527 2
1709879529 8
1709879530 1
1709879531 7
1709879532 1
1709879534 2
1709879535 2
1709879536 1
1709879537 4
1709879538 2
1709879539 9
1709879541 2
1709879542 2
1709879543 2
1709879544 1
1709879545 8
1709879546 1
1709879547 3
1709879548 1
1709879549 10
1709879550 1
1709879551 2
1709879553 2
1709879554 8
1709879555 2
1709879556 1
1709879557 1
1709879558 9
1709879559 2
1709879560 7
1709879561 1
1709879562 2
1709879563 2
1709879565 1
1709879566 9
1709879567 2
1709879568 2
1709879570 2
1709879571 2
1709879572 1
1709879573 2
1709879574 8
1709879575 1
1709879577 2
1709879578 9
1709879579 1
1709879580 7
1709879582 2
1709879583 2
1709879584 1
1709879585 3
1709879586 2
1709879587 3
1709879589 8
1709879590 1
1709879591 2
1709879592 1
1709879594 2
1709879595 3
1709879596 1
1709879597 9
1709879598 2
1709879599 8
1709879600 1
1709879602 2
1709879603 2
1709879605 15
1709879607 3
1709879608 1
1709879609 2
1709879610 2
1709879611 2
1709879613 2
1709879614 9
1709879615 1
1709879616 1
1709879617 2
1709879618 3
1709879619 1
1709879620 8
1709879621 1
1709879622 2
1709879623 3
1709879625 1
1709879626 7
1709879627 3
1709879628 6
1709879629 1
1709879630 2
1709879631 1
1709879632 2
1709879633 2
1709879634 8
1709879635 1
1709879636 7
1709879637 1
1709879638 1
1709879639 3
1709879641 1
1709879642 9
1709879644 1
1709879645 4
1709879646 2
1709879647 3
1709879649 7
1709879650 3
1709879651 3
1709879653 2
1709879654 1
1709879655 1
1709879656 2
1709879657 9
1709879658 2
1709879659 2
1709879661 8
1709879663 2
1709879665 8
1709879667 2
1709879668 2
1709879669 1
1709879670 4
1709879671 2
1709879672 7
1709879674 1
1709879675 4
1709879677 3
1709879678 8
1709879680 2
1709879681 1
1709879682 9
1709879684 2
1709879686 8
1709879687 3
1709879688 1
1709879689 2
1709879690 2
1709879691 1
1709879692 3
1709879693 8
1709879694 4
1709879695 1
1709879696 1
1709879697 9
1709879699 1
1709879700 1
1709879701 1
1709879702 8
1709879704 2
1709879705 3
1709879706 4
1709879707 2
1709879708 8
1709879709 1
1709879710 10
1709879712 2
1709879713 1
1709879715 1
1709879716 3
1709879717 2
1709879718 10
1709879720 2
1709879722 1
1709879723 2
1709879724 6
1709879725 1
1709879726 8
1709879727 8
1709879728 2
1709879729 1
1709879730 4
1709879731 2
1709879732 2
1709879735 8
1709879736 1
1709879737 8
1709879738 1
1709879739 1
1709879740 3
1709879741 9
1709879742 2
1709879743 2
1709879744 2
1709879745 7
1709879747 9
1709879748 2
1709879749 2
1709879751 1
1709879752 3
1709879753 7
1709879754 2
1709879755 3
1709879756 2
1709879758 1
1709879759 3
1709879760 3
1709879761 7
1709879764 11
1709879765 2
1709879766 3
1709879767 2
1709879768 2
1709879769 1
1709879770 8
1709879771 1
1709879772 2
1709879775 1
1709879776 4
1709879777 1
1709879778 10
1709879779 5
1709879780 1
1709879783 2
1709879784 2
1709879785 8
1709879786 8
1709879788 1
1709879789 2
1709879790 4
1709879791 1
1709879792 1
1709879793 1
1709879795 9
1709879796 2
1709879797 1
1709879798 1
1709879799 3
1709879800 2
1709879801 11
1709879802 1
1709879803 7
1709879804 1
1709879806 1
1709879807 2
1709879808 3
1709879810 1
1709879811 7
1709879813 2
1709879814 3
1709879815 2
1709879816 7
1709879818 1
1709879819 3
1709879820 2
1709879822 8
1709879824 1
1709879825 4
1709879826 6
1709879827 5
1709879828 1
1709879830 9
1709879831 1
1709879832 1
1709879833 1
1709879834 2
1709879835 1
1709879836 1
1709879837 3
1709879838 3
1709879839 9
1709879840 1
1709879842 1
1709879843 7
1709879844 1
1709879845 1
1709879846 2
1709879847 7
1709879848 1
1709879849 3
1709879850 2
1709879851 2
1709879852 1
1709879854 1
1709879855 1
1709879856 2
664973714 1
1709879262 1
465474748 1
1709879260 1
1864991126 2
1709879254 1
1709879262 1
3083383591 3
1709879254 1
1709879258 1
1709879270 1
1881757023 9
1709879254 1
1709879259 1
1709879262 1
1709879267 1
1709879271 1
1709879275 1
1709879285 1
1880427694 1
1709879255 1
3748300858 2
1709879254 1
1709879261 1
1894389061 2
1709879254 1
1709879266 1
3663520489 1
1709879254 1
1851316228 9
1709879344 1
1709879347 1
1709879354 1
1709879364 1
1709879366 1
1709879372 1
1709879378 1
3658918150 22
1709879254 1
1709879259 1
1709879262 1
1709879267 1
1709879271 1
1709879275 1
1709879281 1
1709879287 1
1709879293 1
1709879301 1
1709879307 1
1709879316 1
1709879320 1
1709879322 1
1709879331 1
1709879334 1
1929246386 35
1709879359 1
1709879364 1
1709879372 1
1709879377 1
1709879387 1
1709879389 1
1709879394 1
1709879401 1
1709879411 1
1709879413 1
1709879419 1
1709879425 1
1709879427 1
1709879433 1
1709879437 1
1709879442 1
1709879448 1
1709879456 1
1709879461 1
1709879471 1
1709879473 1
1709879479 1
1709879486 1
1709879494 1
1709879498 1
2075004032 1
1709879258 1
3060009358 2
1709879253 1
1709879265 1
2569337882 131
1709879254 1
1709879259 1
1709879262 1
1709879267 1
1709879271 1
1709879275 1
1709879281 1
1709879287 1
1709879293 1
1709879301 1
1709879307 1
1709879316 1
1709879319 1
1709879331 1
1709879339 1
1709879343 1
1709879347 1
1709879355 1
1709879364 1
1709879367 1
1709879372 1
1709879378 1
1709879387 1
1709879391 1
1709879394 1
1709879402 1
1709879411 1
1709879415 1
1709879419 1
1709879427 1
1709879433 1
1709879439 1
1709879442 1
1709879448 1
1709879452 1
1709879456 1
1709879462 1
1709879471 1
1709879476 1
1709879479 1
1709879487 1
1709879494 1
1709879500 1
1709879502 1
1709879508 1
1709879512 1
1709879516 1
1709879524 1
1709879531 1
1709879536 1
1709879539 1
1709879545 1
1709879548 1
1709879554 1
1709879560 1
1709879566 1
1709879572 1
1709879574 1
1709879580 1
1709879584 1
1709879589 1
1709879596 1
1709879605 1
1709879608 1
1709879614 1
1709879620 1
1709879628 1
1709879632 1
1709879634 1
1709879642 1
1709879649 1
1709879656 1
1709879665 1
1709879668 1
1709879672 1
1709879678 1
1709879680 1
1709879686 1
1709879693 1
1709879702 1
1709879705 1
1709879710 1
1709879717 1
1709879727 1
1709879729 1
1709879735 1
1709879741 1
1709879745 1
1709879753 1
1709879761 1
1709879765 1
1709879770 1
1709879777 1
1709879786 1
1709879789 1
1709879795 1
1709879801 1
1709879803 1
1709879811 1
1709879822 1
1709879825 1
1709879830 1
1709879837 1
1709879839 1
1709879847 1
1709879849 1
1033587869 1
1709879255 1
1974869082 2
1709879253 1
1709879265 1
2032411969 2
1709879285 1
1709879645 1
2059656517 1
1709879258 1
1882321972 2
1709879254 1
1709879259 1
3746220354 1
1709879253 1
1021059269 1
1709879262 1
3720906168 1
1709879256 1
2018802601 1
1709879256 1
1928324131 2
1709879253 1
2029274176 1
1709879359 1
1857686381 2
1709879254 1
1709879266 1
1974919322 1
1709879256 1
1912271654 76
1709879259 1
1709879267 1
1709879280 1
1709879282 1
1709879291 1
1709879304 1
1709879306 1
1709879316 1
1709879328 1
1709879333 1
1709879341 1
1709879353 1
1709879363 1
1709879377 1
1709879386 1
1709879389 1
1709879398 1
1709879401 1
1709879413 1
1709879425 1
1709879433 1
1709879437 1
1709879446 1
1709879449 1
1709879459 1
1709879473 1
1709879475 1
1709879485 1
1709879494 1
1709879498 1
1709879510 1
1709879514 1
1709879522 1
1709879529 1
1709879534 1
1709879546 1
1709879549 1
1709879558 1
1709879570 1
1709879578 1
1709879582 1
1709879594 1
1709879599 1
1709879605 1
1709879618 1
1709879626 1
1709879630 1
1709879636 1
1709879643 1
1709879646 1
1709879658 1
1709879661 1
1709879670 1
1709879682 1
1709879694 1
2075590098 2
1709879253 1
2883432458 1
1709879258 1
29431689 1
1709879257 1
1863467975 126
1709879254 1
1709879257 1
1709879269 1
1709879281 1
1709879287 1
1709879293 1
1709879301 1
1709879305 1
1709879308 1
1709879316 1
1709879320 1
1709879329 1
1709879331 1
1709879339 1
1709879341 1
1709879347 1
1709879353 1
1709879355 1
1709879364 1
1709879372 1
1709879377 1
1709879387 1
1709879389 1
1709879394 1
1709879402 1
1709879411 1
1709879414 1
1709879419 1
1709879426 1
1709879433 1
1709879438 1
1709879442 1
1709879448 1
1709879450 1
1709879456 1
1709879462 1
1709879471 1
1709879474 1
1709879479 1
1709879486 1
1709879494 1
1709879498 1
1709879502 1
1709879508 1
1709879510 1
1709879516 1
1709879522 1
1709879524 1
1709879531 1
1709879534 1
1709879539 1
1709879545 1
1709879554 1
1709879558 1
1709879560 1
1709879566 1
1709879570 1
1709879574 1
1709879580 1
1709879582 1
1709879589 1
1709879594 1
1709879597 1
1709879605 1
1709879614 1
1709879618 1
1709879620 1
1709879628 1
1709879630 1
1709879634 1
1709879642 1
1709879649 1
1709879654 1
1709879657 1
1709879665 1
1709879672 1
1709879678 1
1709879686 1
1709879690 1
1709879693 1
1709879702 1
1709879710 1
1709879715 1
1709879718 1
1709879727 1
1709879735 1
1709879739 1
1709879745 1
1709879751 1
1709879753 1
1709879761 1
1709879770 1
1709879775 1
1709879778 1
1709879786 1
1709879795 1
1709879799 1
1709879803 1
1709879811 1
1709879822 1
1709879830 1
1709879835 1
1709879839 1
1709879847 1
3745724089 1
1709879257 1
664100620 28
1709879254 1
1709879262 1
1709879267 1
1709879275 1
1709879281 1
1709879287 1
1709879291 1
1709879293 1
1709879301 1
1709879308 1
1709879315 1
1709879320 1
1709879327 1
1709879331 1
1709879339 1
1709879347 1
1709879351 1
1709879355 1
1709879363 1
2044964678 3
1709879253 1
2028673667 5
1709879253 1
1709879256 1
1709879265 1
1709879268 1
1885703204 2
1709879253 1
1709879266 1
1974287414 135
1709879254 1
1709879256 1
1709879262 1
1709879267 1
1709879275 1
1709879280 1
1709879287 1
1709879293 1
1709879301 1
1709879308 1
1709879313 1
1709879316 1
1709879320 1
1709879325 1
1709879331 1
1709879337 1
1709879347 1
1709879355 1
1709879361 1
1709879364 1
1709879372 1
1709879376 1
1709879378 1
1709879387 1
1709879394 1
1709879400 1
1709879402 1
1709879411 1
1709879419 1
1709879424 1
1709879427 1
1709879433 1
1709879436 1
1709879442 1
1709879448 1
1709879451 1
1709879456 1
1709879463 1
1709879471 1
1709879479 1
1709879487 1
1709879491 1
1709879494 1
1709879502 1
1709879508 1
1709879515 1
1709879524 1
1709879527 1
1709879531 1
1709879539 1
1709879545 1
1709879551 1
1709879554 1
1709879560 1
1709879563 1
1709879566 1
1709879574 1
1709879580 1
1709879587 1
1709879597 1
1709879599 1
1709879605 1
1709879611 1
1709879614 1
1709879620 1
1709879623 1
1709879628 1
1709879634 1
1709879642 1
1709879647 1
1709879657 1
1709879659 1
1709879665 1
1709879672 1
1709879678 1
1709879684 1
1709879693 1
1709879696 1
1709879702 1
1709879708 1
1709879710 1
1709879718 1
1709879727 1
1709879732 1
1709879744 1
1709879753 1
1709879759 1
1709879761 1
1709879770 1
1709879778 1
1709879783 1
1709879787 1
1709879795 1
1709879803 1
1709879807 1
1709879812 1
1709879822 1
1709879830 1
1709879834 1
1709879839 1
1709879846 1
2043441168 68
1709879254 1
1709879257 1
1709879262 1
1709879267 1
1709879269 1
1709879275 1
1709879281 1
1709879287 1
1709879293 1
1709879301 1
1709879306 1
1709879316 1
1709879318 1
1709879330 1
1709879339 1
1709879342 1
1709879354 1
1709879366 1
1709879378 1
1709879390 1
1709879402 1
1709879414 1
1709879426 1
1709879439 1
1709879451 1
1709879463 1
1709879471 1
1709879475 1
1709879487 1
1709879499 1
1709879502 1
1709879508 1
1709879511 1
1709879523 1
1709879535 1
1709879547 1
1709879559 1
1709879571 1
1709879583 1
1709879595 1
1709879607 1
1709879620 1
1709879632 1
1709879644 1
1709879656 1
1709879668 1
1709879680 1
1709879692 1
1709879704 1
1709879716 1
1709879728 1
1709879740 1
1709879752 1
1709879764 1
1709879776 1
1709879778 1
1709879786 1
1709879789 1
1709879801 1
1709879813 1
1709879825 1
1709879837 1
1709879849 1
2102677092 104
1709879259 1
1709879267 1
1709879270 1
1709879282 1
1709879291 1
1709879294 1
1709879306 1
1709879309 1
1709879316 1
1709879321 1
1709879328 1
1709879333 1
1709879342 1
1709879346 1
1709879358 1
1709879363 1
1709879370 1
1709879382 1
1709879386 1
1709879394 1
1709879398 1
1709879406 1
1709879413 1
1709879418 1
1709879425 1
1709879430 1
1709879442 1
1709879446 1
1709879454 1
1709879459 1
1709879466 1
1709879475 1
1709879478 1
1709879490 1
1709879494 1
1709879502 1
1709879514 1
1709879527 1
1709879539 1
1709879549 1
1709879551 1
1709879558 1
1709879563 1
1709879575 1
1709879578 1
1709879587 1
1709879599 1
1709879605 1
1709879611 1
1709879623 1
1709879626 1
1709879635 1
1709879647 1
1709879659 1
1709879671 1
1709879682 1
1709879695 1
1709879697 1
1709879708 1
1709879710 1
1709879720 1
1709879726 1
1709879732 1
1709879737 1
1709879741 1
1709879744 1
1709879747 1
1709879756 1
1709879764 1
1709879768 1
1709879780 1
1709879785 1
1709879792 1
1709879801 1
1709879804 1
1709879816 1
1709879827 1
1709879840 1
1709879843 1
1709879852 1
3546759929 1
1709879254 1
143015326 2
1709879405 1
1709879766 1
1033989541 3
1709879253 1
1974919333 125
1709879254 1
1709879257 1
1709879269 1
1709879281 1
1709879293 1
1709879305 1
1709879308 1
1709879316 1
1709879320 1
1709879329 1
1709879331 1
1709879339 1
1709879341 1
1709879347 1
1709879354 1
1709879364 1
1709879366 1
1709879372 1
1709879378 1
1709879387 1
1709879390 1
1709879394 1
1709879402 1
1709879411 1
1709879414 1
1709879419 1
1709879426 1
1709879433 1
1709879438 1
1709879442 1
1709879448 1
1709879450 1
1709879456 1
1709879462 1
1709879471 1
1709879474 1
1709879479 1
1709879486 1
1709879494 1
1709879498 1
1709879502 1
1709879508 1
1709879510 1
1709879516 1
1709879523 1
1709879531 1
1709879535 1
1709879539 1
1709879545 1
1709879547 1
1709879554 1
1709879559 1
1709879566 1
1709879571 1
1709879574 1
1709879580 1
1709879583 1
1709879589 1
1709879595 1
1709879597 1
1709879605 1
1709879607 1
1709879614 1
1709879619 1
1709879628 1
1709879631 1
1709879634 1
1709879642 1
1709879649 1
1709879655 1
1709879657 1
1709879665 1
1709879667 1
1709879672 1
1709879678 1
1709879686 1
1709879691 1
1709879693 1
1709879702 1
1709879704 1
1709879710 1
1709879716 1
1709879718 1
1709879727 1
1709879735 1
1709879740 1
1709879745 1
1709879752 1
1709879761 1
1709879764 1
1709879770 1
1709879776 1
1709879778 1
1709879786 1
1709879795 1
1709879800 1
1709879803 1
1709879812 1
1709879822 1
1709879824 1
1709879830 1
1709879836 1
1709879839 1
1709879847 1
3083184523 1
1709879254 1
3658004524 1
1709879254 1
2053152156 2
1709879253 1
1709879265 1
720940698 2
1709879254 1
1709879266 1
1879101196 1
1709879254 1
3745652962 1
1709879255 1
2342201202 1
1709879585 1
3740747046 1
1709879255 1
1984879814 1
1709879255 1
1785884143 1
1709879255 1
1895100937 1
1709879253 1
1880529465 1
1709879255 1
3723303068 1
1709879264 1
3663146851 1
1709879256 1
3736978419 3
1709879259 1
1709879267 1
1709879279 1
2073710600 2
1709879254 1
1709879261 1
3083519477 1
1709879255 1
143002614 60
1709879255 1
1709879265 1
1709879275 1
1709879285 1
1709879295 1
1709879306 1
1709879316 1
1709879326 1
1709879336 1
1709879346 1
1709879356 1
1709879366 1
1709879376 1
1709879386 1
1709879396 1
1709879406 1
1709879416 1
1709879426 1
1709879436 1
1709879446 1
1709879456 1
1709879466 1
1709879476 1
1709879486 1
1709879496 1
1709879507 1
1709879517 1
1709879527 1
1709879537 1
1709879547 1
1709879557 1
1709879567 1
1709879577 1
1709879587 1
1709879597 1
1709879607 1
1709879617 1
1709879627 1
1709879637 1
1709879647 1
1709879657 1
1709879667 1
1709879677 1
1709879687 1
1709879697 1
1709879708 1
1709879718 1
1709879728 1
1709879738 1
1709879748 1
1709879758 1
1709879768 1
1709879778 1
1709879788 1
1709879798 1
1709879808 1
1709879818 1
1709879828 1
1709879838 1
1709879848 1
1968763359 1
1709879256 1
1895109117 1
1709879256 1
3083524996 1
1709879256 1
1881606595 1
1709879257 1
0 6
1709879253 1
1709879259 1
1709879724 1
1912245731 1
1709879257 1
658618215 1
1709879257 1
1709879800 1
1709879803 1
1709879807 1
1709879819 1
1709879828 1
1709879831 1
1709879844 1
1709879855 1
1709879780 1
1709879786 1
1709879788 1
1709879796 1
1709879798 1
1709879804 1
1709879811 1
1709879813 1
1709879823 1
1709879832 1
1709879835 1
1709879840 1
1709879848 1
1709879751 1
1709879754 1
1709879763 1
1709879771 1
1709879775 1
1709879725 1
1709879728 1
1709879732 1
1709879738 1
1709879742 1
1709879744 1
1709879748 1
1709879756 1
1709879765 1
1709879768 1
1709879770 1
1709879780 1
1709879786 1
1709879792 1
1709879804 1
1709879818 1
1709879828 1
1709879840 1
1709879844 1
1709879852 1
1709879526 1
1709879510 1
1709879514 1
1709879518 1
1709879526 1
1709879532 1
1709879538 1
1709879541 1
1709879546 1
1709879550 1
1709879555 1
1709879562 1
1709879568 1
1709879575 1
1709879581 1
1709879586 1
1709879590 1
1709879598 1
1709879606 1
1709879610 1
1709879615 1
1709879622 1
1709879629 1
1709879635 1
1709879644 1
1709879647 1
1709879650 1
1709879659 1
1709879667 1
1709879671 1
1709879674 1
1709879679 1
1709879683 1
1709879687 1
1709879695 1
1709879703 1
1709879707 1
1709879711 1
1709879720 1
1709879728 1
1709879731 1
1709879736 1
1709879743 1
1709879746 1
1709879755 1
1709879763 1
1709879767 1
1709879772 1
1709879779 1
1709879466 1
1709879827 1
1709879375 1
1709879379 1
1709879386 1
1709879388 1
1709879396 1
1709879398 1
1709879403 1
1709879410 1
1709879412 1
1709879420 1
1709879422 1
1709879428 1
1709879434 1
1709879446 1
1709879449 1
1709879459 1
1709879464 1
1709879472 1
1709879481 1
1709879483 1
1709879488 1
1709879495 1
1709879503 1
1709879507 1
1709879509 1
1709879519 1
1709879525 1
1709879532 1
1709879541 1
1709879543 1
1709879546 1
1709879555 1
1709879561 1
1709879567 1
1709879575 1
1709879579 1
1709879581 1
1709879591 1
1709879598 1
1709879603 1
1709879606 1
1709879616 1
1709879621 1
1709879629 1
1709879635 1
1709879641 1
1709879644 1
1709879650 1
1709879653 1
1709879658 1
1709879667 1
1709879674 1
1709879676 1
1709879679 1
1709879688 1
1709879694 1
1709879700 1
1709879703 1
1709879712 1
1709879720 1
1709879724 1
1709879728 1
1709879736 1
1709879746 1
1709879748 1
1709879375 1
1709879379 1
1709879388 1
1709879395 1
1709879399 1
1709879403 1
1709879412 1
1709879420 1
1709879424 1
1709879428 1
1709879434 1
1709879436 1
1709879445 1
1709879449 1
1709879458 1
1709879460 1
1709879464 1
1709879472 1
1709879481 1
1709879484 1
1709879488 1
1709879496 1
1709879503 1
1709879509 1
1709879518 1
1709879520 1
1709879525 1
1709879532 1
1709879541 1
1709879544 1
1709879546 1
1709879556 1
1709879561 1
1709879568 1
1709879575 1
1709879581 1
1709879590 1
1709879592 1
1709879598 1
1709879606 1
1709879616 1
1709879621 1
1709879629 1
1709879635 1
1709879641 1
1709879644 1
1709879650 1
1709879653 1
1709879658 1
1709879666 1
1709879674 1
1709879677 1
1709879679 1
1709879687 1
1709879689 1
1709879694 1
1709879701 1
1709879703 1
1709879711 1
1709879713 1
1709879720 1
1709879725 1
1709879728 1
1709879737 1
1709879746 1
1709879749 1
1709879754 1
1709879763 1
1709879775 1
1709879779 1
1709879785 1
1709879788 1
1709879797 1
1709879804 1
1709879810 1
1709879813 1
1709879821 1
1709879823 1
1709879833 1
1709879840 1
1709879845 1
1709879848 1
1709879346 1
1709879706 1
1709879291 1
1709879266 1
1709879266 1
1709879264 1
1709879263 1
1709879262 1
1709879780 1
1709879789 1
1709879796 1
1709879801 1
1709879804 1
1709879813 1
1709879823 1
1709879832 1
1709879834 1
1709879840 1
1709879846 1
1709879848 1
1709879260 1
1709879260 1
1709879260 1
1709879270 1
1709879282 1
1709879292 1
1709879294 1
1709879306 1
1709879318 1
1709879330 1
1709879336 1
1709879343 1
1709879355 1
1709879365 1
1709879367 1
1709879379 1
1709879391 1
1709879400 1
1709879403 1
1709879415 1
1709879427 1
1709879439 1
1709879447 1
1709879451 1
1709879463 1
1709879476 1
1709879487 1
1709879500 1
1709879516 1
1709879527 1
1709879542 1
1709879551 1
1709879554 1
1709879566 1
1709879580 1
1709879590 1
1709879602 1
1709879607 1
1709879614 1
1709879628 1
1709879639 1
1709879654 1
1709879663 1
1709879666 1
1709879678 1
1709879693 1
1709879699 1
1709879705 1
1709879711 1
1709879718 1
1709879260 1
1709879702 1
1709879260 1
1709879268 1
1709879280 1
1709879283 1
1709879293 1
1709879304 1
1709879307 1
1709879318 1
1709879329 1
1709879334 1
1709879340 1
1709879344 1
1709879352 1
1709879365 1
1709879376 1
1709879388 1
1709879400 1
1709879415 1
1709879426 1
1709879434 1
1709879437 1
1709879447 1
1709879449 1
1709879461 1
1709879473 1
1709879476 1
1709879485 1
1709879495 1
1709879498 1
1709879509 1
1709879515 1
1709879522 1
1709879530 1
1709879534 1
1709879545 1
1709879550 1
1709879557 1
1709879559 1
1709879570 1
1709879581 1
1709879594 1
1709879600 1
1709879607 1
1709879618 1
1709879627 1
1709879630 1
1709879638 1
1709879642 1
1709879654 1
1709879663 1
1709879666 1
1709879678 1
1709879683 1
1709879686 1
1709879690 1
1709879699 1
1709879702 1
1709879709 1
1709879714 1
1709879728 1
1709879738 1
1709879742 1
1709879748 1
1709879751 1
1709879762 1
1709879765 1
1709879777 1
1709879786 1
1709879790 1
1709879803 1
1709879814 1
1709879818 1
1709879826 1
1709879829 1
1709879838 1
1709879844 1
1709879850 1
1709879725 1
1709879728 1
1709879732 1
1709879738 1
1709879742 1
1709879744 1
1709879748 1
1709879756 1
1709879765 1
1709879768 1
1709879260 1
1709879269 1
1709879272 1
1709879284 1
1709879293 1
1709879296 1
1709879308 1
1709879318 1
1709879320 1
1709879329 1
1709879334 1
1709879345 1
1709879357 1
1709879365 1
1709879369 1
1709879381 1
1709879388 1
1709879393 1
1709879400 1
1709879405 1
1709879415 1
1709879417 1
1709879426 1
1709879429 1
1709879434 1
1709879441 1
1709879447 1
1709879453 1
1709879460 1
1709879465 1
1709879477 1
1709879489 1
1709879495 1
1709879502 1
1709879515 1
1709879526 1
1709879530 1
1709879538 1
1709879550 1
1709879559 1
1709879562 1
1709879574 1
1709879580 1
1709879586 1
1709879598 1
1709879601 1
1709879607 1
1709879610 1
1709879622 1
1709879627 1
1709879634 1
1709879638 1
1709879646 1
1709879658 1
1709879663 1
1709879670 1
1709879683 1
1709879695 1
1709879699 1
1709879707 1
1709879709 1
1709879720 1
1709879728 1
1709879731 1
1709879738 1
1709879743 1
1709879748 1
1709879755 1
1709879767 1
1709879779 1
1709879786 1
1709879791 1
1709879803 1
1709879815 1
1709879817 1
1709879828 1
1709879839 1
1709879844 1
1709879851 1
1709879260 1
1709879263 1
1709879275 1
1709879283 1
1709879287 1
1709879292 1
1709879300 1
1709879307 1
1709879312 1
1709879318 1
1709879324 1
1709879329 1
1709879336 1
1709879344 1
1709879347 1
1709879359 1
1709879365 1
1709879372 1
1709879374 1
1709879388 1
1709879400 1
1709879411 1
1709879415 1
1709879424 1
1709879426 1
1709879435 1
1709879447 1
1709879461 1
1709879471 1
1709879476 1
1709879483 1
1709879495 1
1709879507 1
1709879515 1
1709879519 1
1709879531 1
1709879544 1
1709879551 1
1709879556 1
1709879559 1
1709879568 1
1709879580 1
1709879592 1
1709879601 1
1709879607 1
1709879616 1
1709879628 1
1709879638 1
1709879641 1
1709879653 1
1709879665 1
1709879676 1
1709879683 1
1709879688 1
1709879699 1
1709879701 1
1709879709 1
1709879713 1
1709879725 1
1709879728 1
1709879738 1
1709879742 1
1709879749 1
1709879761 1
1709879765 1
1709879775 1
1709879786 1
1709879797 1
1709879803 1
1709879810 1
1709879818 1
1709879821 1
1709879829 1
1709879833 1
1709879845 1
1709879260 1
1709879265 1
1709879269 1
1709879279 1
1709879283 1
1709879290 1
1709879292 1
1709879301 1
1709879307 1
1709879313 1
1709879318 1
1709879325 1
1709879329 1
1709879334 1
1709879337 1
1709879344 1
1709879349 1
1709879361 1
1709879365 1
1709879373 1
1709879388 1
1709879400 1
1709879410 1
1709879415 1
1709879422 1
1709879427 1
1709879434 1
1709879447 1
1709879458 1
1709879460 1
1709879470 1
1709879476 1
1709879482 1
1709879495 1
1709879506 1
1709879515 1
1709879518 1
1709879530 1
1709879542 1
1709879550 1
1709879554 1
1709879559 1
1709879567 1
1709879580 1
1709879591 1
1709879601 1
1709879603 1
1709879607 1
1709879615 1
1709879627 1
1709879639 1
1709879651 1
1709879663 1
1709879675 1
1709879683 1
1709879687 1
1709879699 1
1709879709 1
1709879711 1
1709879724 1
1709879728 1
1709879736 1
1709879738 1
1709879742 1
1709879748 1
1709879760 1
1709879766 1
1709879772 1
1709879784 1
1709879787 1
1709879796 1
1709879803 1
1709879808 1
1709879817 1
1709879820 1
1709879828 1
1709879832 1
1709879844 1
1709879856 1
1709879260 1
1709879269 1
1709879281 1
1709879283 1
1709879293 1
1709879305 1
1709879307 1
1709879318 1
1709879329 1
1709879334 1
1709879341 1
1709879344 1
1709879353 1
1709879366 1
1709879378 1
1709879388 1
1709879390 1
1709879400 1
1709879402 1
1709879415 1
1709879427 1
1709879436 1
1709879445 1
1709879447 1
1709879450 1
1709879452 1
1709879460 1
1709879471 1
1709879476 1
1709879483 1
1709879495 1
1709879507 1
1709879515 1
1709879519 1
1709879530 1
1709879532 1
1709879544 1
1709879551 1
1709879557 1
1709879563 1
1709879570 1
1709879580 1
1709879582 1
1709879584 1
1709879602 1
1709879609 1
1709879613 1
1709879615 1
1709879617 1
1709879619 1
1709879621 1
1709879627 1
1709879639 1
1709879651 1
1709879665 1
1709879676 1
1709879686 1
1709879688 1
1709879694 1
1709879700 1
1709879706 1
1709879711 1
1709879726 1
1709879728 1
1709879743 1
1709879763 1
1709879766 1
1709879779 1
1709879786 1
1709879788 1
1709879790 1
1709879792 1
1709879807 1
1709879814 1
1709879836 1
1709879849 1
1709879260 1
1709879268 1
1709879271 1
1709879283 1
1709879292 1
1709879295 1
1709879298 1
1709879307 1
1709879310 1
1709879317 1
1709879322 1
1709879329 1
1709879334 1
1709879344 1
1709879346 1
1709879358 1
1709879365 1
1709879370 1
1709879382 1
1709879388 1
1709879394 1
1709879400 1
1709879406 1
1709879414 1
1709879418 1
1709879426 1
1709879430 1
1709879435 1
1709879442 1
1709879447 1
1709879454 1
1709879460 1
1709879466 1
1709879476 1
1709879478 1
1709879490 1
1709879495 1
1709879503 1
1709879515 1
1709879527 1
1709879530 1
1709879539 1
1709879551 1
1709879559 1
1709879563 1
1709879575 1
1709879580 1
1709879587 1
1709879600 1
1709879607 1
1709879611 1
1709879623 1
1709879627 1
1709879635 1
1709879638 1
1709879647 1
1709879659 1
1709879663 1
1709879671 1
1709879684 1
1709879695 1
1709879699 1
1709879707 1
1709879710 1
1709879720 1
1709879728 1
1709879731 1
1709879738 1
1709879743 1
1709879748 1
1709879755 1
1709879765 1
1709879767 1
1709879779 1
1709879786 1
1709879791 1
1709879803 1
1709879818 1
1709879828 1
1709879840 1
1709879844 1
1709879852 1
1709879260 1
1709879259 1
1709879259 1
1709879259 1
1709879255 1
1709879257 1
1709879269 1
1709879255 1
1709879263 1
1709879268 1
1709879276 1
1709879283 1
1709879288 1
1709879295 1
1709879300 1
1709879303 1
1709879309 1
1709879312 1
1709879317 1
1709879321 1
1709879324 1
1709879332 1
1709879336 1
1709879340 1
1709879348 1
1709879356 1
1709879359 1
1709879365 1
1709879374 1
1709879384 1
1709879255 1
1709879261 1
1709879263 1
1709879268 1
1709879274 1
1709879276 1
1709879283 1
1709879285 1
1709879288 1
1709879295 1
1709879297 1
1709879303 1
1709879310 1
1709879317 1
1709879322 1
1709879332 1
1709879334 1
1709879340 1
1709879346 1
1709879348 1
1709879358 1
1709879365 1
1709879370 1
1709879373 1
1709879379 1
1709879382 1
1709879388 1
1709879395 1
1709879403 1
1709879406 1
1709879412 1
1709879418 1
1709879421 1
1709879428 1
1709879430 1
1709879434 1
1709879445 1
1709879449 1
1709879454 1
1709879458 1
1709879464 1
1709879466 1
1709879472 1
1709879478 1
1709879481 1
1709879488 1
1709879490 1
1709879495 1
1709879503 1
1709879509 1
1709879514 1
1709879518 1
1709879526 1
1709879532 1
1709879541 1
1709879546 1
1709879551 1
1709879555 1
1709879561 1
1709879563 1
1709879567 1
1709879575 1
1709879581 1
1709879587 1
1709879590 1
1709879599 1
1709879606 1
1709879611 1
1709879615 1
1709879621 1
1709879623 1
1709879629 1
1709879635 1
1709879644 1
1709879647 1
1709879650 1
1709879659 1
1709879666 1
1709879671 1
1709879674 1
1709879679 1
1709879683 1
1709879687 1
1709879695 1
1709879703 1
1709879707 1
1709879711 1
1709879720 1
1709879728 1
1709879731 1
1709879736 1
1709879743 1
1709879746 1
1709879755 1
1709879763 1
1709879767 1
1709879771 1
1709879779 1
1709879788 1
1709879791 1
1709879796 1
1709879804 1
1709879813 1
1709879815 1
1709879823 1
1709879827 1
1709879831 1
1709879840 1
1709879848 1
1709879851 1
1709879254 7
1709879255 38
1709879256 11
1709879257 13
1709879258 7
1709879259 8
1709879260 22
1709879261 2
1709879262 3
1709879263 6
1709879264 8
1709879265 2
1709879266 8
1709879267 3
1709879268 10
1709879269 8
1709879270 4
1709879271 3
1709879272 4
1709879274 1
1709879275 1
1709879276 7
1709879279 2
1709879280 3
1709879281 2
1709879282 4
1709879283 11
1709879284 4
1709879285 1
1709879286 2
1709879287 1
1709879288 8
1709879290 1
1709879291 1
1709879292 5
1709879293 5
1709879294 3
1709879295 6
1709879296 5
1709879297 1
1709879298 1
1709879300 2
1709879301 1
1709879303 7
1709879304 2
1709879305 2
1709879306 4
1709879307 7
1709879308 2
1709879309 7
1709879310 3
1709879312 2
1709879313 2
1709879317 9
1709879318 10
1709879319 1
1709879320 1
1709879321 6
1709879322 3
1709879324 3
1709879325 1
1709879326 1
1709879327 1
1709879328 1
1709879329 7
1709879330 4
1709879331 1
1709879332 9
1709879334 8
1709879336 4
1709879337 2
1709879340 9
1709879341 1
1709879342 2
1709879343 2
1709879344 8
1709879345 3
1709879346 3
1709879347 3
1709879348 6
1709879349 2
1709879351 1
1709879352 2
1709879353 1
1709879354 3
1709879355 2
1709879356 5
1709879357 4
1709879358 2
1709879359 3
1709879360 2
1709879361 1
1709879363 1
1709879364 1
1709879365 13
1709879366 4
1709879367 5
1709879368 1
1709879369 1
1709879370 2
1709879372 2
1709879373 6
1709879374 4
1709879375 4
1709879376 1
1709879377 2
1709879378 2
1709879379 10
1709879380 1
1709879381 1
1709879382 2
1709879383 1
1709879384 1
1709879385 1
1709879386 1
1709879387 1
1709879388 15
1709879389 1
1709879390 4
1709879391 3
1709879392 1
1709879393 1
1709879394 1
1709879395 2
1709879396 7
1709879397 1
1709879398 1
1709879399 1
1709879400 9
1709879401 1
1709879402 2
1709879403 9
1709879404 1
1709879405 1
1709879406 3
1709879409 2
1709879410 2
1709879411 1
1709879412 8
1709879413 1
1709879414 2
1709879415 11
1709879416 1
1709879417 2
1709879418 2
1709879419 1
1709879420 7
1709879421 1
1709879422 2
1709879424 1
1709879425 1
1709879426 7
1709879427 5
1709879428 8
1709879429 1
1709879430 2
1709879434 12
1709879435 3
1709879436 1
1709879437 3
1709879438 2
1709879439 5
1709879440 1
1709879441 1
1709879442 2
1709879445 8
1709879446 1
1709879447 9
1709879449 9
1709879450 2
1709879451 3
1709879452 3
1709879453 1
1709879454 2
1709879456 1
1709879457 3
1709879458 6
1709879460 6
1709879461 2
1709879462 1
1709879463 1
1709879464 8
1709879465 2
1709879466 3
1709879469 2
1709879470 1
1709879471 2
1709879472 9
1709879473 1
1709879474 2
1709879475 2
1709879476 9
1709879477 4
1709879478 2
1709879479 1
1709879481 8
1709879482 1
1709879483 3
1709879484 1
1709879485 1
1709879486 2
1709879487 2
1709879488 5
1709879489 5
1709879490 2
1709879491 1
1709879493 1
1709879495 15
1709879496 1
1709879498 2
1709879499 5
1709879500 1
1709879501 2
1709879502 1
1709879503 8
1709879505 1
1709879506 1
1709879507 4
1709879509 9
1709879510 2
1709879511 3
1709879512 2
1709879513 1
1709879514 2
1709879515 7
1709879516 2
1709879518 9
1709879519 3
1709879520 1
1709879522 1
1709879523 3
1709879524 1
1709879525 6
1709879526 4
1709879527 3
1709879529 2
1709879530 6
1709879531 2
1709879532 8
1709879534 1
1709879535 2
1709879536 2
1709879537 1
1709879538 4
1709879539 2
1709879541 9
1709879542 2
1709879543 2
1709879544 2
1709879545 1
1709879546 7
1709879547 2
1709879548 3
1709879549 1
1709879550 7
1709879551 4
1709879553 2
1709879554 2
1709879555 7
1709879556 3
1709879557 1
1709879558 1
1709879559 8
1709879560 1
1709879561 8
1709879562 2
1709879563 2
1709879565 2
1709879566 1
1709879567 7
1709879568 4
1709879570 2
1709879571 2
1709879572 2
1709879573 1
1709879574 1
1709879575 8
1709879577 2
1709879578 1
1709879579 2
1709879580 6
1709879581 10
1709879583 2
1709879584 2
1709879585 1
1709879586 3
1709879587 2
1709879589 2
1709879590 8
1709879591 2
1709879592 2
1709879593 1
1709879595 2
1709879596 3
1709879598 8
1709879599 3
1709879600 3
1709879601 6
1709879602 1
1709879603 2
1709879606 7
1709879607 9
1709879608 3
1709879609 2
1709879610 2
1709879611 2
1709879612 2
1709879614 2
1709879615 8
1709879616 2
1709879617 1
1709879618 2
1709879619 3
1709879621 8
1709879622 2
1709879623 2
1709879624 3
1709879627 5
1709879628 4
1709879629 8
1709879630 1
1709879631 2
1709879632 1
1709879633 2
1709879634 1
1709879635 8
1709879636 1
1709879638 7
1709879639 3
1709879641 3
1709879642 1
1709879643 1
1709879644 7
1709879645 2
1709879646 4
1709879647 2
1709879649 2
1709879650 8
1709879651 3
1709879653 3
1709879654 2
1709879655 1
1709879656 1
1709879657 1
1709879658 8
1709879659 4
1709879661 1
1709879663 8
1709879665 1
1709879666 6
1709879667 4
1709879668 2
1709879669 2
1709879670 1
1709879671 4
1709879672 1
1709879674 8
1709879675 1
1709879676 4
1709879678 3
1709879679 7
1709879680 1
1709879681 2
1709879683 6
1709879684 2
1709879686 3
1709879687 8
1709879688 4
1709879689 1
1709879690 2
1709879691 2
1709879692 1
1709879693 2
1709879694 7
1709879695 5
1709879696 1
1709879697 1
1709879698 1
1709879699 6
1709879700 3
1709879701 1
1709879702 2
1709879703 7
1709879704 1
1709879705 2
1709879706 3
1709879707 4
1709879708 1
1709879709 6
1709879710 2
1709879711 10
1709879712 1
1709879713 2
1709879714 1
1709879716 1
1709879717 4
1709879718 1
1709879720 10
1709879722 3
1709879723 1
1709879724 2
1709879725 6
1709879728 16
1709879729 3
1709879730 1
1709879731 4
1709879732 2
1709879735 1
1709879736 8
1709879737 1
1709879738 8
1709879739 2
1709879740 1
1709879741 2
1709879742 6
1709879743 6
1709879744 2
1709879745 1
1709879746 7
1709879747 1
1709879748 8
1709879749 3
1709879751 2
1709879752 1
1709879753 2
1709879754 6
1709879755 4
1709879756 3
1709879758 2
1709879759 1
1709879760 3
1709879761 1
1709879762 1
1709879763 7
1709879764 1
1709879765 8
1709879766 4
1709879767 4
1709879768 2
1709879769 2
1709879770 1
1709879771 5
1709879772 3
1709879775 3
1709879776 1
1709879777 4
1709879779 11
1709879780 5
1709879783 1
1709879784 2
1709879785 1
1709879786 6
1709879787 1
1709879788 7
1709879789 4
1709879790 2
1709879791 4
1709879792 1
1709879793 1
1709879795 1
1709879796 8
1709879797 3
1709879798 1
1709879799 1
1709879800 3
1709879801 2
1709879802 2
1709879803 7
1709879804 9
1709879806 2
1709879807 1
1709879808 2
1709879810 3
1709879813 7
1709879814 3
1709879815 3
1709879816 1
1709879817 2
1709879818 5
1709879819 2
1709879820 3
1709879821 2
1709879823 7
1709879824 1
1709879825 1
1709879826 4
1709879827 2
1709879828 5
1709879829 4
1709879830 1
1709879831 3
1709879832 6
1709879833 2
1709879834 1
1709879835 2
1709879836 1
1709879837 1
1709879838 3
1709879839 2
1709879840 10
1709879842 1
1709879844 6
1709879845 3
1709879846 1
1709879848 8
1709879849 2
1709879850 3
1709879851 2
1709879852 2
1709879854 1
1709879855 1
1709879856 1
1709879263 1
1709879261 1
1709879255 1
1709879263 1
1709879255 1
1709879259 1
1709879271 1
1709879255 1
1709879260 1
1709879264 1
1709879268 1
1709879272 1
1709879279 1
1709879286 1
1709879256 1
1709879255 1
1709879262 1
1709879255 1
1709879267 1
1709879255 1
1709879345 1
1709879349 1
1709879356 1
1709879365 1
1709879367 1
1709879373 1
1709879379 1
1709879255 1
1709879260 1
1709879263 1
1709879268 1
1709879272 1
1709879276 1
1709879284 1
1709879288 1
1709879296 1
1709879303 1
1709879309 1
1709879317 1
1709879321 1
1709879324 1
1709879332 1
1709879336 1
1709879360 1
1709879366 1
1709879373 1
1709879379 1
1709879388 1
1709879390 1
1709879396 1
1709879403 1
1709879412 1
1709879414 1
1709879420 1
1709879426 1
1709879428 1
1709879434 1
1709879438 1
1709879445 1
1709879450 1
1709879458 1
1709879464 1
1709879472 1
1709879474 1
1709879481 1
1709879489 1
1709879495 1
1709879499 1
1709879259 1
1709879254 1
1709879266 1
1709879255 1
1709879260 1
1709879264 1
1709879269 1
1709879272 1
1709879276 1
1709879284 1
1709879288 1
1709879296 1
1709879303 1
1709879309 1
1709879317 1
1709879321 1
1709879332 1
1709879340 1
1709879344 1
1709879348 1
1709879356 1
1709879365 1
1709879368 1
1709879373 1
1709879380 1
1709879388 1
1709879392 1
1709879395 1
1709879404 1
1709879412 1
1709879416 1
1709879420 1
1709879428 1
1709879434 1
1709879440 1
1709879445 1
1709879449 1
1709879453 1
1709879457 1
1709879465 1
1709879472 1
1709879477 1
1709879481 1
1709879489 1
1709879495 1
1709879501 1
1709879503 1
1709879509 1
1709879513 1
1709879518 1
1709879525 1
1709879532 1
1709879537 1
1709879541 1
1709879546 1
1709879549 1
1709879555 1
1709879561 1
1709879567 1
1709879573 1
1709879575 1
1709879581 1
1709879585 1
1709879590 1
1709879598 1
1709879606 1
1709879609 1
1709879615 1
1709879621 1
1709879629 1
1709879633 1
1709879635 1
1709879645 1
1709879650 1
1709879658 1
1709879666 1
1709879669 1
1709879674 1
1709879679 1
1709879681 1
1709879687 1
1709879694 1
1709879703 1
1709879706 1
1709879711 1
1709879720 1
1709879728 1
1709879730 1
1709879736 1
1709879742 1
1709879746 1
1709879754 1
1709879763 1
1709879766 1
1709879771 1
1709879779 1
1709879788 1
1709879790 1
1709879796 1
1709879802 1
1709879804 1
1709879814 1
1709879823 1
1709879826 1
1709879831 1
1709879838 1
1709879840 1
1709879848 1
1709879850 1
1709879256 1
1709879254 1
1709879266 1
1709879286 1
1709879646 1
1709879259 1
1709879255 1
1709879260 1
1709879254 1
1709879263 1
1709879257 1
1709879257 1
1709879255 1
1709879360 1
1709879255 1
1709879267 1
1709879257 1
1709879260 1
1709879269 1
1709879281 1
1709879283 1
1709879293 1
1709879305 1
1709879307 1
1709879318 1
1709879330 1
1709879334 1
1709879344 1
1709879354 1
1709879366 1
1709879378 1
1709879388 1
1709879390 1
1709879400 1
1709879402 1
1709879415 1
1709879426 1
1709879434 1
1709879438 1
1709879447 1
1709879450 1
1709879462 1
1709879474 1
1709879476 1
1709879486 1
1709879495 1
1709879499 1
1709879511 1
1709879515 1
1709879523 1
1709879530 1
1709879535 1
1709879547 1
1709879551 1
1709879559 1
1709879571 1
1709879580 1
1709879583 1
1709879595 1
1709879601 1
1709879607 1
1709879619 1
1709879627 1
1709879631 1
1709879638 1
1709879644 1
1709879647 1
1709879659 1
1709879663 1
1709879671 1
1709879686 1
1709879695 1
1709879255 1
1709879259 1
1709879258 1
1709879255 1
1709879258 1
1709879270 1
1709879283 1
1709879288 1
1709879294 1
1709879303 1
1709879306 1
1709879309 1
1709879318 1
1709879321 1
1709879330 1
1709879332 1
1709879340 1
1709879342 1
1709879348 1
1709879354 1
1709879356 1
1709879366 1
1709879374 1
1709879379 1
1709879388 1
1709879390 1
1709879396 1
1709879403 1
1709879412 1
1709879415 1
1709879420 1
1709879428 1
1709879434 1
1709879439 1
1709879445 1
1709879449 1
1709879451 1
1709879458 1
1709879464 1
1709879472 1
1709879475 1
1709879481 1
1709879488 1
1709879495 1
1709879499 1
1709879503 1
1709879509 1
1709879511 1
1709879518 1
1709879523 1
1709879525 1
1709879532 1
1709879535 1
1709879541 1
1709879547 1
1709879555 1
1709879559 1
1709879561 1
1709879567 1
1709879571 1
1709879575 1
1709879581 1
1709879583 1
1709879590 1
1709879595 1
1709879598 1
1709879607 1
1709879615 1
1709879619 1
1709879621 1
1709879629 1
1709879631 1
1709879635 1
1709879644 1
1709879650 1
1709879655 1
1709879658 1
1709879667 1
1709879674 1
1709879679 1
1709879687 1
1709879691 1
1709879694 1
1709879704 1
1709879711 1
1709879716 1
1709879720 1
1709879728 1
1709879736 1
1709879740 1
1709879746 1
1709879752 1
1709879754 1
1709879764 1
1709879771 1
1709879776 1
1709879779 1
1709879788 1
1709879796 1
1709879800 1
1709879804 1
1709879813 1
1709879824 1
1709879831 1
1709879836 1
1709879840 1
1709879848 1
1709879258 1
1709879255 1
1709879264 1
1709879268 1
1709879280 1
1709879283 1
1709879288 1
1709879292 1
1709879295 1
1709879304 1
1709879309 1
1709879317 1
1709879321 1
1709879328 1
1709879332 1
1709879340 1
1709879348 1
1709879352 1
1709879357 1
1709879364 1
1709879256 1
1709879255 1
1709879257 1
1709879266 1
1709879269 1
1709879254 1
1709879267 1
1709879255 1
1709879257 1
1709879264 1
1709879269 1
1709879276 1
1709879283 1
1709879288 1
1709879296 1
1709879303 1
1709879309 1
1709879315 1
1709879317 1
1709879321 1
1709879326 1
1709879332 1
1709879340 1
1709879351 1
1709879357 1
1709879363 1
1709879365 1
1709879373 1
1709879377 1
1709879379 1
1709879389 1
1709879396 1
1709879401 1
1709879403 1
1709879413 1
1709879420 1
1709879425 1
1709879428 1
1709879434 1
1709879437 1
1709879445 1
1709879449 1
1709879452 1
1709879458 1
1709879465 1
1709879472 1
1709879481 1
1709879489 1
1709879493 1
1709879495 1
1709879505 1
1709879509 1
1709879518 1
1709879525 1
1709879529 1
1709879532 1
1709879541 1
1709879546 1
1709879553 1
1709879555 1
1709879561 1
1709879565 1
1709879567 1
1709879577 1
1709879581 1
1709879590 1
1709879598 1
1709879600 1
1709879606 1
1709879612 1
1709879615 1
1709879621 1
1709879624 1
1709879629 1
1709879636 1
1709879644 1
1709879650 1
1709879658 1
1709879661 1
1709879667 1
1709879674 1
1709879679 1
1709879687 1
1709879694 1
1709879697 1
1709879703 1
1709879709 1
1709879711 1
1709879722 1
1709879728 1
1709879736 1
1709879746 1
1709879754 1
1709879760 1
1709879763 1
1709879772 1
1709879779 1
1709879784 1
1709879788 1
1709879796 1
1709879804 1
1709879808 1
1709879813 1
1709879823 1
1709879832 1
1709879835 1
1709879840 1
1709879848 1
1709879255 1
1709879258 1
1709879264 1
1709879268 1
1709879270 1
1709879276 1
1709879283 1
1709879288 1
1709879295 1
1709879303 1
1709879307 1
1709879317 1
1709879319 1
1709879331 1
1709879340 1
1709879343 1
1709879355 1
1709879367 1
1709879379 1
1709879391 1
1709879403 1
1709879415 1
1709879427 1
1709879440 1
1709879452 1
1709879464 1
1709879472 1
1709879476 1
1709879488 1
1709879500 1
1709879503 1
1709879509 1
1709879512 1
1709879524 1
1709879536 1
1709879548 1
1709879560 1
1709879572 1
1709879584 1
1709879596 1
1709879608 1
1709879621 1
1709879633 1
1709879645 1
1709879657 1
1709879669 1
1709879681 1
1709879693 1
1709879705 1
1709879717 1
1709879729 1
1709879741 1
1709879753 1
1709879765 1
1709879777 1
1709879779 1
1709879788 1
1709879790 1
1709879802 1
1709879814 1
1709879826 1
1709879838 1
1709879850 1
1709879260 1
1709879268 1
1709879271 1
1709879283 1
1709879292 1
1709879295 1
1709879308 1
1709879310 1
1709879318 1
1709879322 1
1709879329 1
1709879336 1
1709879344 1
1709879347 1
1709879359 1
1709879365 1
1709879372 1
1709879383 1
1709879388 1
1709879395 1
1709879400 1
1709879409 1
1709879415 1
1709879419 1
1709879426 1
1709879434 1
1709879445 1
1709879447 1
1709879456 1
1709879460 1
1709879469 1
1709879476 1
1709879479 1
1709879491 1
1709879495 1
1709879503 1
1709879515 1
1709879530 1
1709879541 1
1709879550 1
1709879553 1
1709879559 1
1709879565 1
1709879577 1
1709879579 1
1709879589 1
1709879600 1
1709879607 1
1709879612 1
1709879624 1
1709879628 1
1709879638 1
1709879649 1
1709879663 1
1709879672 1
1709879684 1
1709879696 1
1709879699 1
1709879709 1
1709879711 1
1709879722 1
1709879728 1
1709879735 1
1709879739 1
1709879743 1
1709879745 1
1709879748 1
1709879758 1
1709879765 1
1709879769 1
1709879783 1
1709879786 1
1709879793 1
1709879803 1
1709879806 1
1709879818 1
1709879829 1
1709879842 1
1709879844 1
1709879854 1
1709879255 1
1709879406 1
1709879767 1
1709879256 1
1709879255 1
1709879258 1
1709879270 1
1709879282 1
1709879294 1
1709879306 1
1709879309 1
1709879318 1
1709879321 1
1709879330 1
1709879332 1
1709879340 1
1709879342 1
1709879348 1
1709879356 1
1709879365 1
1709879367 1
1709879373 1
1709879379 1
1709879388 1
1709879391 1
1709879396 1
1709879403 1
1709879412 1
1709879415 1
1709879420 1
1709879428 1
1709879434 1
1709879439 1
1709879445 1
1709879449 1
1709879451 1
1709879457 1
1709879464 1
1709879472 1
1709879475 1
1709879481 1
1709879489 1
1709879495 1
1709879499 1
1709879503 1
1709879509 1
1709879511 1
1709879518 1
1709879525 1
1709879532 1
1709879536 1
1709879541 1
1709879546 1
1709879548 1
1709879555 1
1709879561 1
1709879567 1
1709879572 1
1709879575 1
1709879581 1
1709879584 1
1709879590 1
1709879596 1
1709879599 1
1709879606 1
1709879608 1
1709879615 1
1709879621 1
1709879629 1
1709879632 1
1709879635 1
1709879644 1
1709879650 1
1709879656 1
1709879658 1
1709879666 1
1709879668 1
1709879674 1
1709879680 1
1709879687 1
1709879692 1
1709879694 1
1709879703 1
1709879705 1
1709879711 1
1709879717 1
1709879720 1
1709879729 1
1709879736 1
1709879741 1
1709879746 1
1709879754 1
1709879763 1
1709879765 1
1709879771 1
1709879777 1
1709879779 1
1709879789 1
1709879796 1
1709879801 1
1709879804 1
1709879813 1
1709879823 1
1709879825 1
1709879832 1
1709879837 1
1709879840 1
1709879849 1
1709879255 1
1709879255 1
1709879254 1
1709879266 1
1709879255 1
1709879267 1
1709879255 1
1709879256 1
1709879586 1
1709879256 1
1709879256 1
1709879256 1
1709879254 1
1709879256 1
1709879265 1
1709879257 1
1709879260 1
1709879268 1
1709879280 1
1709879255 1
1709879262 1
1709879256 1
1709879256 1
1709879266 1
1709879276 1
1709879286 1
1709879296 1
1709879307 1
1709879317 1
1709879327 1
1709879337 1
1709879347 1
1709879357 1
1709879367 1
1709879377 1
1709879387 1
1709879397 1
1709879409 1
1709879417 1
1709879427 1
1709879437 1
1709879447 1
1709879457 1
1709879469 1
1709879477 1
1709879487 1
1709879498 1
1709879508 1
1709879518 1
1709879529 1
1709879538 1
1709879548 1
1709879558 1
1709879568 1
1709879578 1
1709879589 1
1709879598 1
1709879608 1
1709879618 1
1709879628 1
1709879638 1
1709879649 1
1709879658 1
1709879668 1
1709879678 1
1709879688 1
1709879698 1
1709879709 1
1709879720 1
1709879729 1
1709879739 1
1709879749 1
1709879759 1
1709879769 1
1709879779 1
1709879789 1
1709879799 1
1709879810 1
1709879819 1
1709879829 1
1709879839 1
1709879849 1
1709879257 1
1709879257 1
1709879257 1
1709879258 1
1709879257 1
1709879260 1
1709879725 1
1709879258 1
1709879258 1
