26
73
26
25
16
16
42
5
7
26
14
4
15
7
32
16
8
6
8
2
0
4
18
6
0
0
6
6
20
30
7
2
5
4
16
2
0
2
20
10
20
18
10
2
2
4
0
2
16
16
4
4
7
19
9
16
6
5
0
3
1
0
4
38
20
2
5
16
7
6
0
2
2
2
4
16
8
2
17
1
20
9
0
4
2
0
18
2
6
20
18
5
6
8
16
6
2
0
4
2
5
7
16
10
4
6
4
2
2
0
19
34
8
10
2
2
4
6
0
18
7
6
2
4
8
22
2
2
4
2
2
1
4
20
32
2
8
6
2
2
4
18
12
2
4
20
18
2
7
20
2
2
6
4
0
0
4
4
17
3
18
22
2
4
4
2
16
2
4
4
0
12
20
14
16
2
4
2
0
0
31
6
3
6
4
8
3
2
6
19
0
0
4
20
3
19
5
6
6
3
4
2
0
18
14
12
18
6
4
17
18
5
6
4
0
0
2
6
18
2
4
6
20
7
4
2
16
0
2
6
2
2
3
9
18
10
4
2
2
0
2
32
2
4
0
9
3
3
4
19
2
0
2
7
3
18
3
6
3
2
6
18
5
16
20
6
2
2
0
5
3
16
8
5
5
0
16
5
17
2
0
4
4
2
7
4
18
0
4
3
5
2
16
4
6
2
19
10
4
0
4
16
5
3
2
17
5
17
4
5
4
0
2
18
8
4
0
4
4
2
4
18
4
0
4
19
18
19
1
4
5
2
6
4
6
0
18
4
4
1
1
4
5
2
20
7
18
12
3
4
4
0
33
19
7
4
4
4
4
1
3
19
5
2
4
6
2
19
4
4
5
1
2
17
12
16
2
4
2
4
4
18
4
16
18
6
6
0
2
16
17
4
6
6
6
0
16
5
6
0
4
2
2
4
20
8
4
0
18
18
7
0
20
8
4
4
2
8
3
16
0
2
7
1
6
16
2
4
1
19
7
8
0
18
8
2
3
3
2
6
18
12
4
4
18
17
7
5
4
16
2
5
6
8
2
18
7
24
3
5
3
1
3
6
4
22
0
5
0
1
4
11
3
17
34
6
2
8
4
4
0
0
18
4
17
4
2
6
20
12
4
4
16
1
18
6
4
0
2
5
16
8
5
3
0
2
5
6
18
17
2
22
9
9
4
4
2
16
8
6
0
0
2
7
2
23
8
2
0
0
4
4
18
18
20
7
6
7
3
2
1
0
18
5
2
2
5
4
18
19
19
3
0
3
4
6
0
2
12
17
7
5
4
16
12
4
4
5
1
16
2
2
7
9
17
9
1
19
14
5
3
5
3
2
6
6
20
2
0
2
16
5
2
4
17
5
6
4
4
2
0
2
2
3
1
