3035186797 11
1709879799 1
1709879802 1
1709879806 1
1709879816 1
1709879817 1
1709879818 1
1709879827 1
1709879830 1
1709879842 1
1709879843 1
1709879854 1
2415954488 15
1709879779 1
1709879785 1
1709879787 1
1709879795 1
1709879797 1
1709879803 1
1709879810 1
1709879812 1
1709879822 1
1709879830 1
1709879831 1
1709879834 1
1709879839 1
1709879846 1
1709879847 1
3704281259 7
1709879749 1
1709879753 1
1709879760 1
1709879761 1
1709879762 1
1709879770 1
1709879772 1
3748014316 25
1709879724 1
1709879726 1
1709879727 1
1709879731 1
1709879737 1
1709879741 1
1709879743 1
1709879747 1
1709879755 1
1709879764 1
1709879767 1
1709879769 1
1709879779 1
1709879785 1
1709879791 1
1709879801 1
1709879802 1
1709879803 1
1709879815 1
1709879816 1
1709879817 1
1709879827 1
1709879839 1
1709879843 1
1709879851 1
2342192992 1
1709879525 1
3663518648 61
1709879509 1
1709879513 1
1709879516 1
1709879517 1
1709879524 1
1709879525 1
1709879531 1
1709879537 1
1709879539 1
1709879545 1
1709879549 1
1709879554 1
1709879560 1
1709879561 1
1709879566 1
1709879567 1
1709879573 1
1709879574 1
1709879580 1
1709879585 1
1709879589 1
1709879597 1
1709879605 1
1709879609 1
1709879614 1
1709879620 1
1709879621 1
1709879628 1
1709879633 1
1709879634 1
1709879643 1
1709879646 1
1709879649 1
1709879657 1
1709879658 1
1709879665 1
1709879666 1
1709879670 1
1709879672 1
1709879678 1
1709879682 1
1709879686 1
1709879693 1
1709879694 1
1709879702 1
1709879706 1
1709879710 1
1709879718 1
1709879727 1
1709879730 1
1709879735 1
1709879742 1
1709879745 1
1709879753 1
1709879754 1
1709879761 1
1709879762 1
1709879766 1
1709879770 1
1709879771 1
1709879778 1
2672528065 2
1709879465 1
1709879826 1
1912322473 82
1709879374 1
1709879378 1
1709879385 1
1709879387 1
1709879394 1
1709879395 1
1709879397 1
1709879402 1
1709879409 1
1709879411 1
1709879419 1
1709879421 1
1709879427 1
1709879433 1
1709879442 1
1709879445 1
1709879448 1
1709879456 1
1709879457 1
1709879458 1
1709879462 1
1709879463 1
1709879470 1
1709879471 1
1709879479 1
1709879482 1
1709879487 1
1709879494 1
1709879502 1
1709879506 1
1709879508 1
1709879516 1
1709879517 1
1709879518 1
1709879524 1
1709879530 1
1709879531 1
1709879539 1
1709879542 1
1709879545 1
1709879554 1
1709879560 1
1709879566 1
1709879574 1
1709879578 1
1709879580 1
1709879589 1
1709879590 1
1709879597 1
1709879602 1
1709879605 1
1709879614 1
1709879615 1
1709879620 1
1709879627 1
1709879628 1
1709879634 1
1709879639 1
1709879642 1
1709879643 1
1709879649 1
1709879651 1
1709879657 1
1709879663 1
1709879665 1
1709879666 1
1709879672 1
1709879675 1
1709879678 1
1709879686 1
1709879687 1
1709879693 1
1709879699 1
1709879702 1
1709879710 1
1709879711 1
1709879718 1
1709879723 1
1709879727 1
1709879735 1
1709879745 1
1709879747 1
1961331419 109
1709879374 1
1709879378 1
1709879386 1
1709879387 1
1709879394 1
1709879398 1
1709879402 1
1709879410 1
1709879411 1
1709879419 1
1709879422 1
1709879427 1
1709879433 1
1709879435 1
1709879442 1
1709879447 1
1709879448 1
1709879456 1
1709879457 1
1709879459 1
1709879462 1
1709879463 1
1709879471 1
1709879479 1
1709879483 1
1709879487 1
1709879494 1
1709879495 1
1709879502 1
1709879507 1
1709879508 1
1709879516 1
1709879517 1
1709879519 1
1709879524 1
1709879531 1
1709879539 1
1709879543 1
1709879545 1
1709879554 1
1709879555 1
1709879560 1
1709879566 1
1709879567 1
1709879574 1
1709879579 1
1709879580 1
1709879589 1
1709879591 1
1709879597 1
1709879603 1
1709879605 1
1709879614 1
1709879615 1
1709879620 1
1709879627 1
1709879628 1
1709879634 1
1709879639 1
1709879642 1
1709879643 1
1709879649 1
1709879651 1
1709879657 1
1709879663 1
1709879665 1
1709879672 1
1709879676 1
1709879678 1
1709879686 1
1709879688 1
1709879693 1
1709879700 1
1709879702 1
1709879710 1
1709879712 1
1709879718 1
1709879724 1
1709879727 1
1709879735 1
1709879736 1
1709879745 1
1709879748 1
1709879753 1
1709879760 1
1709879761 1
1709879762 1
1709879770 1
1709879771 1
1709879772 1
1709879778 1
1709879784 1
1709879786 1
1709879787 1
1709879795 1
1709879796 1
1709879803 1
1709879808 1
1709879811 1
1709879812 1
1709879820 1
1709879822 1
1709879830 1
1709879831 1
1709879832 1
1709879839 1
1709879844 1
1709879847 1
1709879856 1
2342237808 2
1709879345 1
1709879705 1
2075119982 1
1709879290 1
2075578504 1
1709879265 1
3663518686 1
1709879265 1
2936042868 1
1709879263 1
245097894 1
1709879262 1
3030768317 1
1709879261 1
1882308288 16
1709879779 1
1709879787 1
1709879788 1
1709879795 1
1709879800 1
1709879803 1
1709879812 1
1709879820 1
1709879821 1
1709879822 1
1709879830 1
1709879831 1
1709879833 1
1709879839 1
1709879845 1
1709879847 1
3082697048 1
1709879259 1
3550350037 1
1709879259 1
1969083976 66
1709879259 1
1709879269 1
1709879281 1
1709879291 1
1709879293 1
1709879305 1
1709879316 1
1709879317 1
1709879329 1
1709879333 1
1709879334 1
1709879342 1
1709879354 1
1709879364 1
1709879366 1
1709879378 1
1709879390 1
1709879398 1
1709879399 1
1709879402 1
1709879414 1
1709879425 1
1709879426 1
1709879438 1
1709879446 1
1709879450 1
1709879462 1
1709879474 1
1709879475 1
1709879486 1
1709879499 1
1709879514 1
1709879515 1
1709879526 1
1709879541 1
1709879549 1
1709879550 1
1709879553 1
1709879565 1
1709879577 1
1709879578 1
1709879579 1
1709879589 1
1709879599 1
1709879600 1
1709879601 1
1709879605 1
1709879606 1
1709879613 1
1709879626 1
1709879627 1
1709879636 1
1709879637 1
1709879638 1
1709879653 1
1709879661 1
1709879662 1
1709879665 1
1709879677 1
1709879692 1
1709879698 1
1709879704 1
1709879708 1
1709879709 1
1709879710 1
1709879717 1
3740896101 1
1709879259 1
3395435377 8
1709879694 1
1709879695 1
1709879696 1
1709879697 1
1709879698 1
1709879699 1
1709879700 1
1709879701 1
1974933900 100
1709879259 1
1709879267 1
1709879279 1
1709879282 1
1709879291 1
1709879292 1
1709879303 1
1709879306 1
1709879315 1
1709879316 1
1709879317 1
1709879327 1
1709879328 1
1709879333 1
1709879339 1
1709879342 1
1709879343 1
1709879351 1
1709879363 1
1709879364 1
1709879375 1
1709879386 1
1709879387 1
1709879398 1
1709879399 1
1709879412 1
1709879413 1
1709879414 1
1709879424 1
1709879425 1
1709879433 1
1709879436 1
1709879446 1
1709879448 1
1709879459 1
1709879460 1
1709879472 1
1709879475 1
1709879484 1
1709879494 1
1709879496 1
1709879508 1
1709879514 1
1709879520 1
1709879529 1
1709879532 1
1709879544 1
1709879549 1
1709879556 1
1709879558 1
1709879568 1
1709879578 1
1709879579 1
1709879580 1
1709879593 1
1709879599 1
1709879605 1
1709879606 1
1709879617 1
1709879626 1
1709879629 1
1709879636 1
1709879637 1
1709879641 1
1709879653 1
1709879661 1
1709879662 1
1709879665 1
1709879677 1
1709879682 1
1709879684 1
1709879689 1
1709879697 1
1709879698 1
1709879701 1
1709879708 1
1709879713 1
1709879725 1
1709879726 1
1709879727 1
1709879737 1
1709879741 1
1709879747 1
1709879749 1
1709879761 1
1709879764 1
1709879776 1
1709879785 1
1709879789 1
1709879801 1
1709879802 1
1709879813 1
1709879816 1
1709879817 1
1709879825 1
1709879827 1
1709879828 1
1709879837 1
1709879843 1
1709879849 1
1900998145 11
1709879724 1
1709879726 1
1709879727 1
1709879731 1
1709879737 1
1709879741 1
1709879743 1
1709879747 1
1709879755 1
1709879764 1
1709879767 1
2105443380 105
1709879259 1
1709879267 1
1709879268 1
1709879271 1
1709879282 1
1709879283 1
1709879291 1
1709879292 1
1709879295 1
1709879306 1
1709879307 1
1709879316 1
1709879317 1
1709879319 1
1709879328 1
1709879332 1
1709879333 1
1709879342 1
1709879343 1
1709879344 1
1709879356 1
1709879363 1
1709879364 1
1709879368 1
1709879380 1
1709879386 1
1709879387 1
1709879392 1
1709879398 1
1709879399 1
1709879404 1
1709879413 1
1709879414 1
1709879416 1
1709879425 1
1709879428 1
1709879433 1
1709879440 1
1709879446 1
1709879452 1
1709879459 1
1709879464 1
1709879475 1
1709879476 1
1709879488 1
1709879494 1
1709879501 1
1709879513 1
1709879514 1
1709879525 1
1709879529 1
1709879537 1
1709879549 1
1709879558 1
1709879561 1
1709879573 1
1709879578 1
1709879579 1
1709879585 1
1709879597 1
1709879599 1
1709879600 1
1709879605 1
1709879606 1
1709879609 1
1709879621 1
1709879626 1
1709879633 1
1709879636 1
1709879637 1
1709879645 1
1709879657 1
1709879661 1
1709879662 1
1709879669 1
1709879682 1
1709879694 1
1709879697 1
1709879698 1
1709879706 1
1709879708 1
1709879718 1
1709879726 1
1709879727 1
1709879730 1
1709879737 1
1709879741 1
1709879742 1
1709879747 1
1709879754 1
1709879764 1
1709879765 1
1709879766 1
1709879778 1
1709879785 1
1709879790 1
1709879801 1
1709879802 1
1709879814 1
1709879816 1
1709879826 1
1709879827 1
1709879838 1
1709879843 1
1709879850 1
1857352923 104
1709879259 1
1709879262 1
1709879274 1
1709879282 1
1709879286 1
1709879291 1
1709879298 1
1709879306 1
1709879310 1
1709879316 1
1709879317 1
1709879322 1
1709879328 1
1709879333 1
1709879334 1
1709879342 1
1709879343 1
1709879346 1
1709879358 1
1709879363 1
1709879364 1
1709879370 1
1709879373 1
1709879386 1
1709879387 1
1709879398 1
1709879399 1
1709879410 1
1709879413 1
1709879414 1
1709879422 1
1709879425 1
1709879433 1
1709879434 1
1709879446 1
1709879458 1
1709879459 1
1709879460 1
1709879470 1
1709879475 1
1709879482 1
1709879494 1
1709879506 1
1709879514 1
1709879518 1
1709879529 1
1709879530 1
1709879543 1
1709879549 1
1709879550 1
1709879555 1
1709879558 1
1709879567 1
1709879578 1
1709879579 1
1709879591 1
1709879599 1
1709879600 1
1709879603 1
1709879605 1
1709879606 1
1709879615 1
1709879626 1
1709879627 1
1709879636 1
1709879637 1
1709879639 1
1709879651 1
1709879661 1
1709879662 1
1709879663 1
1709879675 1
1709879682 1
1709879687 1
1709879697 1
1709879698 1
1709879700 1
1709879708 1
1709879712 1
1709879724 1
1709879726 1
1709879727 1
1709879736 1
1709879737 1
1709879741 1
1709879747 1
1709879748 1
1709879760 1
1709879764 1
1709879772 1
1709879784 1
1709879785 1
1709879796 1
1709879802 1
1709879808 1
1709879816 1
1709879817 1
1709879820 1
1709879827 1
1709879828 1
1709879832 1
1709879843 1
1709879844 1
1709879857 1
465241414 101
1709879259 1
1709879264 1
1709879267 1
1709879268 1
1709879276 1
1709879282 1
1709879288 1
1709879291 1
1709879300 1
1709879306 1
1709879312 1
1709879316 1
1709879317 1
1709879324 1
1709879328 1
1709879333 1
1709879336 1
1709879342 1
1709879343 1
1709879348 1
1709879360 1
1709879363 1
1709879364 1
1709879372 1
1709879385 1
1709879386 1
1709879387 1
1709879397 1
1709879398 1
1709879399 1
1709879409 1
1709879413 1
1709879414 1
1709879421 1
1709879425 1
1709879426 1
1709879433 1
1709879445 1
1709879446 1
1709879457 1
1709879459 1
1709879469 1
1709879475 1
1709879481 1
1709879493 1
1709879494 1
1709879505 1
1709879514 1
1709879517 1
1709879529 1
1709879541 1
1709879549 1
1709879553 1
1709879558 1
1709879566 1
1709879578 1
1709879579 1
1709879590 1
1709879599 1
1709879600 1
1709879602 1
1709879605 1
1709879606 1
1709879614 1
1709879626 1
1709879636 1
1709879637 1
1709879638 1
1709879650 1
1709879661 1
1709879662 1
1709879674 1
1709879682 1
1709879686 1
1709879697 1
1709879698 1
1709879708 1
1709879710 1
1709879723 1
1709879726 1
1709879727 1
1709879735 1
1709879737 1
1709879741 1
1709879747 1
1709879759 1
1709879764 1
1709879765 1
1709879771 1
1709879783 1
1709879785 1
1709879786 1
1709879795 1
1709879802 1
1709879807 1
1709879816 1
1709879819 1
1709879827 1
1709879831 1
1709879843 1
1709879855 1
2869505165 103
1709879259 1
1709879267 1
1709879268 1
1709879280 1
1709879282 1
1709879291 1
1709879292 1
1709879304 1
1709879306 1
1709879316 1
1709879317 1
1709879328 1
1709879333 1
1709879340 1
1709879342 1
1709879343 1
1709879352 1
1709879363 1
1709879364 1
1709879365 1
1709879377 1
1709879386 1
1709879387 1
1709879389 1
1709879398 1
1709879399 1
1709879401 1
1709879413 1
1709879414 1
1709879425 1
1709879426 1
1709879435 1
1709879441 1
1709879442 1
1709879446 1
1709879449 1
1709879451 1
1709879458 1
1709879459 1
1709879470 1
1709879475 1
1709879482 1
1709879494 1
1709879506 1
1709879514 1
1709879518 1
1709879529 1
1709879531 1
1709879543 1
1709879550 1
1709879556 1
1709879562 1
1709879568 1
1709879579 1
1709879581 1
1709879583 1
1709879601 1
1709879608 1
1709879612 1
1709879614 1
1709879616 1
1709879618 1
1709879620 1
1709879624 1
1709879625 1
1709879626 1
1709879638 1
1709879650 1
1709879661 1
1709879662 1
1709879663 1
1709879675 1
1709879684 1
1709879687 1
1709879692 1
1709879693 1
1709879699 1
1709879705 1
1709879709 1
1709879710 1
1709879725 1
1709879727 1
1709879740 1
1709879741 1
1709879742 1
1709879762 1
1709879764 1
1709879765 1
1709879778 1
1709879785 1
1709879787 1
1709879789 1
1709879791 1
1709879806 1
1709879812 1
1709879813 1
1709879830 1
1709879831 1
1709879832 1
1709879833 1
1709879834 1
1709879835 1
1709879848 1
3084034798 102
1709879259 1
1709879267 1
1709879270 1
1709879282 1
1709879291 1
1709879294 1
1709879297 1
1709879306 1
1709879309 1
1709879316 1
1709879321 1
1709879328 1
1709879333 1
1709879342 1
1709879343 1
1709879345 1
1709879357 1
1709879363 1
1709879364 1
1709879369 1
1709879381 1
1709879386 1
1709879387 1
1709879393 1
1709879398 1
1709879399 1
1709879405 1
1709879413 1
1709879417 1
1709879425 1
1709879429 1
1709879433 1
1709879434 1
1709879441 1
1709879446 1
1709879453 1
1709879458 1
1709879459 1
1709879465 1
1709879475 1
1709879477 1
1709879489 1
1709879494 1
1709879502 1
1709879514 1
1709879526 1
1709879529 1
1709879538 1
1709879549 1
1709879550 1
1709879558 1
1709879562 1
1709879574 1
1709879578 1
1709879579 1
1709879586 1
1709879598 1
1709879599 1
1709879605 1
1709879606 1
1709879610 1
1709879622 1
1709879626 1
1709879634 1
1709879636 1
1709879637 1
1709879646 1
1709879658 1
1709879661 1
1709879662 1
1709879670 1
1709879682 1
1709879683 1
1709879694 1
1709879697 1
1709879698 1
1709879706 1
1709879708 1
1709879709 1
1709879718 1
1709879726 1
1709879727 1
1709879730 1
1709879737 1
1709879741 1
1709879742 1
1709879747 1
1709879754 1
1709879764 1
1709879766 1
1709879778 1
1709879785 1
1709879790 1
1709879801 1
1709879802 1
1709879815 1
1709879816 1
1709879817 1
1709879827 1
1709879839 1
1709879843 1
1709879851 1
2028696737 1
1709879259 1
3722145123 1
1709879258 1
3722004902 1
1709879258 1
1905054939 1
1709879258 1
453828518 3
1709879254 1
1709879256 1
1709879268 1
3745721845 31
1709879254 1
1709879262 1
1709879267 1
1709879274 1
1709879275 1
1709879281 1
1709879282 1
1709879286 1
1709879287 1
1709879293 1
1709879294 1
1709879298 1
1709879301 1
1709879302 1
1709879308 1
1709879310 1
1709879316 1
1709879320 1
1709879322 1
1709879331 1
1709879334 1
1709879339 1
1709879346 1
1709879347 1
1709879355 1
1709879358 1
1709879364 1
1709879370 1
1709879372 1
1709879373 1
1709879383 1
1881743130 136
1709879254 1
1709879260 1
1709879262 1
1709879267 1
1709879272 1
1709879275 1
1709879281 1
1709879282 1
1709879284 1
1709879287 1
1709879293 1
1709879294 1
1709879296 1
1709879301 1
1709879302 1
1709879308 1
1709879309 1
1709879316 1
1709879320 1
1709879321 1
1709879331 1
1709879333 1
1709879339 1
1709879345 1
1709879347 1
1709879355 1
1709879356 1
1709879357 1
1709879364 1
1709879369 1
1709879372 1
1709879378 1
1709879381 1
1709879387 1
1709879393 1
1709879394 1
1709879402 1
1709879405 1
1709879411 1
1709879417 1
1709879419 1
1709879420 1
1709879427 1
1709879429 1
1709879433 1
1709879441 1
1709879442 1
1709879448 1
1709879453 1
1709879456 1
1709879457 1
1709879462 1
1709879463 1
1709879465 1
1709879471 1
1709879477 1
1709879479 1
1709879487 1
1709879489 1
1709879494 1
1709879501 1
1709879502 1
1709879508 1
1709879513 1
1709879516 1
1709879517 1
1709879524 1
1709879525 1
1709879531 1
1709879538 1
1709879539 1
1709879545 1
1709879550 1
1709879554 1
1709879560 1
1709879562 1
1709879566 1
1709879574 1
1709879580 1
1709879586 1
1709879589 1
1709879597 1
1709879598 1
1709879605 1
1709879610 1
1709879614 1
1709879620 1
1709879622 1
1709879628 1
1709879634 1
1709879642 1
1709879643 1
1709879646 1
1709879649 1
1709879657 1
1709879658 1
1709879665 1
1709879670 1
1709879672 1
1709879678 1
1709879682 1
1709879686 1
1709879693 1
1709879694 1
1709879702 1
1709879706 1
1709879710 1
1709879718 1
1709879727 1
1709879730 1
1709879735 1
1709879742 1
1709879745 1
1709879753 1
1709879754 1
1709879761 1
1709879762 1
1709879766 1
1709879770 1
1709879778 1
1709879786 1
1709879787 1
1709879790 1
1709879795 1
1709879802 1
1709879803 1
1709879811 1
1709879812 1
1709879814 1
1709879822 1
1709879826 1
1709879830 1
1709879838 1
1709879839 1
1709879847 1
1709879850 1
176283407 537
1709879253 14
1709879254 43
1709879255 14
1709879256 14
1709879257 8
1709879258 9
1709879259 23
1709879260 3
1709879261 4
1709879262 13
1709879263 8
1709879264 2
1709879265 8
1709879266 3
1709879267 16
1709879268 8
1709879269 4
1709879270 3
1709879271 4
1709879272 1
1709879274 2
1709879275 9
1709879276 3
1709879279 3
1709879280 3
1709879281 10
1709879282 14
1709879283 4
1709879284 1
1709879285 2
1709879286 2
1709879287 8
1709879288 1
1709879290 1
1709879291 10
1709879292 6
1709879293 10
1709879294 9
1709879295 5
1709879296 1
1709879297 1
1709879298 2
1709879300 1
1709879301 8
1709879302 8
1709879303 2
1709879304 2
1709879305 4
1709879306 9
1709879307 5
1709879308 8
1709879309 3
1709879310 3
1709879312 2
1709879315 2
1709879316 19
1709879317 10
1709879318 1
1709879319 3
1709879320 8
1709879321 4
1709879322 3
1709879324 1
1709879325 1
1709879326 1
1709879327 2
1709879328 8
1709879329 4
1709879330 1
1709879331 9
1709879333 10
1709879334 4
1709879336 2
1709879337 1
1709879339 9
1709879340 1
1709879341 3
1709879342 10
1709879343 9
1709879344 3
1709879345 3
1709879346 4
1709879347 8
1709879348 3
1709879349 1
1709879351 2
1709879352 1
1709879353 3
1709879354 3
1709879355 8
1709879356 5
1709879357 2
1709879358 3
1709879359 2
1709879360 1
1709879361 1
1709879363 10
1709879364 17
1709879365 4
1709879366 5
1709879367 1
1709879368 1
1709879369 2
1709879370 3
1709879372 9
1709879373 4
1709879374 4
1709879375 1
1709879376 2
1709879377 4
1709879378 11
1709879379 1
1709879380 1
1709879381 2
1709879382 1
1709879383 1
1709879384 1
1709879385 2
1709879386 10
1709879387 16
1709879388 1
1709879389 4
1709879390 3
1709879391 1
1709879392 1
1709879393 2
1709879394 9
1709879395 7
1709879396 1
1709879397 2
1709879398 10
1709879399 9
1709879400 1
1709879401 4
1709879402 10
1709879403 1
1709879404 1
1709879405 3
1709879406 2
1709879409 2
1709879410 2
1709879411 9
1709879412 1
1709879413 9
1709879414 11
1709879415 1
1709879416 2
1709879417 2
1709879418 1
1709879419 8
1709879420 1
1709879421 2
1709879422 2
1709879424 10
1709879425 10
1709879426 7
1709879427 8
1709879428 1
1709879429 2
1709879430 1
1709879433 16
1709879434 4
1709879435 1
1709879436 3
1709879437 2
1709879438 5
1709879439 1
1709879440 1
1709879441 3
1709879442 9
1709879445 2
1709879446 10
1709879447 2
1709879448 10
1709879449 2
1709879450 3
1709879451 3
1709879452 1
1709879453 2
1709879454 1
1709879456 9
1709879457 7
1709879458 8
1709879459 9
1709879460 3
1709879461 2
1709879462 9
1709879463 9
1709879464 2
1709879465 3
1709879466 2
1709879469 1
1709879470 3
1709879471 9
1709879472 1
1709879473 2
1709879474 3
1709879475 10
1709879476 4
1709879477 2
1709879478 1
1709879479 8
1709879481 1
1709879482 3
1709879483 1
1709879484 1
1709879485 2
1709879486 4
1709879487 9
1709879488 5
1709879489 2
1709879490 1
1709879491 1
1709879493 1
1709879494 16
1709879495 1
1709879496 2
1709879498 5
1709879499 1
1709879500 2
1709879501 2
1709879502 9
1709879503 1
1709879505 1
1709879506 4
1709879507 1
1709879508 9
1709879509 2
1709879510 3
1709879511 2
1709879512 1
1709879513 3
1709879514 9
1709879515 3
1709879516 8
1709879517 10
1709879518 3
1709879519 1
1709879520 1
1709879522 3
1709879523 1
1709879524 8
1709879525 4
1709879526 3
1709879527 2
1709879529 8
1709879530 3
1709879531 8
1709879532 1
1709879534 2
1709879535 2
1709879536 1
1709879537 4
1709879538 2
1709879539 9
1709879541 2
1709879542 2
1709879543 2
1709879544 1
1709879545 8
1709879546 2
1709879547 3
1709879548 1
1709879549 10
1709879550 4
1709879551 2
1709879553 2
1709879554 8
1709879555 3
1709879556 1
1709879557 1
1709879558 9
1709879559 3
1709879560 9
1709879561 2
1709879562 2
1709879563 2
1709879565 1
1709879566 9
1709879567 4
1709879568 2
1709879570 2
1709879571 2
1709879572 1
1709879573 2
1709879574 9
1709879575 2
1709879577 2
1709879578 10
1709879579 9
1709879580 10
1709879582 2
1709879583 2
1709879584 1
1709879585 3
1709879586 2
1709879587 3
1709879589 9
1709879590 2
1709879591 2
1709879592 1
1709879594 2
1709879595 3
1709879596 1
1709879597 10
1709879598 4
1709879599 9
1709879600 7
1709879601 1
1709879602 2
1709879603 2
1709879605 17
1709879606 10
1709879607 4
1709879608 2
1709879609 2
1709879610 2
1709879611 2
1709879613 2
1709879614 9
1709879615 2
1709879616 1
1709879617 2
1709879618 3
1709879619 1
1709879620 9
1709879621 2
1709879622 2
1709879623 3
1709879625 1
1709879626 8
1709879627 6
1709879628 8
1709879629 1
1709879630 2
1709879631 1
1709879632 2
1709879633 2
1709879634 9
1709879635 2
1709879636 8
1709879637 9
1709879638 3
1709879639 3
1709879641 1
1709879642 9
1709879643 8
1709879644 2
1709879645 4
1709879646 2
1709879647 3
1709879649 8
1709879650 3
1709879651 3
1709879653 2
1709879654 1
1709879655 1
1709879656 2
1709879657 10
1709879658 4
1709879659 2
1709879661 9
1709879662 9
1709879663 3
1709879665 10
1709879666 4
1709879667 2
1709879668 2
1709879669 1
1709879670 4
1709879671 2
1709879672 8
1709879674 1
1709879675 4
1709879677 3
1709879678 8
1709879679 1
1709879680 2
1709879681 1
1709879682 10
1709879683 4
1709879684 4
1709879686 9
1709879687 4
1709879688 1
1709879689 2
1709879690 2
1709879691 1
1709879692 3
1709879693 9
1709879694 6
1709879695 2
1709879696 2
1709879697 10
1709879698 9
1709879699 4
1709879700 2
1709879701 2
1709879702 8
1709879703 1
1709879704 2
1709879705 3
1709879706 4
1709879707 2
1709879708 9
1709879709 4
1709879710 12
1709879711 2
1709879712 3
1709879713 2
1709879714 1
1709879715 2
1709879716 4
1709879717 2
1709879718 11
1709879720 3
1709879722 1
1709879723 2
1709879724 6
1709879725 1
1709879726 9
1709879727 17
1709879728 3
1709879729 1
1709879730 4
1709879731 2
1709879732 2
1709879735 9
1709879736 2
1709879737 9
1709879738 2
1709879739 1
1709879740 3
1709879741 10
1709879742 6
1709879743 2
1709879744 2
1709879745 8
1709879746 1
1709879747 9
1709879748 3
1709879749 2
1709879751 1
1709879752 3
1709879753 8
1709879754 4
1709879755 3
1709879756 2
1709879758 1
1709879759 3
1709879760 3
1709879761 9
1709879762 8
1709879763 1
1709879764 11
1709879765 5
1709879766 4
1709879767 2
1709879768 2
1709879769 1
1709879770 8
1709879771 4
1709879772 3
1709879775 1
1709879776 4
1709879777 1
1709879778 11
1709879779 5
1709879780 1
1709879783 2
1709879784 2
1709879785 9
1709879786 11
1709879787 10
1709879788 4
1709879789 2
1709879790 4
1709879791 1
1709879792 1
1709879793 1
1709879795 9
1709879796 3
1709879797 1
1709879798 1
1709879799 3
1709879800 2
1709879801 11
1709879802 10
1709879803 10
1709879804 2
1709879806 1
1709879807 2
1709879808 3
1709879810 1
1709879811 8
1709879812 8
1709879813 3
1709879814 3
1709879815 2
1709879816 8
1709879817 6
1709879818 2
1709879819 3
1709879820 2
1709879822 8
1709879823 1
1709879824 1
1709879825 4
1709879826 6
1709879827 9
1709879828 5
1709879829 1
1709879830 9
1709879831 7
1709879832 2
1709879833 1
1709879834 2
1709879835 1
1709879836 1
1709879837 3
1709879838 3
1709879839 10
1709879840 1
1709879842 1
1709879843 8
1709879844 3
1709879845 1
1709879846 2
1709879847 9
1709879848 2
1709879849 3
1709879850 2
1709879851 2
1709879852 1
1709879854 1
1709879855 1
1709879856 2
664973714 1
1709879262 1
465474748 1
1709879260 1
1864991126 2
1709879254 1
1709879262 1
3083383591 3
1709879254 1
1709879258 1
1709879270 1
1881757023 9
1709879254 1
1709879259 1
1709879262 1
1709879263 1
1709879267 1
1709879271 1
1709879275 1
1709879276 1
1709879285 1
1880427694 1
1709879255 1
3748300858 2
1709879254 1
1709879261 1
1894389061 2
1709879254 1
1709879266 1
3663520489 1
1709879254 1
1851316228 9
1709879344 1
1709879347 1
1709879348 1
1709879354 1
1709879355 1
1709879364 1
1709879366 1
1709879372 1
1709879378 1
3658918150 22
1709879254 1
1709879259 1
1709879262 1
1709879267 1
1709879271 1
1709879275 1
1709879281 1
1709879282 1
1709879283 1
1709879287 1
1709879293 1
1709879294 1
1709879295 1
1709879301 1
1709879302 1
1709879307 1
1709879308 1
1709879316 1
1709879320 1
1709879322 1
1709879331 1
1709879334 1
1929246386 35
1709879359 1
1709879364 1
1709879365 1
1709879372 1
1709879377 1
1709879378 1
1709879387 1
1709879389 1
1709879394 1
1709879395 1
1709879401 1
1709879402 1
1709879411 1
1709879413 1
1709879419 1
1709879425 1
1709879427 1
1709879433 1
1709879437 1
1709879442 1
1709879448 1
1709879449 1
1709879456 1
1709879457 1
1709879461 1
1709879462 1
1709879463 1
1709879471 1
1709879473 1
1709879479 1
1709879486 1
1709879487 1
1709879488 1
1709879494 1
1709879498 1
2075004032 1
1709879258 1
3060009358 2
1709879253 1
1709879265 1
2569337882 131
1709879254 1
1709879259 1
1709879262 1
1709879263 1
1709879267 1
1709879268 1
1709879271 1
1709879275 1
1709879281 1
1709879282 1
1709879283 1
1709879287 1
1709879293 1
1709879294 1
1709879295 1
1709879301 1
1709879302 1
1709879307 1
1709879308 1
1709879316 1
1709879319 1
1709879320 1
1709879331 1
1709879339 1
1709879343 1
1709879347 1
1709879355 1
1709879364 1
1709879367 1
1709879372 1
1709879378 1
1709879379 1
1709879387 1
1709879391 1
1709879394 1
1709879402 1
1709879403 1
1709879411 1
1709879415 1
1709879419 1
1709879427 1
1709879433 1
1709879439 1
1709879442 1
1709879448 1
1709879452 1
1709879456 1
1709879462 1
1709879463 1
1709879464 1
1709879471 1
1709879476 1
1709879479 1
1709879487 1
1709879488 1
1709879494 1
1709879500 1
1709879502 1
1709879508 1
1709879512 1
1709879516 1
1709879517 1
1709879524 1
1709879531 1
1709879536 1
1709879539 1
1709879545 1
1709879548 1
1709879554 1
1709879560 1
1709879566 1
1709879572 1
1709879574 1
1709879580 1
1709879584 1
1709879589 1
1709879596 1
1709879597 1
1709879605 1
1709879608 1
1709879614 1
1709879620 1
1709879628 1
1709879632 1
1709879634 1
1709879642 1
1709879643 1
1709879644 1
1709879649 1
1709879656 1
1709879657 1
1709879665 1
1709879668 1
1709879672 1
1709879678 1
1709879680 1
1709879686 1
1709879693 1
1709879702 1
1709879705 1
1709879710 1
1709879717 1
1709879718 1
1709879727 1
1709879729 1
1709879735 1
1709879741 1
1709879745 1
1709879753 1
1709879761 1
1709879762 1
1709879765 1
1709879770 1
1709879777 1
1709879778 1
1709879786 1
1709879787 1
1709879789 1
1709879795 1
1709879801 1
1709879803 1
1709879811 1
1709879812 1
1709879813 1
1709879822 1
1709879825 1
1709879830 1
1709879837 1
1709879839 1
1709879847 1
1709879849 1
1033587869 1
1709879255 1
1974869082 2
1709879253 1
1709879265 1
2032411969 2
1709879285 1
1709879645 1
2059656517 1
1709879258 1
1882321972 2
1709879254 1
1709879259 1
3746220354 1
1709879253 1
1021059269 1
1709879262 1
3720906168 1
1709879256 1
2018802601 1
1709879256 1
1928324131 2
1709879253 1
1709879254 1
2029274176 1
1709879359 1
1857686381 2
1709879254 1
1709879266 1
1974919322 1
1709879256 1
1912271654 76
1709879259 1
1709879267 1
1709879268 1
1709879280 1
1709879282 1
1709879291 1
1709879292 1
1709879304 1
1709879306 1
1709879316 1
1709879317 1
1709879328 1
1709879329 1
1709879333 1
1709879341 1
1709879342 1
1709879343 1
1709879353 1
1709879363 1
1709879364 1
1709879365 1
1709879377 1
1709879386 1
1709879387 1
1709879389 1
1709879398 1
1709879399 1
1709879401 1
1709879413 1
1709879414 1
1709879425 1
1709879433 1
1709879437 1
1709879446 1
1709879449 1
1709879459 1
1709879460 1
1709879461 1
1709879473 1
1709879475 1
1709879485 1
1709879494 1
1709879498 1
1709879510 1
1709879514 1
1709879522 1
1709879529 1
1709879534 1
1709879546 1
1709879549 1
1709879550 1
1709879558 1
1709879570 1
1709879578 1
1709879579 1
1709879582 1
1709879594 1
1709879599 1
1709879600 1
1709879605 1
1709879606 1
1709879618 1
1709879626 1
1709879630 1
1709879636 1
1709879637 1
1709879643 1
1709879646 1
1709879658 1
1709879661 1
1709879662 1
1709879670 1
1709879682 1
1709879683 1
1709879684 1
1709879694 1
2075590098 2
1709879253 1
1709879254 1
2883432458 1
1709879258 1
29431689 1
1709879257 1
1863467975 126
1709879254 1
1709879257 1
1709879269 1
1709879281 1
1709879282 1
1709879287 1
1709879293 1
1709879301 1
1709879302 1
1709879305 1
1709879308 1
1709879316 1
1709879317 1
1709879320 1
1709879329 1
1709879331 1
1709879339 1
1709879341 1
1709879347 1
1709879353 1
1709879355 1
1709879364 1
1709879365 1
1709879372 1
1709879373 1
1709879377 1
1709879378 1
1709879387 1
1709879389 1
1709879394 1
1709879395 1
1709879402 1
1709879411 1
1709879414 1
1709879419 1
1709879426 1
1709879427 1
1709879433 1
1709879438 1
1709879442 1
1709879448 1
1709879450 1
1709879456 1
1709879457 1
1709879462 1
1709879463 1
1709879471 1
1709879474 1
1709879479 1
1709879486 1
1709879487 1
1709879494 1
1709879498 1
1709879502 1
1709879508 1
1709879510 1
1709879516 1
1709879517 1
1709879522 1
1709879524 1
1709879531 1
1709879534 1
1709879539 1
1709879545 1
1709879546 1
1709879554 1
1709879558 1
1709879560 1
1709879566 1
1709879570 1
1709879574 1
1709879580 1
1709879582 1
1709879589 1
1709879594 1
1709879597 1
1709879605 1
1709879606 1
1709879614 1
1709879618 1
1709879620 1
1709879628 1
1709879630 1
1709879634 1
1709879642 1
1709879643 1
1709879649 1
1709879654 1
1709879657 1
1709879665 1
1709879666 1
1709879672 1
1709879678 1
1709879686 1
1709879690 1
1709879693 1
1709879702 1
1709879703 1
1709879710 1
1709879715 1
1709879718 1
1709879727 1
1709879735 1
1709879739 1
1709879745 1
1709879751 1
1709879753 1
1709879761 1
1709879762 1
1709879763 1
1709879770 1
1709879775 1
1709879778 1
1709879786 1
1709879787 1
1709879795 1
1709879799 1
1709879803 1
1709879811 1
1709879812 1
1709879822 1
1709879823 1
1709879830 1
1709879835 1
1709879839 1
1709879847 1
3745724089 1
1709879257 1
664100620 28
1709879254 1
1709879262 1
1709879263 1
1709879267 1
1709879275 1
1709879276 1
1709879279 1
1709879281 1
1709879282 1
1709879287 1
1709879291 1
1709879293 1
1709879294 1
1709879301 1
1709879302 1
1709879303 1
1709879308 1
1709879315 1
1709879316 1
1709879320 1
1709879327 1
1709879331 1
1709879339 1
1709879347 1
1709879351 1
1709879355 1
1709879356 1
1709879363 1
2044964678 3
1709879253 1
1709879254 1
1709879255 1
2028673667 5
1709879253 1
1709879254 1
1709879256 1
1709879265 1
1709879268 1
1885703204 2
1709879253 1
1709879266 1
1974287414 135
1709879254 1
1709879256 1
1709879262 1
1709879263 1
1709879267 1
1709879268 1
1709879275 1
1709879280 1
1709879281 1
1709879282 1
1709879287 1
1709879293 1
1709879294 1
1709879295 1
1709879301 1
1709879302 1
1709879308 1
1709879313 1
1709879316 1
1709879320 1
1709879325 1
1709879331 1
1709879337 1
1709879339 1
1709879347 1
1709879348 1
1709879349 1
1709879355 1
1709879356 1
1709879361 1
1709879364 1
1709879372 1
1709879376 1
1709879378 1
1709879387 1
1709879388 1
1709879394 1
1709879395 1
1709879400 1
1709879402 1
1709879411 1
1709879412 1
1709879419 1
1709879424 1
1709879427 1
1709879433 1
1709879436 1
1709879442 1
1709879448 1
1709879451 1
1709879456 1
1709879457 1
1709879463 1
1709879464 1
1709879471 1
1709879479 1
1709879487 1
1709879488 1
1709879491 1
1709879494 1
1709879502 1
1709879503 1
1709879508 1
1709879515 1
1709879516 1
1709879517 1
1709879524 1
1709879527 1
1709879531 1
1709879539 1
1709879545 1
1709879551 1
1709879554 1
1709879560 1
1709879563 1
1709879566 1
1709879574 1
1709879575 1
1709879580 1
1709879587 1
1709879589 1
1709879597 1
1709879599 1
1709879605 1
1709879611 1
1709879614 1
1709879620 1
1709879623 1
1709879628 1
1709879634 1
1709879635 1
1709879642 1
1709879643 1
1709879647 1
1709879649 1
1709879657 1
1709879659 1
1709879665 1
1709879666 1
1709879672 1
1709879678 1
1709879684 1
1709879686 1
1709879693 1
1709879696 1
1709879702 1
1709879708 1
1709879710 1
1709879718 1
1709879720 1
1709879727 1
1709879732 1
1709879735 1
1709879744 1
1709879745 1
1709879753 1
1709879759 1
1709879761 1
1709879762 1
1709879770 1
1709879771 1
1709879778 1
1709879783 1
1709879787 1
1709879795 1
1709879803 1
1709879807 1
1709879812 1
1709879822 1
1709879830 1
1709879831 1
1709879834 1
1709879839 1
1709879846 1
1709879847 1
2043441168 68
1709879254 1
1709879257 1
1709879262 1
1709879263 1
1709879267 1
1709879269 1
1709879275 1
1709879281 1
1709879282 1
1709879287 1
1709879293 1
1709879294 1
1709879301 1
1709879302 1
1709879306 1
1709879316 1
1709879318 1
1709879330 1
1709879339 1
1709879342 1
1709879354 1
1709879366 1
1709879378 1
1709879390 1
1709879402 1
1709879414 1
1709879426 1
1709879439 1
1709879451 1
1709879463 1
1709879471 1
1709879475 1
1709879487 1
1709879499 1
1709879502 1
1709879508 1
1709879511 1
1709879523 1
1709879535 1
1709879547 1
1709879559 1
1709879571 1
1709879583 1
1709879595 1
1709879607 1
1709879620 1
1709879632 1
1709879644 1
1709879656 1
1709879668 1
1709879680 1
1709879692 1
1709879704 1
1709879716 1
1709879728 1
1709879740 1
1709879752 1
1709879764 1
1709879776 1
1709879778 1
1709879786 1
1709879787 1
1709879789 1
1709879801 1
1709879813 1
1709879825 1
1709879837 1
1709879849 1
2102677092 104
1709879259 1
1709879267 1
1709879270 1
1709879282 1
1709879291 1
1709879294 1
1709879306 1
1709879307 1
1709879309 1
1709879316 1
1709879317 1
1709879321 1
1709879328 1
1709879333 1
1709879334 1
1709879342 1
1709879343 1
1709879346 1
1709879358 1
1709879363 1
1709879364 1
1709879370 1
1709879382 1
1709879386 1
1709879387 1
1709879394 1
1709879398 1
1709879399 1
1709879406 1
1709879413 1
1709879414 1
1709879418 1
1709879425 1
1709879430 1
1709879433 1
1709879442 1
1709879446 1
1709879454 1
1709879459 1
1709879466 1
1709879475 1
1709879478 1
1709879490 1
1709879494 1
1709879502 1
1709879514 1
1709879527 1
1709879529 1
1709879539 1
1709879549 1
1709879551 1
1709879558 1
1709879563 1
1709879575 1
1709879578 1
1709879587 1
1709879599 1
1709879605 1
1709879606 1
1709879611 1
1709879623 1
1709879626 1
1709879627 1
1709879635 1
1709879636 1
1709879637 1
1709879647 1
1709879659 1
1709879661 1
1709879662 1
1709879671 1
1709879682 1
1709879683 1
1709879695 1
1709879697 1
1709879698 1
1709879708 1
1709879710 1
1709879720 1
1709879726 1
1709879727 1
1709879732 1
1709879737 1
1709879738 1
1709879741 1
1709879742 1
1709879744 1
1709879747 1
1709879756 1
1709879764 1
1709879768 1
1709879780 1
1709879785 1
1709879792 1
1709879801 1
1709879802 1
1709879804 1
1709879816 1
1709879817 1
1709879827 1
1709879828 1
1709879840 1
1709879843 1
1709879852 1
3546759929 1
1709879254 1
143015326 2
1709879405 1
1709879766 1
1033989541 3
1709879253 1
1709879254 1
1709879255 1
1974919333 125
1709879254 1
1709879257 1
1709879269 1
1709879281 1
1709879293 1
1709879305 1
1709879308 1
1709879316 1
1709879317 1
1709879320 1
1709879329 1
1709879331 1
1709879339 1
1709879341 1
1709879347 1
1709879354 1
1709879355 1
1709879364 1
1709879366 1
1709879372 1
1709879378 1
1709879387 1
1709879390 1
1709879394 1
1709879395 1
1709879402 1
1709879411 1
1709879414 1
1709879419 1
1709879426 1
1709879427 1
1709879433 1
1709879438 1
1709879442 1
1709879448 1
1709879450 1
1709879456 1
1709879462 1
1709879463 1
1709879471 1
1709879474 1
1709879479 1
1709879486 1
1709879487 1
1709879488 1
1709879494 1
1709879498 1
1709879502 1
1709879508 1
1709879510 1
1709879516 1
1709879517 1
1709879523 1
1709879524 1
1709879531 1
1709879535 1
1709879539 1
1709879545 1
1709879547 1
1709879554 1
1709879559 1
1709879560 1
1709879566 1
1709879571 1
1709879574 1
1709879580 1
1709879583 1
1709879589 1
1709879595 1
1709879597 1
1709879598 1
1709879605 1
1709879607 1
1709879614 1
1709879619 1
1709879620 1
1709879628 1
1709879631 1
1709879634 1
1709879642 1
1709879643 1
1709879649 1
1709879655 1
1709879657 1
1709879665 1
1709879667 1
1709879672 1
1709879678 1
1709879679 1
1709879686 1
1709879691 1
1709879693 1
1709879702 1
1709879704 1
1709879710 1
1709879716 1
1709879718 1
1709879727 1
1709879728 1
1709879735 1
1709879740 1
1709879745 1
1709879752 1
1709879753 1
1709879761 1
1709879762 1
1709879764 1
1709879770 1
1709879776 1
1709879778 1
1709879786 1
1709879787 1
1709879788 1
1709879795 1
1709879800 1
1709879803 1
1709879812 1
1709879822 1
1709879824 1
1709879830 1
1709879831 1
1709879836 1
1709879839 1
1709879847 1
1709879848 1
3083184523 1
1709879254 1
3658004524 1
1709879254 1
2053152156 2
1709879253 1
1709879265 1
720940698 2
1709879254 1
1709879266 1
1879101196 1
1709879254 1
3745652962 1
1709879255 1
2342201202 1
1709879585 1
3740747046 1
1709879255 1
1984879814 1
1709879255 1
1785884143 1
1709879255 1
1895100937 1
1709879253 1
1880529465 1
1709879255 1
3723303068 1
1709879264 1
3663146851 1
1709879256 1
3736978419 3
1709879259 1
1709879267 1
1709879279 1
2073710600 2
1709879254 1
1709879261 1
3083519477 1
1709879255 1
143002614 60
1709879255 1
1709879265 1
1709879275 1
1709879285 1
1709879295 1
1709879306 1
1709879316 1
1709879326 1
1709879336 1
1709879346 1
1709879356 1
1709879366 1
1709879376 1
1709879386 1
1709879396 1
1709879406 1
1709879416 1
1709879426 1
1709879436 1
1709879446 1
1709879456 1
1709879466 1
1709879476 1
1709879486 1
1709879496 1
1709879507 1
1709879517 1
1709879527 1
1709879537 1
1709879547 1
1709879557 1
1709879567 1
1709879577 1
1709879587 1
1709879597 1
1709879607 1
1709879617 1
1709879627 1
1709879637 1
1709879647 1
1709879657 1
1709879667 1
1709879677 1
1709879687 1
1709879697 1
1709879708 1
1709879718 1
1709879728 1
1709879738 1
1709879748 1
1709879758 1
1709879768 1
1709879778 1
1709879788 1
1709879798 1
1709879808 1
1709879818 1
1709879828 1
1709879838 1
1709879848 1
1968763359 1
1709879256 1
1895109117 1
1709879256 1
3083524996 1
1709879256 1
1881606595 1
1709879257 1
0 6
1709879253 1
1709879254 1
1709879255 1
1709879256 1
1709879259 1
1709879724 1
1912245731 1
1709879257 1
658618215 1
1709879257 1
