3035186797 11
2415954488 15
3704281259 7
3748014316 25
2342192992 1
3663518648 61
2672528065 2
1912322473 82
1961331419 109
2342237808 2
2075119982 1
2075578504 1
3663518686 1
2936042868 1
245097894 1
3030768317 1
1882308288 16
3082697048 1
3550350037 1
1969083976 66
3740896101 1
3395435377 8
1974933900 100
1900998145 11
2105443380 105
1857352923 104
465241414 101
2869505165 103
3084034798 102
2028696737 1
3722145123 1
3722004902 1
1905054939 1
453828518 3
3745721845 31
1881743130 136
176283407 537
664973714 1
465474748 1
1864991126 2
3083383591 3
1881757023 9
1880427694 1
3748300858 2
1894389061 2
3663520489 1
1851316228 9
3658918150 22
1929246386 35
2075004032 1
3060009358 2
2569337882 131
1033587869 1
1974869082 2
2032411969 2
2059656517 1
1882321972 2
3746220354 1
1021059269 1
3720906168 1
2018802601 1
1928324131 2
2029274176 1
1857686381 2
1974919322 1
1912271654 76
2075590098 2
2883432458 1
29431689 1
1863467975 126
3745724089 1
664100620 28
2044964678 3
2028673667 5
1885703204 2
1974287414 135
2043441168 68
2102677092 104
3546759929 1
143015326 2
1033989541 3
1974919333 125
3083184523 1
3658004524 1
2053152156 2
720940698 2
1879101196 1
3745652962 1
2342201202 1
3740747046 1
1984879814 1
1785884143 1
1895100937 1
1880529465 1
3723303068 1
3663146851 1
3736978419 3
2073710600 2
3083519477 1
143002614 60
1968763359 1
1895109117 1
3083524996 1
1881606595 1
0 6
1912245731 1
658618215 1
