1709879254 13
1709879255 65
1709879256 22
1709879257 24
1709879258 15
1709879259 15
1709879260 41
1709879261 4
1709879262 6
1709879263 14
1709879264 14
1709879265 4
1709879266 15
1709879267 7
1709879268 20
1709879269 16
1709879270 8
1709879271 6
1709879272 8
1709879274 2
1709879275 2
1709879276 14
1709879279 4
1709879280 6
1709879281 4
1709879282 6
1709879283 24
1709879284 7
1709879285 2
1709879286 5
1709879287 2
1709879288 16
1709879290 2
1709879291 2
1709879292 11
1709879293 9
1709879294 6
1709879295 12
1709879296 10
1709879297 2
1709879298 2
1709879300 4
1709879301 2
1709879303 14
1709879304 4
1709879305 4
1709879306 7
1709879307 15
1709879308 4
1709879309 14
1709879310 6
1709879312 4
1709879313 3
1709879315 1
1709879317 18
1709879318 20
1709879319 2
1709879320 2
1709879321 13
1709879322 6
1709879324 6
1709879325 2
1709879326 2
1709879327 2
1709879328 2
1709879329 14
1709879330 8
1709879331 2
1709879332 17
1709879334 15
1709879336 9
1709879337 4
1709879340 18
1709879341 2
1709879342 4
1709879343 4
1709879344 16
1709879345 5
1709879346 6
1709879347 6
1709879348 12
1709879349 4
1709879351 2
1709879352 4
1709879353 2
1709879354 5
1709879355 4
1709879356 10
1709879357 8
1709879358 4
1709879359 6
1709879360 4
1709879361 2
1709879363 2
1709879364 2
1709879365 26
1709879366 8
1709879367 10
1709879368 2
1709879369 2
1709879370 4
1709879372 4
1709879373 13
1709879374 7
1709879375 6
1709879376 2
1709879377 4
1709879378 4
1709879379 20
1709879380 2
1709879381 2
1709879382 4
1709879383 2
1709879384 2
1709879385 1
1709879386 2
1709879387 2
1709879388 30
1709879389 2
1709879390 8
1709879391 6
1709879392 2
1709879393 2
1709879394 2
1709879395 6
1709879396 12
1709879397 2
1709879398 2
1709879399 2
1709879400 18
1709879401 2
1709879402 4
1709879403 18
1709879404 2
1709879405 2
1709879406 6
1709879409 4
1709879410 4
1709879411 2
1709879412 15
1709879413 2
1709879414 4
1709879415 22
1709879416 2
1709879417 4
1709879418 4
1709879419 2
1709879420 14
1709879421 2
1709879422 4
1709879424 3
1709879425 2
1709879426 14
1709879427 10
1709879428 16
1709879429 2
1709879430 4
1709879434 25
1709879435 5
1709879436 3
1709879437 6
1709879438 4
1709879439 8
1709879440 3
1709879441 2
1709879442 3
1709879445 17
1709879446 2
1709879447 19
1709879449 17
1709879450 5
1709879451 6
1709879452 6
1709879453 3
1709879454 4
1709879456 2
1709879457 6
1709879458 12
1709879459 1
1709879460 12
1709879461 4
1709879462 2
1709879463 2
1709879464 15
1709879465 5
1709879466 6
1709879469 4
1709879470 2
1709879471 4
1709879472 18
1709879473 2
1709879474 4
1709879475 4
1709879476 18
1709879477 7
1709879478 4
1709879479 2
1709879481 16
1709879482 2
1709879483 6
1709879484 2
1709879485 2
1709879486 3
1709879487 4
1709879488 10
1709879489 10
1709879490 4
1709879491 2
1709879493 2
1709879495 30
1709879496 2
1709879498 4
1709879499 9
1709879500 3
1709879501 3
1709879502 2
1709879503 17
1709879505 2
1709879506 2
1709879507 7
1709879508 1
1709879509 18
1709879510 3
1709879511 6
1709879512 3
1709879513 2
1709879514 4
1709879515 15
1709879516 3
1709879518 18
1709879519 6
1709879520 2
1709879522 2
1709879523 5
1709879524 2
1709879525 12
1709879526 8
1709879527 5
1709879529 4
1709879530 13
1709879531 3
1709879532 17
1709879534 2
1709879535 4
1709879536 4
1709879537 2
1709879538 7
1709879539 3
1709879541 18
1709879542 4
1709879543 3
1709879544 5
1709879545 2
1709879546 14
1709879547 4
1709879548 6
1709879549 2
1709879550 12
1709879551 10
1709879553 4
1709879554 4
1709879555 14
1709879556 5
1709879557 3
1709879558 2
1709879559 16
1709879560 2
1709879561 15
1709879562 4
1709879563 5
1709879565 4
1709879566 2
1709879567 14
1709879568 8
1709879570 4
1709879571 4
1709879572 4
1709879573 2
1709879574 2
1709879575 16
1709879577 4
1709879578 2
1709879579 4
1709879580 13
1709879581 19
1709879582 1
1709879583 4
1709879584 5
1709879585 2
1709879586 6
1709879587 4
1709879589 4
1709879590 16
1709879591 4
1709879592 4
1709879593 1
1709879594 1
1709879595 4
1709879596 5
1709879598 16
1709879599 5
1709879600 7
1709879601 10
1709879602 3
1709879603 4
1709879606 14
1709879607 18
1709879608 6
1709879609 4
1709879610 4
1709879611 4
1709879612 4
1709879613 1
1709879614 3
1709879615 16
1709879616 5
1709879617 2
1709879618 4
1709879619 6
1709879621 17
1709879622 4
1709879623 4
1709879624 5
1709879627 11
1709879628 8
1709879629 16
1709879630 2
1709879631 4
1709879632 2
1709879633 4
1709879634 2
1709879635 16
1709879636 2
1709879638 14
1709879639 6
1709879641 6
1709879642 2
1709879643 1
1709879644 15
1709879645 4
1709879646 6
1709879647 6
1709879649 4
1709879650 16
1709879651 5
1709879653 6
1709879654 4
1709879655 2
1709879656 2
1709879657 2
1709879658 16
1709879659 8
1709879661 2
1709879663 15
1709879665 3
1709879666 12
1709879667 8
1709879668 4
1709879669 4
1709879670 2
1709879671 8
1709879672 2
1709879674 16
1709879675 2
1709879676 7
1709879677 1
1709879678 6
1709879679 14
1709879680 2
1709879681 4
1709879683 12
1709879684 4
1709879686 6
1709879687 16
1709879688 8
1709879689 2
1709879690 3
1709879691 3
1709879692 2
1709879693 4
1709879694 14
1709879695 10
1709879696 2
1709879697 2
1709879698 2
1709879699 13
1709879700 5
1709879701 3
1709879702 4
1709879703 14
1709879704 2
1709879705 5
1709879706 6
1709879707 8
1709879708 1
1709879709 13
1709879710 3
1709879711 21
1709879712 2
1709879713 4
1709879714 2
1709879716 2
1709879717 6
1709879718 2
1709879720 20
1709879722 5
1709879723 1
1709879724 4
1709879725 11
1709879726 1
1709879728 32
1709879729 6
1709879730 2
1709879731 8
1709879732 4
1709879735 2
1709879736 16
1709879737 2
1709879738 15
1709879739 4
1709879740 2
1709879741 4
1709879742 12
1709879743 12
1709879744 4
1709879745 2
1709879746 15
1709879747 1
1709879748 16
1709879749 6
1709879751 4
1709879752 2
1709879753 3
1709879754 12
1709879755 8
1709879756 5
1709879758 3
1709879759 2
1709879760 5
1709879761 2
1709879762 2
1709879763 15
1709879764 2
1709879765 16
1709879766 7
1709879767 9
1709879768 4
1709879769 4
1709879770 2
1709879771 10
1709879772 6
1709879775 6
1709879776 2
1709879777 7
1709879779 23
1709879780 8
1709879783 2
1709879784 4
1709879785 2
1709879786 14
1709879787 2
1709879788 15
1709879789 7
1709879790 6
1709879791 7
1709879792 3
1709879793 2
1709879795 1
1709879796 16
1709879797 5
1709879798 2
1709879799 2
1709879800 5
1709879801 4
1709879802 4
1709879803 14
1709879804 18
1709879806 3
1709879807 3
1709879808 4
1709879810 6
1709879811 1
1709879813 14
1709879814 7
1709879815 5
1709879816 1
1709879817 4
1709879818 10
1709879819 4
1709879820 4
1709879821 4
1709879823 14
1709879824 2
1709879825 2
1709879826 7
1709879827 4
1709879828 10
1709879829 8
1709879830 1
1709879831 7
1709879832 11
1709879833 4
1709879834 2
1709879835 4
1709879836 3
1709879837 2
1709879838 6
1709879839 4
1709879840 20
1709879842 2
1709879844 13
1709879845 5
1709879846 2
1709879848 15
1709879849 5
1709879850 6
1709879851 4
1709879852 4
1709879854 2
1709879855 2
1709879856 2
