1709879253 26
1709879254 60
1709879255 18
1709879256 21
1709879257 15
1709879258 15
1709879259 41
1709879260 4
1709879261 6
1709879262 25
1709879263 2
1709879264 4
1709879265 15
1709879266 7
1709879267 32
1709879268 4
1709879269 8
1709879270 6
1709879271 8
1709879272 2
1709879274 4
1709879275 16
1709879276 2
1709879279 4
1709879280 6
1709879281 18
1709879282 16
1709879283 1
1709879284 2
1709879285 5
1709879286 4
1709879287 14
1709879288 2
1709879290 2
1709879291 20
1709879292 1
1709879293 19
1709879294 4
1709879295 4
1709879296 2
1709879297 2
1709879298 4
1709879300 2
1709879301 16
1709879303 2
1709879304 4
1709879305 7
1709879306 19
1709879307 5
1709879308 11
1709879309 4
1709879310 5
1709879312 2
1709879313 1
1709879315 4
1709879316 34
1709879318 2
1709879319 5
1709879320 13
1709879321 4
1709879322 5
1709879324 2
1709879325 2
1709879326 2
1709879327 4
1709879328 14
1709879329 6
1709879330 2
1709879331 17
1709879332 1
1709879333 19
1709879334 4
1709879336 4
1709879337 2
1709879339 16
1709879340 2
1709879341 6
1709879342 18
1709879343 2
1709879344 3
1709879345 6
1709879346 8
1709879347 14
1709879348 2
1709879351 4
1709879352 2
1709879353 5
1709879354 7
1709879355 13
1709879356 4
1709879357 2
1709879358 6
1709879359 4
1709879360 2
1709879361 2
1709879363 19
1709879364 17
1709879366 10
1709879367 2
1709879368 2
1709879369 4
1709879370 6
1709879372 16
1709879373 2
1709879374 6
1709879375 2
1709879376 4
1709879377 8
1709879378 18
1709879380 2
1709879381 4
1709879382 2
1709879383 2
1709879384 1
1709879385 4
1709879386 18
1709879387 14
1709879389 8
1709879390 6
1709879391 2
1709879392 2
1709879393 4
1709879394 16
1709879396 2
1709879397 4
1709879398 18
1709879400 2
1709879401 7
1709879402 17
1709879404 2
1709879405 6
1709879406 4
1709879409 4
1709879410 4
1709879411 15
1709879412 1
1709879413 17
1709879414 8
1709879415 2
1709879416 4
1709879417 4
1709879418 2
1709879419 16
1709879421 4
1709879422 4
1709879424 11
1709879425 10
1709879426 8
1709879427 12
1709879428 2
1709879429 4
1709879430 2
1709879433 29
1709879435 2
1709879436 6
1709879437 4
1709879438 8
1709879439 3
1709879440 2
1709879441 6
1709879442 16
1709879445 2
1709879446 18
1709879447 2
1709879448 16
1709879449 3
1709879450 6
1709879451 6
1709879452 3
1709879453 4
1709879454 2
1709879456 18
1709879457 2
1709879458 10
1709879459 7
1709879461 2
1709879462 15
1709879463 3
1709879464 2
1709879465 6
1709879466 4
1709879469 2
1709879470 6
1709879471 16
1709879472 2
1709879473 4
1709879474 6
1709879475 18
1709879476 5
1709879477 4
1709879478 2
1709879479 16
1709879481 2
1709879482 6
1709879483 2
1709879484 2
1709879485 3
1709879486 9
1709879487 13
1709879488 2
1709879489 4
1709879490 2
1709879491 2
1709879493 2
1709879494 30
1709879496 4
1709879498 9
1709879499 3
1709879500 3
1709879501 4
1709879502 17
1709879505 2
1709879506 7
1709879507 3
1709879508 16
1709879509 3
1709879510 6
1709879511 3
1709879512 2
1709879513 6
1709879514 16
1709879515 2
1709879516 14
1709879517 4
1709879518 4
1709879519 2
1709879520 2
1709879522 5
1709879523 3
1709879524 15
1709879525 4
1709879526 5
1709879527 5
1709879529 15
1709879530 2
1709879531 15
1709879532 2
1709879534 4
1709879535 4
1709879536 2
1709879537 7
1709879538 4
1709879539 17
1709879541 4
1709879542 3
1709879543 5
1709879544 2
1709879545 16
1709879546 2
1709879547 6
1709879548 2
1709879549 19
1709879550 3
1709879551 4
1709879553 4
1709879554 16
1709879555 3
1709879556 3
1709879557 2
1709879558 17
1709879559 4
1709879560 14
1709879561 2
1709879562 5
1709879563 4
1709879565 2
1709879566 18
1709879567 4
1709879568 4
1709879570 4
1709879571 4
1709879572 2
1709879573 4
1709879574 16
1709879575 2
1709879577 4
1709879578 17
1709879579 3
1709879580 14
1709879581 1
1709879582 4
1709879583 5
1709879584 2
1709879585 6
1709879586 4
1709879587 6
1709879589 16
1709879590 2
1709879591 4
1709879592 1
1709879593 1
1709879594 4
1709879595 5
1709879596 2
1709879597 18
1709879598 3
1709879599 16
1709879600 1
1709879601 1
1709879602 4
1709879603 4
1709879605 29
1709879607 6
1709879608 3
1709879609 4
1709879610 4
1709879611 4
1709879612 1
1709879613 3
1709879614 19
1709879615 2
1709879616 2
1709879617 4
1709879618 6
1709879619 2
1709879620 17
1709879621 2
1709879622 4
1709879623 5
1709879624 1
1709879625 1
1709879626 15
1709879627 6
1709879628 12
1709879629 2
1709879630 4
1709879631 2
1709879632 4
1709879633 4
1709879634 16
1709879635 2
1709879636 14
1709879637 2
1709879638 2
1709879639 6
1709879641 2
1709879642 16
1709879643 2
1709879644 2
1709879645 6
1709879646 6
1709879647 6
1709879649 14
1709879650 5
1709879651 6
1709879653 4
1709879654 2
1709879655 2
1709879656 4
1709879657 18
1709879658 4
1709879659 4
1709879661 16
1709879663 4
1709879665 16
1709879667 4
1709879668 4
1709879669 2
1709879670 8
1709879671 3
1709879672 15
1709879674 2
1709879675 7
1709879676 1
1709879677 6
1709879678 16
1709879680 4
1709879681 1
1709879682 18
1709879684 5
1709879686 16
1709879687 6
1709879688 2
1709879689 3
1709879690 3
1709879691 2
1709879692 6
1709879693 16
1709879694 8
1709879695 2
1709879696 2
1709879697 16
1709879698 1
1709879699 3
1709879700 3
1709879701 2
1709879702 16
1709879704 5
1709879705 6
1709879706 8
1709879707 2
1709879708 17
1709879709 2
1709879710 20
1709879712 4
1709879713 2
1709879715 2
1709879716 5
1709879717 4
1709879718 20
1709879720 3
1709879722 1
1709879723 4
1709879724 11
1709879725 3
1709879726 15
1709879727 17
1709879728 4
1709879729 2
1709879730 8
1709879731 4
1709879732 4
1709879735 16
1709879736 2
1709879737 15
1709879738 2
1709879739 2
1709879740 6
1709879741 18
1709879742 4
1709879743 4
1709879744 4
1709879745 14
1709879747 18
1709879748 4
1709879749 4
1709879751 2
1709879752 5
1709879753 14
1709879754 4
1709879755 5
1709879756 3
1709879758 2
1709879759 5
1709879760 6
1709879761 14
1709879762 1
1709879764 22
1709879765 3
1709879766 7
1709879767 4
1709879768 4
1709879769 2
1709879770 16
1709879771 2
1709879772 4
1709879775 2
1709879776 7
1709879777 2
1709879778 21
1709879779 8
1709879780 2
1709879783 4
1709879784 4
1709879785 16
1709879786 14
1709879787 4
1709879788 2
1709879789 6
1709879790 7
1709879791 3
1709879792 2
1709879793 1
1709879795 18
1709879796 3
1709879797 2
1709879798 2
1709879799 5
1709879800 4
1709879801 18
1709879802 5
1709879803 14
1709879804 2
1709879806 3
1709879807 4
1709879808 6
1709879810 2
1709879811 11
1709879812 5
1709879813 4
1709879814 5
1709879815 4
1709879816 13
1709879818 2
1709879819 4
1709879820 5
1709879822 15
1709879824 2
1709879825 7
1709879826 9
1709879827 12
1709879828 2
1709879830 19
1709879831 2
1709879832 2
1709879833 2
1709879834 4
1709879835 2
1709879836 2
1709879837 6
1709879838 6
1709879839 18
1709879840 2
1709879842 2
1709879843 14
1709879844 2
1709879845 2
1709879846 4
1709879847 13
1709879848 3
1709879849 6
1709879850 4
1709879851 4
1709879852 2
1709879854 2
1709879855 2
1709879856 3
