1296 1
852 1
2285 1
348 1
4272 6
2831 4
4379 9
2163 8
3711 7
3617 38
2007 1
2676 1
1606 1
5301 10
2853 2
1713 26
2106 1
2181 2
3635 59
3169 1
3075 3
3597 1
2048 1
3502 14
606 1
3224 1
4678 6
4584 17
3130 4
1913 1
3367 22
2108 18
3296 17
2714 2
3729 19
2620 5
3613 1
2890 7
4709 1
568 1
2786 1
4117 3
4023 7
320 5
4285 37
14266 1
14818 2
13364 1
1768 1
19768 1
3222 2
11365 1
9742 1
3417 1
1963 2
11196 4
12141 1
15558 3
12650 1
5144 1
11056 1
12403 1
14746 1
19180 1
12526 1
13754 1
11506 1
10266 1
10948 1
2968 1
1676 7
488 1
318 1
526 1
3687 1
1300 1
7734 1
6625 1
1618 1
4951 1
11168 1
4871 1
5980 1
6405 1
4095 1
14076 3
3906 1
12622 2
7765 4
1949 3
3060 4
9714 3
12127 1
2984 2
6311 6
5336 1
5556 1
10484 1
9030 1
20810 1
11938 1
1074 2
4401 25
7728 1
5764 1
1938 2
11554 1
8672 4
10126 3
15916 1
3403 1
5621 1
3416 1
11728 1
10226 1
5113 3
2205 1
4857 6
7075 1
3991 1
2882 4
7318 1
4336 15
8772 5
9298 2
3753 4
3659 11
7831 1
4549 1
4396 1
5207 11
10752 1
4210 1
5227 1
3009 1
2441 1
14671 1
16560 2
9007 1
10461 2
10555 1
10744 1
7553 7
2751 1
4645 1
3881 17
6099 8
6293 1
1600 1
5962 1
10840 1
3399 4
4508 1
11236 1
14290 2
14957 1
12294 3
7661 1
3202 57
5420 5
2512 2
9782 4
1748 6
3966 5
8328 8
5886 1
2046 1
8700 2
21738 1
11584 1
5792 4
7340 2
10130 2
11608 2
4338 6
7246 7
5148 1
16894 1
7870 2
2302 1
6210 2
9024 2
3208 4
9324 1
15214 1
10778 1
7570 6
7812 1
6116 10
5174 1
13786 1
5798 1
9442 1
14522 1
11614 1
7252 3
7988 2
4410 1
6628 1
15406 3
6534 4
12498 5
3626 6
13952 2
5080 14
3942 1
3782 1
7497 1
3512 1
9532 1
8724 5
4480 1
2262 2
10986 1
9043 1
7589 1
7244 1
6135 1
11951 1
10497 2
12093 1
7731 1
9185 4
10639 2
1754 7
6190 1
11966 2
15914 2
14500 2
2868 2
9522 1
4761 1
9123 1
3307 1
7763 1
13046 2
7669 1
8778 3
5500 1
2173 1
3282 1
11592 3
4322 3
5776 4
6466 1
8684 12
3733 1
5325 1
11141 1
15536 2
15090 2
8598 2
11907 1
3792 11
5246 12
7951 1
3623 1
10453 4
2338 5
16268 1
5179 2
17012 1
10358 1
8968 1
13296 3
4606 2
6770 3
4498 1
8934 7
4652 1
4835 3
11102 1
13361 1
2271 2
3218 1
8763 2
3353 1
12449 3
9290 1
8181 5
6633 4
3756 2
1538 1
8192 2
7218 2
2782 41
9514 4
1940 1
11678 3
6606 1
10388 4
8224 9
5016 1
2798 2
16204 1
6277 1
19585 1
14040 2
10794 1
1559 2
11737 1
11842 2
1563 1
8829 7
8288 2
4252 2
4467 4
7862 1
5921 17
12954 1
7544 1
15202 1
4112 13
4206 1
16656 1
5566 83
3666 3
6912 1
5816 34
9062 4
12308 6
8118 1
12554 1
16990 1
13106 6
10224 5
1628 1
8282 8
9400 13
2908 244
6154 29
12646 4
8318 1
6830 1
7647 2
17628 1
284 1
3054 1
836 1
2159 2
5486 1
10302 1
14738 1
9016 1
8069 2
2524 3
6852 1
17192 1
3884 366
9294 1
8999 4
5915 1
3183 3
4292 2
5374 1
10676 6
5266 1
2616 1
398 1
14815 1
6700 36
10189 1
18466 2
11812 1
9648 1
15058 1
3331 1
5340 1
6610 2
3283 752
7364 30
3036 2
7107 4
6566 26
14560 1
2658 6
9311 1
1548 84
8896 1
424 2
4860 22
316 2
9188 3
652 1
9849 8
14741 1
324 6
8087 15
10052 4
1667 1
12757 2
10160 2
5724 1
2740 1
11612 3
8366 3
2874 9
1792 19
2360 1
1735 1
4105 5
14384 1
19564 2
8474 11
4362 80
10854 14
7608 9
7375 10
6996 1
5304 2
2420 1
3551 1
4214 4
404 3
9523 2
3978 133
14798 5
11552 2
3565 1
5242 6
1915 2
9678 10
3024 2
2818 1
7254 1
572 2
7768 23
3170 1
14260 1
15049 2
8395 15
18110 3
2584 1
15892 1
7020 27
3924 1
7394 3
7556 2
5338 40
469 6
10748 3
1740 1
14720 3
3954 1
1736 1
12556 1
1613 1
5846 1
8064 1
4737 35
3002 125
10198 14
5275 3
7493 3
16040 3
3871 2
1653 2
14961 7
5251 1
9687 2
4142 6
15503 2
1829 120
2333 2
5660 31
8744 9
4146 3
1928 29
15236 1
3850 5
9233 13
10342 1
8719 2
252 1
7826 1
3232 1
10995 1
12104 1
4232 2
6450 1
13132 3
508 1
8020 33
716 1
7370 1
1622 10
3191 6
5409 1
2273 5
5600 3
18772 1
3246 26
6492 14
3084 1
9738 1
1878 27
6314 31
10642 1
12558 1
7013 14
17292 1
616 2
7270 21
3375 1
7811 2
4700 215
7946 23
2320 3
13410 2
8974 1
1211 1
11192 1
1553 5
444 37
1896 1
3700 3
8136 2
17008 1
12572 4
1779 19
670 1
10949 5
11597 1
3834 1
3658 14
412 3
8976 1
6758 1
7840 2
888 3
5376 10
15357 1
4794 84
3685 2
1110 2
10307 1
8812 1
9921 3
630 10
3335 1
4218 1
7545 3
4637 1
5746 1
13266 2
2176 2
15484 1
6828 10
11115 1
4461 5
3920 5
620 1
2838 3
20100 1
9010 1
6792 11
12202 4
11120 1
816 5
17726 1
6636 1
1955 1
10827 2
4589 1
6874 3
220 1
3076 89
5781 1
10026 1
1154 1
5038 4
16128 1
9474 5
6696 2
3369 1
11132 4
2260 2
18444 1
1577 1
2565 3
9219 3
18091 1
14750 2
4823 1
12586 12
7230 3
5012 3
15110 3
648 1
16174 1
11846 2
3324 1
20284 1
12521 2
14460 3
4479 1
9222 21
2283 2
6682 4
15554 4
11118 5
6140 1
15012 1
13903 1
3922 7
6091 2
3007 1
2466 3
5112 22
14010 2
1811 1
14254 1
2068 1
8467 7
6674 1
4456 22
5538 1
3013 6
15348 1
19784 1
7882 1
4555 2
4014 1
420 3
15946 1
14837 3
3228 1
16308 1
10763 3
5910 18
10968 1
3205 1
12217 1
3690 2
19216 1
13671 1
9495 6
8386 1
11303 5
14630 2
4892 2
436 2
4872 1
9254 1
7036 1
6660 1
2760 2
1070 1
11051 1
2886 1
10977 2
5432 1
9646 1
14082 1
2884 2
11756 1
666 6
18410 1
2306 1
5011 1
4430 2
2212 2
5458 1
14934 1
3787 49
7114 2
10376 1
4831 1
5940 1
3377 223
6704 1
4486 2
10372 1
8154 19
9309 1
14854 12
10526 1
3886 3
12542 1
9083 1
2429 1
14628 4
3862 1
1644 1
3074 1
6401 2
11946 6
8159 1
4291 1
7618 4
7855 1
13400 5
9072 2
9613 1
9608 9
2432 1
11062 4
4648 1
212 5
2430 44
15738 2
8041 17
14100 3
9664 1
5133 7
4268 3
8704 1
17576 1
15311 7
3679 7
10687 5
9578 2
1923 4
3032 3
5250 1
4789 1
6243 1
13790 7
4918 9
14899 1
7127 11
9356 1
5673 24
12800 2
4658 1
17966 1
5767 2
15565 2
4177 1
5286 2
6325 1
780 1
7434 1
5328 1
8655 1
4219 2
3343 1
7779 4
8888 2
1784 141
8438 2
9892 1
10283 5
12501 1
5468 1
6279 1
6922 6
9736 3
8194 3
4867 1
11190 1
3832 2
10865 1
6740 3
5165 1
10572 1
6994 1
5474 1
3256 4
19323 1
8233 1
6015 9
2688 188
3797 1
8489 1
4182 1
16790 1
5370 1
2692 2
1583 1
14026 2
10512 1
19384 1
1640 1
15954 1
428 1
4864 1
13547 2
12438 1
1828 1
3493 2
9038 3
12328 1
9541 4
1778 1
10492 9
6258 2
9044 1
5717 1
15584 1
4710 2
6928 2
9420 2
3794 7
12666 2
4220 9
10874 1
812 1
14120 1
7966 1
2340 1
11212 3
2623 1
9392 1
3727 3
7054 2
5945 2
11071 1
8853 5
8982 1
11761 1
6794 21
10121 1
7957 1
8947 1
11652 7
2593 1
4819 1
292 1
6946 3
8400 1
584 2
13892 1
9928 1
5492 3
4307 52
3198 1
1572 2
13771 1
3910 1
7576 1
6467 1
1808 2
5181 8
7399 9
8508 1
16082 8
12300 2
1116 1
2225 9
12206 1
6191 16
8409 1
372 13
8135 13
6587 3
13857 1
11044 7
2172 4
15480 1
10482 1
9373 10
15838 3
5559 4
15189 2
12281 4
6465 2
6692 2
3557 5
3784 1
2374 1
7919 3
7040 1
11476 1
2103 1
12508 1
12930 2
10178 3
2298 1
6850 1
5396 1
7857 2
5713 1
13476 1
3495 2
4975 1
16065 1
9411 1
4662 9
7989 1
13595 3
3614 2
6941 7
2505 1
14586 2
8996 1
10051 1
6372 4
18990 4
3464 3
10138 1
7920 1
2837 1
6164 4
8382 2
17536 3
2010 2
408 24
9280 1
11289 1
2417 2
5744 1
10162 1
3354 1
500 1
4936 1
