247 245845 55449580
54 13004 55406193
47 10778 68186605
96 80422 68125045
139 124638 68182444
42 9696 68155034
17 4066 22773569
28 19904 22869105
59 14650 43126562
286 283404 43178434
128 32684 127493391
655 699681 127521032
8 1776 7018662
8 1872 7024637
52 11256 7062087
171 42254 269181897
538 485657 269249586
2 324 360285466
2 164 360285336
2 324 360279574
2 164 360279506
249 59454 373135315
746 689334 373208927
312 82444 482160994
1131 1061456 482199828
103 24338 138550387
291 257700 138870985
10 1860 35713
18 3708 72750
2 324 360271484
2 164 360271080
22 5616 34276021
48 39064 34338300
2 324 360278270
2 164 360278560
214 49560 457766511
870 895357 457907700
438 121720 590195188
448 124172 591758237
317 84910 435096358
465 127506 593595554
422 117676 597872517
15 2834 19978863
433 122394 596689659
359 87446 588530172
2546 2887904 590262000
499 147830 591997116
2608 3021872 591845342
1683 1853673 435185938
2634 3025666 593678276
2464 2795556 597985500
40 39400 20063583
2578 2911628 596796346
1254 1255159 589650956
3125 3602601 592070121
60 9720 593006455
60 4920 593007076
411 103526 593322974
6 1016 14228976
5 858 7149619
383 98970 595151828
8 1488 6926634
7 1266 12257768
9 1674 4848296
9 1962 8389650
94 22888 128560837
357 94702 593120218
111 24246 594767804
67 16130 79826257
319 83686 594381502
30 6724 28873242
1103 1031513 594437413
381 97018 596433401
218 153183 594845631
7 1226 12371623
1341 1261243 593383192
9 1766 4956155
8 1508 7041243
5 858 8245735
6 992 14348581
5 906 7269111
1339 1279569 595271782
289 255318 128644550
1309 1311114 596479066
1255 1226062 593165979
90 81715 30907119
7 1238 16392257
209 187779 79901712
5 926 11802619
5 926 8284629
98 24560 109202949
7 1278 16425642
5 878 11826838
367 340289 109226994
2 372 12045678
2 316 12045324
2 372 12058542
2 316 12057999
12 2276 15005853
2 356 1005708
36 7920 1102948
2 372 12088979
12 2148 15007474
2 316 12088319
3 654 2005500
27 5886 2140863
51 11214 2143460
3 702 2003449
34 7476 1067256
2 468 999818
2 324 12067745
2 316 12069455
4 888 3053470
4 888 3052766
2 372 12045974
2 316 12043203
