1701 1
1459 1
29922033 1
55805 1
5578 1
5465 1
14993367 1
11222 1
108194747 1
60007245 1
40742 1
14254 1
43725414 1
31163418 1
672 1
8639 1
983 1
2888 1
139 1
15034087 1
12975 1
1127034 1
11540 1
53573073 1
7947 1
44978 1
66309 1
54305 1
48465 1
1022394 1
13253 1
44739 1
956065 1
945609 1
60705 1
15874 1
42133 1
47273 1
91564 1
72 1
642 1
4889 1
12468 1
9 1
432027 1
10 1
14 1
836 1
2121 1
11337 1
43139 1
18981 1
2754 1
8 3
4634 1
67294 1
921620 1
67095 1
42598 1
119286 1
5099 1
458586 1
3411 1
1219 1
142835 1
5854 1
457 1
12023 1
189823 1
19570961 1
14992763 1
1182 1
28814 1
1012 1
3130 1
82 1
80811 1
1655 1
1127 1
43789 1
167920 1
5201228 1
576 1
2118 1
6901 1
873 1
20430102 1
401 1
35486 1
20 1
1215 1
36660 1
2993 1
38982 1
34870 1
1230 1
333 1
2389 1
191653 1
36682 1
36425 1
476144 1
31791 1
16263463 1
12839 1
11 1
21856 1
162765 1
2110 1
172163 1
2615 1
1660 1
36966 1
44891 1
1584 1
3091 1
521 1
21643 1
23 1
2593 1
5878 1
1087 1
110 1
17843 1
2003 1
27703 1
60016008 1
2139 1
108337 1
795 1
215390 1
5678 1
183902 1
99863 1
256376 1
17026 1
37843 1
23732 1
25443602 1
8826 1
1887 1
101089 1
24149 1
3856 1
1543 1
45211 1
6903 1
7904 1
74467 1
1569 1
10586 1
1061 1
38422 1
351962 1
7615 1
48735 1
6551 1
18630 1
256755 1
5985 1
13448277 1
93272 1
495 1
1362 1
1068 1
28627 1
2100 1
558 1
242869 1
4887 1
3088 1
518 1
728 1
2106 1
50250 1
83403 1
33686 1
24495 1
96198 1
407 1
24822 1
120683 1
49168 1
3679 1
14987 1
1409 1
48697 1
54865 1
41500 1
15543 1
1649 1
38657 1
12554 1
35754 1
7680 1
1255 1
62678 1
4325 1
4699 1
38623 1
71182 1
27494 1
8375 1
40500 1
18912 1
1237 1
17685 1
1683 1
23870 1
6430 1
31775 1
37317 1
70475 1
14392 1
0 6
45489 1
27207 1
74495 1
12741 1
405 1
238130 1
30726 1
22855 1
27427 1
285448 1
39063 1
40862 1
1679 1
46911 1
22037 1
263995 1
