55406193
68186605
68125045
68155034
22773569
22869105
43126562
127493391
7018662
7024637
7062087
269181897
360285466
360285336
360279574
360279506
373135315
482160994
138550387
35713
72750
360271484
360271080
34276021
34338300
360278270
360278560
457766511
435096358
19978863
588530172
20063583
593006455
593007076
14228976
7149619
595151828
6926634
12257768
4848296
8389650
128560837
593120218
594767804
79826257
594381502
28873242
596433401
12371623
4956155
7041243
8245735
14348581
7269111
30907119
16392257
11802619
8284629
109202949
16425642
11826838
12045678
12045324
12058542
12057999
15005853
1005708
1102948
12088979
15007474
12088319
2005500
2140863
2143460
2003449
1067256
999818
12067745
12069455
3053470
3052766
12045974
12043203
