604 1
616 1
104 1
359 2
130 1
101 1
704 1
1116 1
902 1
585 10
319 6
924 22
587 8
834 1
779 1
1302 3
320 2
917 1
612 1
1352 2
283 38
477 1
176 1
561 1
1286 1
845 21
527 1
368 1
1298 1
844 1
639 1
1180 1
1070 12
613 1
145 1
627 1
275 26
505 1
594 15
473 1
905 1
1012 68
545 1
966 2
558 1
294 80
808 6
1322 1
553 1
874 1
882 1
1139 3
1222 1
182 1
439 3
1265 1
494 377
859 1
318 328
1028 1
743 1
486 81
1364 8
282 22
539 1
829 3
407 5
150 17
926 1
400 1
1289 1
518 1
665 1
922 5
174 1
715 2
993 4
222 703
166 2
1194 8
1173 1
632 7
118 139
375 1686
886 1
1274 3
1083 1
542 29
734 1
135 1
906 1
649 49
116 2
1144 2
1428 59
887 1
195 2
168 106
709 56
310 34
606 6
1377 57
136 1
254 747
286 328
1314 1
876 7
105 111
388 1
134 18
1162 1
1419 1
391 1
154 19
126 526
1306 10
508 3
490 637
138 22
1166 9
652 1
698 1
190 496
920 1
158 1769
1412 1
330 184
751 63
210 5
1008 3
467 1
446 117
592 1
474 36
995 2
106 160
363 1
918 6
162 199
933 1
214 45
1432 1
350 417
1121 1
234 24
491 6
218 21
82 70
1110 4
1418 1
336 16
1454 18909
1197 72
1051 1
510 100
719 2
178 4
976 1028
435 1
414 85
923 1
382 985
963 16
1090 2
1204 308
950 1
1207 2
152 5
1234 340
693 6
478 75
1025 1
484 3
998 1
611 1
1436 9
354 28
1312 9
771 129
230 2
94 3466
1430 43
348 36
880 18
109 1
502 1
1016 1
498 10
461 20
1002 2
488 2
1075 1
758 16
123 2
1332 2
250 10
764 1
184 1
1266 1
211 1
752 1
495 47
1328 1
1382 2
300 56
1074 1
817 61
1269 5
187 7
314 38
1297 1
756 1
1324 2
242 1
167 5
374 26
888 1
1034 11
777 6
654 19
901 1
935 1
164 2
678 2
186 1012
727 81
718 59
434 3
975 1
556 40
813 1
142 2
399 7
297 1
1124 1
96 1
244 3
785 1
386 1
129 38
643 1
1414 52
343 1
884 228
1138 2
766 1
482 7
1023 1
509 65
555 1
969 1
1226 1
442 1
803 1
1344 6
416 1
159 1
1444 1
792 11
1333 2
324 2
1338 1
256 1
1089 2
548 4
1189 1
107 1
806 2
722 73
753 1
1380 1
352 1
423 1
964 1
450 5
1420 28
338 619
879 77
259 27
1355 1
459 23
1399 79
866 41
325 19
245 2
786 1
790 6
1047 2
826 1
1174 2
687 6
146 6
674 1
1254 1
819 19
1360 4
427 7
954 1
1311 74
357 1
614 1
213 1
754 1
782 1
825 1
1130 16
574 23
1115 10
1111 3
1058 56
831 4
290 2
541 1
99 29
1384 7
1337 1
