35110 1
810231 1
1107331 1
441600 1
22362 1
333806 1
40158 1
22227 1
16215 1
821383 1
15297 1
17764 1
3151 1
4785 1
5068 1
7054 1
393 1
3722 1
2778 1
3678 1
25147 1
50791 1
35319 1
8644 1
5006 1
4494 1
7301 1
4776 1
6477 1
1795 1
569 1
3592 1
170 1
5255 1
341 1
9963 1
519 1
7058 1
6182 1
2149 1
5241 1
5043 1
9151 1
419 1
3969 1
3547 1
432 1
4376 1
16613 1
7140 1
1088276 1
275172 1
18455 1
14881 1
1126002 1
6245 1
2557 1
2259 1
3887 1
3465 1
4074 1
6474 1
20269 1
1695 1
512 1
147755 1
336286 1
57322 1
158387 1
733807 1
50451 1
261917 1
210842 1
755683 1
45160 1
49557 1
47302 1
8216 1
92890 1
4131 1
4593 1
6910 1
2631 1
3578 1
2767 1
225501 1
58355 1
312579 1
19569 1
150583 1
51722 1
27611 1
8132 1
8233 1
42937 1
18865 1
6200 1
17614 1
19728 1
44951 1
25208 1
5748 1
3449 1
7870 1
8539 1
7972 1
7938 1
6678 1
3134 1
4805 1
7548 1
9490 1
6291 1
4430 1
4716 1
8691 1
5303 1
5703 1
5760 1
14227 1
9143 1
3506 1
3997 1
5188 1
5496 1
7667 1
7695 1
6653 1
5375 2
3435 1
4022 1
340 1
496 1
5058 1
4017 1
6996 1
24053 1
673963 1
385890 1
36869 1
347585 1
50317 1
53246 1
54807 1
18721 1
16635 1
3055 1
4189 1
1955 1
744 1
6092 1
2115 1
2908 1
4722 1
26897 1
306938 1
62422 1
61213 1
201857 1
959675 1
8523 1
67299 1
6891 1
3623 1
4364 1
963 1
8557 1
7609 1
3076 1
5909 1
913 1
9631 1
17172 1
2989 1
6975 1
7265 1
4015 1
2623 1
6277 1
3038 1
5133 1
842 1
7347 1
6786 1
6552 1
5268 1
8246 1
30200 1
120168 1
98552 1
37584 1
2619 1
27840 1
102549 1
132347 1
53895 1
500915 1
5274 1
3677 1
7909 1
4031 1
112013 1
9283 2
5239 1
7794 1
4599 1
5157 1
6021 1
30348 1
1326126 1
1281792 1
61507 1
6911 1
766756 1
75238 1
58751 1
1712495 1
46944 1
386117 1
143718 1
20501 1
100131 1
20542 1
3158 2
353302 1
4020 1
3597 1
12885 1
2612 1
6979 1
5906 1
1743 1
2125 1
2968 1
2102 1
1883 1
10190 1
4822 1
6429 1
6451 1
24292 1
129657 1
39287 1
7520 1
8534 1
3540 2
6549 1
968 1
2835 1
6845 1
9773 1
3594 1
9062 1
1837 1
8274 1
24760 1
4214 1
5341 1
606 1
3665 1
3140 1
6192 1
2546 1
3977 2
855 1
3703 1
5541 1
1819 2
3687 1
15520 1
2146 1
482 1
1586 1
19449 1
244975 1
24772 1
39188 1
1427 1
19909 1
9282 1
671539 1
422747 1
133003 1
6594 1
16798 1
1879 1
10638 1
9805 1
13522 1
13923 1
30196 1
8140 1
3628 1
7750 1
3362 1
3155 1
5079 3
19741 1
1051171 1
178913 1
478255 1
28633 1
25152 1
158439 1
37823 1
1056372 1
18492 1
1606 1
32425 1
39347 1
234534 1
130689 1
39011 1
23580 1
4980 1
34966 1
38540 1
6826 1
22423 2
9952 1
18558 1
37628 1
525 3
2564 1
6955 1
1823235 1
4914 1
4377 1
14212 1
2063 1
1741 1
60798 1
301845 1
214552 1
49160 1
3381 1
19786 1
4166 1
12141 1
11208 1
3717 1
356049 1
6767 1
14338 1
17894 1
989 1
9427 1
8294 1
7031 1
3603 1
8312 1
5386 1
9109 1
6000 1
7279 1
74635 1
2724 1
3904 1
310 1
9644 1
6817 1
3206 1
2901 1
5124 1
6614 1
54929 1
3564 1
3765 2
7418 1
5758 1
8419 1
4553 1
5982 1
3813 1
4926 1
14764 1
10097 1
107869 1
35434 1
49759 1
2953905 1
26435 1
16782 1
34516 1
4818 1
7615 1
7680 1
131846 1
17391 1
7118 1
19151 1
3971 2
15579 1
38839 1
8020 1
4433 1
21540 1
994 1
3541 1
16851 1
6101 1
7837 1
1287 3
8042 1
6687 1
5779 1
16052 1
43444 1
141049 1
37053 1
30654 1
29235 1
923582 1
9348 1
29894 1
2760628 1
61095 1
26247 1
39731 1
22721 1
36269 1
36509 1
112855 1
10059 1
17792 1
78131 1
27907 1
4439 2
4966 1
37540 1
5979 1
18223 1
5203 1
54765 1
10098 1
6102 1
161384 1
7289 1
43300 1
2208 1
3551 1
4188 2
1181771 1
779606 1
16259 1
28521 1
12739 1
40122 1
169441 1
38490 1
205173 1
5762 1
14334 1
8527 1
19364 1
18115 1
10118 1
8330 1
78375 1
34824 1
39324 1
10173 1
16561 1
6503 1
4287 1
4858 1
6032 1
4453 1
4981 1
10055 1
13588 1
1951 1
9737 1
3213 1
16804 1
9891 1
4227 1
7318 1
389 1
5493 1
9964 1
3562 1
3446 1
13806 1
3533 1
5833 1
950 1
3538 1
5538 1
16222 1
27771 1
4616 1
4107 1
4946 1
13886 1
5835 1
8796 1
9086 1
8518 1
1890 1
7689 1
4918 1
4302 1
421 1
3627 1
4221 1
3331 1
2000 1
6823 1
9373 1
7198 1
239 1
28121 1
6834 1
18231 1
4538 1
35357 1
49753 1
59821 1
71158 1
878310 1
8014 1
38833 1
1850004 1
101228 1
46004 1
354290 1
27283 1
58806 1
168061 1
487800 1
4560 1
7920 1
119252 1
7129 1
3108 1
2741 1
7374 1
3335 1
5676 1
1980 2
4573 1
37336 1
372413 1
50785 1
96133 1
1303601 1
19065 1
5097 1
34939 1
38274 1
13506 1
3966 1
3582 1
9286 1
5462 1
4382 1
10230 1
2779 2
2672 1
3006 1
4277 1
5657 1
7971 1
3044 2
2956 1
5867 1
1505 1
6703 1
4749 1
4039 1
1983 2
3444 1
3137 1
5926 2
8945 1
1925 1
8098 1
7041 1
275564 1
60395 1
111455 1
13247 1
8156 1
50218 1
6916 2
122845 1
291967 1
280 2
8461 1
2808 3
4771 1
2451 1
29343 1
101254 1
46654 1
871386 1
4319 1
117322 1
46367 1
30049 1
26070 1
4984 1
8412 2
5108 1
10207 1
152410 1
48904 1
5145 1
67119 1
5481 1
77633 1
64563 1
57006 1
7217 1
8800 1
5660 1
9660 2
3434 1
7990 1
6986 1
3243 2
10260 1
3874 2
8810 1
4159 3
11221 1
948 1
7801 1
3312 1
2970 1
6197 2
1856 1
13256 1
2983 1
5367 2
492 1
1689 2
7937 1
2810 1
7222 1
4204 1
4265 1
4892 1
7170 1
3337 2
7103 1
1124 1
1491 1
2503 1
2463 1
1716 2
6098 1
1578 2
12367 1
2094 3
3196 1
20199 1
125839 1
30438 1
266901 1
9904 1
46294 2
39169 1
9292 1
14930 1
9794 1
4138 1
7360 1
2278 1
6295 1
1747 2
9522 2
2580 1
5764 1
6720 1
5746 1
53116 1
1751 2
327 2
535 2
27656 1
7110 1
4592 1
2644 3
3097 2
1226 2
2648 1
4570 1
2911 1
2688 1
905 3
2400 1
1462 2
3455 1
3001 1
15581 1
1159467 1
67218 1
86271 1
14798 1
6889 1
3632 2
6563 1
4721 1
9392 1
25068 1
4522 1
7119 1
9439 1
6869 1
1712 2
2608 1
2832 2
4030 1
2592 1
58463 1
7098 1
6648 1
17068 1
6066 1
831529 1
316374 1
70289 1
3074 1
157169 1
36616 1
102624 1
37602 1
407430 1
418491 1
6130 1
7759 1
5114 1
40839 1
5244 1
28984 1
9731 1
10032 1
39479 1
6872 1
15573 1
36119 1
7385 1
4331 1
3581 1
1334 1
5238 1
4320 1
5451 1
2787 1
2333 2
1785 1
1477 3
338 1
4412 1
489 1
2054 1
5916 1
6409 1
5034 1
5115 1
540 3
2695 1
3285 1
15326 1
8449 1
8956 1
1159532 1
8724 1
15977 1
9224 1
7913 1
8487 1
5578 1
6551 1
232479 1
271962 1
47997 1
14185 1
527835 1
56019 1
51291 1
19153 1
2969 1
13242 1
11215 1
9495 1
5295 1
3802 2
1669 1
2401 1
2103 1
10000 1
3782 2
19881 1
190 4
66821 1
245563 1
60649 1
92375 1
38379 1
313563 1
615398 1
50871 1
6932 1
407579 1
7172 1
10151 1
955267 1
39293 1
510596 1
33167 1
29716 1
48737 1
162330 1
19629 1
18688 1
4307 1
545 2
6659 1
5749 1
3366 2
2676 2
5377 1
5062 1
6776 1
3651 1
3406 1
35349 1
143639 1
24481 1
132182 1
142310 1
8761 1
3943 1
25833 1
10213 1
9406 1
7892 1
6878 1
3220 1
47200 1
6108 1
7099 1
3787 1
5384 1
6789 1
4817 1
3073 1
7783 1
6780 1
551 1
2914 1
9576 1
3701 1
9783 1
7911 1
2369 2
2674 1
1994 1
2561 2
2525 1
3283 1
1956 1
729 1
12838 1
2565 1
4434 1
5503 2
6315 1
16320 1
30479 1
276355 1
50058 1
120484 1
32662 1
10031 1
1304429 1
30029 1
24216 1
58965 1
159592 1
139640 1
107174 1
30335 1
40066 1
4972 1
15245 1
2915 1
2494 1
3419 1
2296 1
474 3
1590 2
2355 1
7591 1
8832 1
20500 1
56000 1
4635 1
9808 1
49451 1
19664 1
6131 2
5228 3
5086 1
6148 1
6025 1
170616 1
45572 1
117483 1
47840 1
22686 1
16220 1
7639 2
141188 1
6735 1
3007 1
26699 1
15719 1
9372 1
4893 1
6456 1
7956 1
4346 1
6426 1
5156 1
13330 1
5847 1
8310 1
7896 1
3361 1
5910 2
4018 1
11765 1
1492 2
5231 1
5282 1
6941 1
4537 2
7840 1
5976 1
4831 2
3989 1
14262 1
22396 1
27608 1
7102 1
8932 1
8069 1
6447 1
3884 1
10570 1
297 1
6821 2
959884 1
4495 2
954 1
3544 1
2067 1
3388 2
24471 1
3925 2
2596 4
4340 1
6122 1
1886 1
7871 2
2474 2
1438 2
9995 1
6327 1
6527 1
30330 1
1798 1
762000 1
2310 1
7697 1
3926 1
4982 1
14802 1
3199 1
30521 1
96990 1
172939 1
37528 1
24548 1
29214 1
109736 1
49450 1
138838 1
5289 2
7290 1
6111 1
16950 1
312298 1
3351 1
4326 1
1620 1
22973 1
2427 1
2065 2
417 1
3584 3
1979 2
4927 1
1909 1
5736 2
12590 1
28327 1
176634 1
52761 1
1125853 1
1673 2
53038 1
1437051 1
29558 1
48863 1
19038 1
33715 1
100002 1
2800 1
14789 1
8165 1
1973 1
115169 1
2166 1
23800 1
3254 3
3080 1
4641 1
8676 1
5085 1
157230 1
7729 1
38753 1
25904 1
5358 1
15631 1
19480 1
4329 1
7633 1
46211 1
15392 1
142783 1
241198 1
66266 1
266237 1
14138 1
533963 1
10040 1
27930 1
3212 1
6645 1
10231 1
4370 1
6189 1
15612 1
17816 1
2733 1
4253 1
6003 1
30725 1
30587 1
9330 1
4140 1
4676 1
1545 2
6269 1
37419 1
6600 1
6918 1
5104 1
7008 1
7298 2
8593 1
3608 1
7285 2
7391 1
9055 1
7506 1
8838 1
806 1
7894 1
12279 1
2006 1
8049 1
38312 1
7493 1
18335 1
17403 1
5227 1
194394 1
26709 1
125983 1
51194 1
761 1
52126 1
29629 1
19277 1
5827 1
3382 2
3157 1
2332 3
2243 1
4256 1
2823 1
7944 1
38763 1
218620 1
132345 1
9287 1
50379 1
61366 1
7351 1
48443 1
328259 1
1825 2
22371 1
17557 1
1185 3
2673 1
2319 4
38437 1
7618 1
15062 1
25335 1
426554 1
46864 1
29246 1
23942 1
29922 1
19649 1
133161 1
50810 1
7839 1
891736 1
29636 1
674707 1
13092 1
131307 1
7403 1
17676 1
2533 1
928 2
591 3
64170 1
2532 1
1678 1
436 1
4164 2
8253 1
3923 1
357131 1
79993 1
35050 1
76576 1
60920 1
553598 1
7487 1
48579 1
36376 1
8547 1
8939 1
9641 1
6115 2
831 1
11104 1
4153 1
117 3
10390 2
9045 1
1977 2
11090 1
817 2
6790 1
9916 1
7730 1
7332 1
3580 1
121700 1
18970 1
10593 1
320 4
5190 1
3895 1
18346 1
8073 1
7027 1
1685 1
5489 1
4906 1
844 1
5138 1
2472 1
9723 1
6040 2
3896 1
2919 2
2129 1
6015 1
823 1
3642 1
3699 1
3278 1
1480 2
334 1
404 3
1478 1
1017 2
5894 1
16940 1
179602 1
46742 1
1164875 1
30371 1
3850 1
24396 1
26965 2
58741 1
132589 1
25779 1
14845 1
4579 1
6897 1
3497 1
3804 1
1833 1
383303 1
3202 1
4539 1
2154 2
2202 2
9147 1
9260 1
23513 1
54332 1
4211 1
1483523 1
5144 1
6501 1
47593 1
7174 1
1291299 1
110088 1
532351 1
48322 1
2034 1
156129 1
337424 1
175 1
308365 1
1380 4
19658 1
532 1
7772 1
3260 2
3824 1
6495 1
3493 1
2749 1
3965 1
9077 1
5468 1
1737 1
1337227 1
38518 1
47109 1
1150246 1
30023 1
10129 1
92313 1
287422 1
38305 1
128741 1
5465 2
15738 1
59277 1
7657 1
7775 1
69413 1
963378 1
2780 2
8786 1
92377 1
374 1
20084 1
13382 1
6831 1
12851 1
2578 2
4190 1
3937 1
4778 1
8409 1
49501 1
18682 1
932 2
592 3
31543 1
724 2
1429 2
30254 1
11195 1
52287 1
46322 1
1350993 1
4243 1
148065 1
62438 1
48272 1
335428 1
97032 1
99013 1
37375 1
181197 1
6205 2
57349 1
8634 1
55992 1
4059 1
3181 3
4458 1
7503 1
8160 1
8995 1
20358 1
13367 1
4844 1
16357 1
25772 1
19200 1
7753 1
52788 1
21969 1
7053 1
3823 2
7038 1
10225 1
6230 1
3853 1
14750 1
6539 1
2900 1
13173 2
5428 1
4860 1
686 1
4901 1
2373 2
16832 1
6559 1
25097 1
4551 1
5178 1
6358 1
4373 1
4478 1
13441 1
3168 1
17969 1
7696 1
2409 2
4473 1
7380 1
29974 1
57226 1
177167 1
17203 1
6438 1
4564 1
1893 3
361 1
5419 1
933 3
5765 1
4503 1
1400 3
3698 2
6700 1
5630 1
5672 1
4800 1
61044 1
937522 1
5370 1
611477 1
50731 1
57413 1
37290 1
140020 1
1517352 1
26475 1
16762 1
4620 1
358 1
4414 1
9249 1
4298 1
6229 1
1282 2
307 1
509 3
3711 1
12417 1
2144 1
4567 1
44991 1
24445 1
34118 1
66867 1
37224 1
23293 1
13020 1
107626 1
6069 1
54966 1
386586 1
64389 1
26847 1
18591 1
8085 1
10633 1
9960 1
12678 1
53770 1
2405 1
353121 1
3839 1
4760 1
17028 1
6755 1
17734 1
884 1
2875 1
7717 1
15537 1
5264 1
5143 1
4726 2
6612 1
9506 2
6876 1
6395 1
4374 1
2212 1
104 3
2635 1
2072 1
4622 1
6579 1
4235 1
616 1
5579 2
5368 1
1934887 1
3563 2
70 1
986278 1
10343 1
7422 1
140 3
621544 1
5164 2
1459 4
3359 1
1164 4
6104 1
1343 2
10426 1
153 2
6604 1
2073 1
1726 1
4638 2
4496 1
7979 1
1841 3
17521 1
7248 1
2998 1
8463 1
47259 1
16440 1
2030 2
906 1
280432 1
110005 1
1497205 1
439096 1
8577 1
183218 1
16565 1
47384 1
273467 1
345378 1
30054 1
9607 1
60972 1
163746 1
25860 1
6056 1
6766 1
13694 1
1094335 1
5397 1
2807 2
528 2
2299 1
2043 2
2186 1
1918 1
3078 1
8619 2
2589 1
1810 1
597644 1
3961 1
14234 1
326570 1
400441 1
66419 1
35600 1
116360 1
219090 1
61589 1
4103 1
3993 1
3820 1
4301 1
5987 1
515 3
4469 2
925 1
4247 1
2550 1
8994 1
5655 2
10523 1
250 1
752187 1
2258 2
191872 1
67573 1
415628 1
739041 1
4754 1
508131 1
50648 1
47930 1
23996 1
95907 1
14100 1
24373 1
170654 1
2562 1
53927 2
147654 1
119526 1
37342 1
1705 1
597539 1
193541 1
200182 1
38946 1
302280 1
8758 1
28071 1
120023 1
17293 1
427247 1
6054 1
6386 1
98843 1
1532 2
8096 1
2313 1
37530 1
8890 3
463 1
7237 1
1972 4
3520 2
792 2
8657 1
3451 1
24994 1
4448 1
1846 1
4185 1
2701 1
2660 1
6548 1
6661 2
10062 1
3901 1
2334 2
2573 1
3708 1
1323 2
3332 2
11141 1
3291 2
16558 1
6285 1
4466 1
42621 1
1529 1
5685 1
25383 1
354119 1
4837 1
2057 3
3772 1
8174 1
5798 1
4369 1
5469 1
18673 1
6259 1
13774 1
2433 1
17257 1
558891 1
4149 1
5028 1
3683 2
3704 1
6270 2
5512 1
3499 2
2169 1
4492 1
7658 1
305 1
3545 1
622858 1
1313480 1
35206 1
240844 1
447221 1
7328 1
48420 1
120848 1
563320 1
2302 1
22848 1
5885 2
10171 2
47307 1
22274 1
18809 1
6833 1
4106 1
2523 2
2948 2
48331 1
7239 1
3924 2
6250 1
10026 1
268 4
762 1
6168 1
2809 2
756073 1
6144 1
507 2
9001 1
900203 1
6452 1
10949 1
676 2
493 1
8327 1
20648 1
102 1
7092 1
424 1
3392 1
6998 1
6566 1
7405 2
2756 3
3747 2
1433 2
303 1
5727 2
5253 1
816 1
7573 1
4614 1
4701 3
3930 1
3303 1
93298 1
841 1
46720 1
5628 1
50551 1
192048 1
47153 1
1010871 1
20054 1
29909 1
92366 1
31590 1
7254 1
17527 1
2019 1
1600 2
877 2
3963 1
2078 2
4379 2
7306 1
5416 1
273499 1
16674 1
30280 1
37301 1
663604 1
977784 1
53214 1
533022 1
3092 1
64730 1
30047 1
1294286 1
35085 1
87871 1
48688 1
437995 1
316184 1
19139 1
30375 1
20102 1
5495 1
6103 1
5055 2
562 1
1596 2
2788 1
1717 1
2141 2
3136 1
309 1
10582 1
6284 1
24836 1
6074 1
1505932 1
116731 1
57730 1
6365 1
47457 1
19683 1
29956 1
248902 1
41500 1
133146 1
173530 1
1126292 1
37354 1
675492 1
709 3
473267 1
2324 1
53689 1
18256 1
30097 2
677549 1
3964 1
891 1
56892 1
15800 1
8188 1
5729 1
743 1
3216 1
4937 1
2575 2
2636 2
1623 1
1884 1
3174 1
6064 2
2894 2
941823 1
6980 1
9140 1
103 2
302930 1
12988 1
3626 1
38652 1
40404 1
24398 1
23410 1
9766 1
61992 1
354 2
2496 2
6304 1
103051 1
321 3
6868 1
17141 1
8783 1
5213 1
3116 1
71511 1
9873 2
9529 1
264 4
7784 2
1931 2
390700 1
326 1
10599 1
7459 1
838 3
4690 1
723 2
2594 2
6193 1
7986 1
52210 1
845 1
16957 1
3018 2
20445 1
19687 1
53991 1
12899 1
209335 1
14148 1
3282 1
3764 1
934 2
11768 1
1495 5
3796 1
6772 2
7625 1
5822 2
9929 1
5149 1
1473 3
3494 1
1227 3
27006 1
735843 1
6460 1
2794 2
3557 1
3978 2
17066 1
30155 1
429875 1
70241 1
39875 1
1808635 1
49388 1
26782 1
201423 1
428337 1
5206 1
3635 3
2482 2
883 1
1680 1
24492 1
3946 2
1791 1
1982 1
4633 1
29875 1
3726 2
24272 1
58788 1
459435 1
60524 1
693533 1
472232 1
29662 1
3894 3
55259 1
592564 1
551897 1
38447 1
27540 1
10265 2
6181 1
3153 1
8673 1
2906 3
9762 1
6886 1
2143 1
12416 1
6898 1
7587 1
5490 2
4986 1
2331 2
7195 1
7610 1
4406 1
6784 2
2890 1
13163 1
20312 1
48252 1
10119 1
3132 1
17758 1
3413 1
212268 1
6808 1
4315 1
3590 1
4420 1
739 2
1358 2
2893 3
2507 1
4653 1
1693 1
2997 2
8777 2
5617 1
338279 1
1827 1
474385 1
136557 1
1975424 1
49887 1
202566 1
7211 1
8910 2
29422 1
8876 1
25924 1
171488 1
29980 1
39488 1
106525 1
24341 1
182169 1
12487 1
2214 1
53579 2
6139 1
4155 1
590 2
10863 1
9600 1
6033 1
36852 1
2883 1
105613 1
2971 1
7858 1
5438 1
9087 1
1294 3
53829 2
2464 3
1398 2
2221 6
5276 1
1537 2
3471 2
9306 2
2375 3
189995 1
5081 2
6145 1
36964 1
26691 1
30069 1
307440 1
135742 1
453 1
103183 1
306679 1
5374 1
190288 1
305011 1
37952 1
10131 2
5080 1
4651 1
14924 1
195325 1
138 1
6302 1
4924 1
4468 1
436164 1
4698 1
9431 1
3231 1
3472 1
24018 1
7494 2
10205 1
54130 1
2765 1
3638 1
804 2
6364 1
2370 1
37062 1
334979 1
6243 1
14937 1
4664 2
24234 1
3688 2
5876 1
4925 1
812 2
5615 3
5610 1
5187 1
3803 1
385641 1
5540 2
5515 2
4027 1
1796 2
2670 2
4947 3
1449 3
10844 1
571 2
24592 1
4046 1
36466 1
57012 1
5647 2
3059 1
5256 1
23364 1
2818 1
1009 3
6887 2
1536 2
5508 1
38546 1
7727 1
4756 1
6787 1
1204 2
598353 1
2519 2
3247 1
5066 1
4624 1
5587 1
508964 1
384257 1
49758 1
490568 1
47691 1
915083 1
21332 1
786 3
8236 1
3869 2
9532 2
9700 1
4091 1
5050 1
74 3
710 1
2848 2
5598 2
1272 3
713 2
4865 1
9538 1
3505 1
7117 1
91642 1
4123 1
55488 1
486335 1
1961005 1
47096 1
800506 1
6114 1
16387 1
6223 2
6683 2
3342 1
10226 1
9844 1
8749 2
3851 2
43958 1
2866 2
3469 1
4783 1
5671 1
15944 1
6581 1
684 1
10957 1
18284 1
7276 2
2008 2
10206 1
10723 1
450 3
9084 1
88 1
7606 2
13982 1
3709 1
3300 1
14688 1
4415 1
1394 5
779 2
949 1
16479 1
6206 2
13425 1
3152 1
2412 1
4013 2
1487 2
2972 1
2467 2
26717 1
6171 1
2657 2
2729 2
12073 1
1800 2
1283 2
12192 1
1919 2
4230 1
5142 1
3346 1
3356 1
3123 1
3293 3
8279 1
6778 1
472 1
2659 2
2130 2
5340 1
7818 1
3956 1
24002 1
920 2
1589 3
59504 1
791470 1
36368 1
724841 1
7562 1
38381 1
54783 1
8361 1
614468 1
29910 1
5259 1
66897 1
28989 1
18716 1
4362 1
1617 2
11890 1
9678 1
10071 1
4048 1
69 2
1032 4
1512 3
1333 3
197 2
5487 2
772 2
13987 1
3714 1
4958 1
2493 1
230034 1
4028 1
235 2
6602 1
2449 1
22995 1
874 3
890785 1
354587 1
1672 4
61302 1
470853 1
49747 1
560966 1
6208 1
478766 1
1467502 1
6020 1
16632 1
6359 2
15139 1
3104 3
5014 2
3252 2
1854 2
20747 1
201 4
423360 1
2167 3
764 5
4715 1
2601 2
55732 1
4367 2
5664 1
2378 1
7189 1
5036 2
461496 1
19757 1
2344 2
159730 1
5635 1
211095 1
5892 1
46984 1
7547 1
788295 1
2943 2
136492 1
30261 1
86203 1
24329 1
3048 1
537244 1
59397 1
14401 1
39040 1
37117 1
50408 1
29651 1
8028 1
90212 1
1914 1
53279 1
56023 1
1907 1
19810 1
825 1
13606 1
810 1
7505 1
2138 1
1263 2
4451 2
3019 1
2085 2
1369 1
3054 1
678 2
4441 2
1357 2
5237 1
1867 1
5343 1
6407 1
16680 1
13696 1
3423 1
2978 1
658 2
3476 1
13749 1
363031 1
451746 1
67336 1
557367 1
3657 1
55022 1
410 3
2320 2
5841 1
2517 2
1767 4
1934 3
10027 1
8715 1
62671 1
185947 1
1033 6
23589 1
3043 1
8164 2
912 2
9941 1
1813 2
37673 1
6854 1
3093 1
5728 1
3661 1
2746 1
1426 1
8920 1
1224454 1
1967 6
6906 1
5865 1
1430 4
5045 1
4332 1
3798 1
1862 3
805 1
2554 1
24408 1
3862 1
11244 1
971 3
865 1
2520 1
4505 1
11686 1
1413 3
2391 2
7515 1
28123 1
998 2
2185 1
72548 1
637 2
1736774 1
129229 1
38345 1
47022 1
737665 1
47272 1
6180 1
98637 1
78130 1
24339 2
40742 1
193734 1
17738 1
5017 1
2813 1
143 3
3734 1
2502 1
1722 1
21013 1
467 1
2855 1
54242 1
2877 3
2047 2
11174 1
901 2
3845 1
3087 1
7218 1
3188 5
20517 1
946 1
853515 1
856 4
308102 1
37504 1
5447 1
765649 1
1754 1
443493 1
557779 1
30313 1
3987 1
127263 1
5633 1
1187028 1
35124 1
17536 1
468002 1
48327 1
7644 1
562386 1
3941 2
55306 1
6331 2
324794 1
18863 1
20243 1
9970 1
29729 1
9183 1
10144 1
81693 1
20055 1
23591 1
2709 2
4748 1
15021 1
112994 1
10264 1
46799 1
724817 1
5707 2
1601 2
2761 1
2946 1
6140 1
6112 1
1823 2
207269 1
1809 3
2181 1
6062 1
3583 1
24129 1
53530 1
12438 1
4244 1
893 2
3768 1
4618 1
7401 1
5803 2
2199 1
16810 1
6537 1
1388 3
1656 2
7677 2
9528 1
2271 3
4899 1
5559 1
24746 2
50194 1
47155 1
12750 1
136026 1
2230 2
7076 2
5363 2
9855 1
402806 1
2159 1
52139 1
774 2
4940 1
6774 1
869 1
11142 1
6788 1
899168 1
5417 2
2458 2
5423 1
516 2
6308 3
1892 2
10069 2
409 3
7900 2
741614 1
1958 5
1504 4
6591 1
351 1
142 4
3871 2
5047 2
1181 3
55805 1
4440 1
584815 1
9527 1
14614 1
94873 1
2416 2
872 1
3240 1
13758 1
8671 1
520 3
2216 2
2691 1
163262 1
1115 2
2111 1
74022 1
12384 1
2210 1
8260 1
352455 1
3173 4
1093 8
8071 1
2984 4
6972 1
1885 2
13832 1
24105 1
6366 1
1279 4
2245 2
386 2
1403 4
6490 3
57360 1
6731 1
46932 1
98297 1
1644 1
2902 3
11446 1
915470 1
1173 4
75518 1
3607 1
2127 4
2256 2
758 3
7355 2
27703 1
2042 4
5355 1
3062 4
2168 3
19957 1
4696 1
1593 2
2757 2
300674 1
541 7
662315 1
112919 1
21551 1
1005 3
263 5
5350 1
8180 1
28726 1
6079 1
992 3
233 7
7448 1
3849 3
9849 1
7796 1
9294 1
35026 1
4207 1
5152 3
21132 1
5871 1
485 1
5572 1
716 3
2516 2
407815 1
7168 1
2081 3
2120 1
11570 1
1297 2
1770 3
2161 1
1984 3
63526 1
1888 2
335 2
5422 1
2606 4
3534 3
39143 1
72938 1
1027 6
46810 1
1759 1
3647 1
1136 7
21691 1
1145 4
49644 1
8552 1
1467 4
3629 2
446 5
898 3
36507 1
8520 1
52640 1
1275 3
1522 2
4045 2
2266 2
7353 2
61367 1
42540 1
32267 1
1448 3
1349 1
11622 1
3318 1
8405 2
1212 4
10885 1
612 4
3383 1
1736 3
215390 1
216828 1
1095 3
7191 1
304 5
1159 5
36570 1
57116 1
22176 1
52995 1
1630 4
12864 1
3416 1
948532 1
7437 1
5391 1
1700436 1
1378 5
334518 1
1153 4
8544 1
3457 2
171328 1
21811 1
1265 4
95147 1
28708 1
3273 3
5868 1
4535 2
6507 2
1420 5
2786 3
1460 2
1220 5
2289 2
1337 3
3306 2
1969 3
414016 1
14623 1
4350 3
4077 2
2112 3
214 4
5301 3
414225 1
3305 4
8600 1
2104 2
690395 1
12369 1
2096 5
13298 1
434491 1
27531 1
37834 1
2225 2
89 3
315483 1
89177 1
520643 1
19606 1
29879 1
2802 2
68348 1
53582 1
2217 2
4819 1
15092 1
8926 1
1873 2
3385 1
13658 1
24030 1
3484 2
615 4
2792 1
1943 4
1844 2
12117 1
1580 4
1241 4
974 5
4643 1
22485 1
1939 2
68070 1
5570 1
483 2
136 5
553851 1
9382 2
1677 1
20811 1
265 3
5352 1
3610 1
5967 1
880 2
20595 1
287693 1
49 7
3552 2
167920 1
10223 1
4815 1
101 1
11654 1
1381 5
11268 1
995 4
5709 1
622 2
1840 3
757 4
688 1
127863 1
5775 1
302 1
5389 2
3880 1
6237 1
1150 4
2200 4
47058 1
5966 1
879 2
6184 1
127 4
1929 2
1165 6
2637 2
1568 2
45186 1
4094 2
368637 1
19355 1
8159 1
715 4
53695 1
2330 2
2231 1
63869 1
12504 1
7417 1
1959 3
7046 1
5747 1
2766 2
1384 5
32850 1
12304 1
2031 5
1573 1
6660 1
22312 1
1766 4
6853 1
1562 1
37171 1
10485 1
212 6
132474 1
22479 1
1933 2
7490 1
557145 1
2403 3
1815 1
4490 1
9577 1
5759 1
1045 4
697 2
5784 1
1444 1
371097 1
1269 5
31791 1
24475 1
3929 2
49712 1
6411 3
18196 1
2935 1
5623 2
1465 4
2450 2
10568 1
31114 1
295 2
4392 1
107122 1
10437 2
164 4
65 4
10338 2
1821 6
48089 1
17270 1
2009 1
116262 1
34078 1
3259 1
4555 1
2675230 1
2198 4
8947 1
2985 1
105715 1
1055 2
4903 1
5283 1
196 10
1058185 1
66 5
2033 4
4590 2
30025 1
7268 1
4357 3
1132 8
5074 1
1362 4
5708 1
621 1
2700 2
1306 2
50592 1
214960 1
11932 1
53024 1
1659 2
8500 1
4280 1
14454 1
29715 1
2170 3
2929 3
13223 1
3049 3
2184 3
1670 2
1213 2
576501 1
3125 2
3026 2
13299 1
8212 1
2642 2
447569 1
1344 3
6431 2
58626 1
449000 1
510701 1
2001 2
46785 1
1002 2
16362 1
6089 1
29571 1
8263 1
18536 1
3275 1
9305 1
4218 1
19412 1
2521 1
351803 1
3274 3
15842 1
5569 1
1199 6
470 2
20422 1
61514 1
6124 2
11310 1
21583 1
1037 6
3371 1
11373 1
1100 9
35087 1
4268 2
1911 1
10734 1
461 2
1744 1
1645 3
11918 1
3175 2
8262 2
1184 3
3459 2
1561 6
12343 1
2070 1
1111 3
3468 2
82922 1
738 1
287 4
2387 1
413307 1
35131 1
14585 1
4312 1
2074 5
57157 2
1200 3
36809 1
589 3
4255 1
32368 1
1549 3
821 3
3178 1
4710 1
1355 4
510 2
10783 1
244 5
5331 1
5101 3
14 104
2798 2
2328 1
2219 3
4187 1
14361 1
2046 2
17307 1
24315 1
3769 3
8856 1
1412 2
6499 2
3340 2
983 2
2209 1
402856 1
1160 4
21831 1
1285 5
702 2
10975 2
801 5
24307 1
37211 1
5851 2
10938 1
1137 6
8817 1
1377 2
406 2
1803 4
1418 3
6505 1
3182 1
185980 1
1066 6
1957 2
1179 4
2728 2
38337 1
735256 1
2996 3
8083 1
3779 1
3139 2
59096 1
7976 1
54254 1
2889 4
5089 2
2 4
50872 1
366 2
267 5
10540 1
7690 1
2603 2
619 2
5706 2
2301 2
385 3
40407 1
50680 1
1183 4
1048 3
1710 5
11380 1
1107 3
21611 1
1065 9
3560 3
194 4
3129 2
140478 1
10327 1
54 8
5141 1
1302 5
2061 3
1566 2
52931 1
3750 1
462978 1
693 1
5681 1
15954 1
703 1
3250 3
2923 2
753 1
130 4
5217 1
12983 1
2710 2
1559 1
22717 1
2171 4
52710 1
1345 1
3992 4
1635 2
2694 3
1563 7
6650 1
11272 1
999 2
6086 1
2542 1
2665 1
2435 1
10351 1
78 4
2015 3
1146 2
6233 1
3232 4
243 8
7314 2
2227 2
1784 1
12057 1
29091 1
3656 1
55287 1
3922 1
1565 4
931 2
6018 1
112143 1
27960 1
171782 1
3911 1
9979 1
50675 1
660 4
10933 1
759 3
1064512 1
1329 4
6840 1
99297 1
3479 2
1277331 1
494 6
1414 2
232 5
2717242 1
5170 2
83 4
3323 2
39229 1
8410 1
4562 1
2205 1
6203 1
119206 1
1069719 1
1327 2
26762 1
8388 2
373 1
5460 1
2309 3
64876 1
434704 1
6335 1
2349 1
83485 1
21847 1
1301 6
221 4
15482 1
871 3
3245 2
3146 1
13419 1
1942 2
1149 5
6510 1
1621 4
6708 2
751876 1
1947 2
3807 2
28651 1
55487 1
7245 1
2158 3
7877 1
2790 1
7751 1
10078 1
4991 1
1498801 1
40035 1
55791 1
4426 1
9117 1
50209 1
33306 1
2487 3
17847 1
7574 1
53404 1
8496 2
112204 1
290 3
12081 2
1808 2
6895 2
1351 4
29635 1
4755 4
11001 1
728 2
2339 1
8637 1
13823 1
3550 2
6207 1
1120 4
3221 2
35024 1
4205 1
15006 1
6044 1
83141 1
957 5
18087 1
7022 1
99479 1
5437 1
350 2
564 7
482997 1
10439 1
166 5
40862 1
4880 1
9594 1
55872 1
4507 2
3553 3
13727 1
8640 1
116 3
1348 3
661 5
5560 1
10746 1
473 3
36082 1
8050 1
1333267 1
2316 2
17577 1
2285 1
171892 1
2188 1
12025 1
1752 2
721 3
6024 1
7629 1
192543 1
1626 2
7682 1
3308 2
2213 3
4422 2
1321 5
16582 1
6035 2
6974 2
1887 4
7309 1
500413 1
2260 1
184 6
2541 5
1519 5
108346 1
3876 1
214027 1
49659 1
223 1
20769 1
1511 1
32330 1
11784 1
1280 4
733 6
9927 1
1441 3
13226 1
3266 1
99919 1
29193 1
5222 1
151 5
7745 1
1211 3
679229 1
674 3
575 4
10848 2
5963 1
876 2
3842 1
5771 1
3414 2
1057 6
2137 3
3763 2
3407 2
65045 1
1193 7
3374 1
1952 3
1853 3
12126 1
2359 4
42800 1
1708 1
4313 2
1474 5
5392 1
1667 2
7611 1
2524 2
17698 1
7425 1
6087 2
40 9
4975 1
1610 2
11883 1
1709 2
5185 1
40219 1
379228 1
718237 1
1201 9
7272 1
7736 1
38555 1
183 4
617 3
37317 1
6498 2
1411 4
1231 6
819585 1
8018 1
2931 1
2506 2
4863 2
3744 1
4161 1
4644 2
2265 1
110431 1
7701 2
2614 2
370 1
2784 1
280155 1
1130 4
21676 1
1328 5
11592 1
1319 2
42 6
4931 1
25477 1
13427 1
3154 3
4511 1
936 1
5825 1
26371 1
342 4
61980 1
10217 1
10316 2
43 12
20292 1
61384 1
30565 1
10941 1
52033 1
668 2
6081 1
365636 1
301 3
178346 1
580676 1
5388 1
6515 1
417435 1
32954 1
2135 1
770870 1
395 4
1141 5
6228 1
2849 5
2515 2
1470115 1
1076 2
11425 1
1152 4
588 4
390 2
20936 1
4442 2
708063 1
9499 1
431537 1
71 5
10678 1
405 1
5492 1
8030 1
5673 1
2197 1
1769390 1
2434 2
5732 1
46824 1
21626 1
1080 5
1569 1
23337 1
2791 1
2692 1
12965 1
434 2
6877 2
1493 3
32312 1
1790 2
541012 1
814 3
5826 1
952 2
2441 1
84 3
5171 1
6378 3
1291 2
174 4
26101 1
666 2
2274 3
37883 1
4762 1
138311 1
3319 2
4196 2
2982 1
18348 1
1902 2
118903 1
38592 1
7773 2
2686 2
1347 6
36956 1
1024 10
1541 1
10969 3
5882 1
5604 1
21063 1
517 5
73211 1
1300 3
1170 3
544 3
1273937 1
85 3
467457 1
5172 2
1086 9
1356 5
2452 4
7539 1
17713 1
2353 1
12626 1
1021 5
1851 1
3616 1
2722 3
43269 1
2177 1
135231 1
1682 3
53047 1
1502 3
68227 1
6589 1
328177 1
2609 1
53479 1
554 3
1965 1
7052 1
669243 1
1498 4
1399 2
11672 1
1225 3
1904 3
58356 1
6991 3
3877 2
8964 1
5317 3
51595 1
230 5
3599 1
1242 4
432312 1
41938 1
5387 1
300 4
25735 1
1718 3
13843 1
3570 2
955 3
336 4
237 4
88966 1
6782 2
4425 2
21868 1
1322 1
662 4
1151 2
52516 1
1646 4
21361 1
815 1
93272 1
4688 2
56053 1
10270 1
10369 1
96 3
133348 1
30618 1
2860 4
7947 2
23327 1
8066 1
3792 1
8506 1
29970 1
9424 1
4337 1
24685 1
4071 1
21779 1
1233 1
6320 1
4630 1
1239 1
748054 1
18671 1
3013 2
48796 1
15996 1
735 4
17330 2
2069 2
1638 3
6725 1
85139 1
2955 3
2460 1
53825 1
3447 2
598 3
10079 1
81990 1
1546262 1
5312 1
225 2
13224 1
2951 1
54933 1
722 3
5809 1
5436 2
2201 1
526124 1
2163 3
2870 1
18230 1
7957 2
717 4
10891 1
691 2
7563 1
2698 3
1370 7
54483 1
3118 4
1926 3
4879 3
16739 1
418604 1
7684 1
240 4
61894 1
256 3
1312 4
6399 1
821408 1
975503 1
708405 1
3284 2
7757 1
5829 1
9202 1
415035 1
4115 2
2005 2
79 4
132341 1
10559 1
286 2
2825 4
52114 1
11022 1
749 4
48627 1
2844 2
878 1
1631083 1
7949 1
2763 1
13036 1
2862 1
7652 1
38471 1
62160 1
227122 1
1116 8
5638 1
243695 1
458577 1
34440 1
39557 1
1515 2
32334 1
104542 1
1812 3
46886 1
62741 1
1103 6
36966 1
22538 1
1992 2
471 1
370265 1
10710 1
437 2
4232 2
1783 3
1518 4
6605 1
8056 1
954238 1
27777 1
985 6
1307 4
11323 1
1050 4
930 2
112844 1
36539 1
26974 1
6428 1
62833 1
1195 5
3731 4
13180 1
2907 1
127050 1
3774 4
1417 5
1318 2
11591 1
481 3
5568 2
5509 2
323 2
10596 1
3523 1
258 4
2615 1
1257 6
1148 6
899 2
6177 1
1090 3
1463 2
10425 1
152 5
364302 1
4747 1
35467 1
14921 1
177031 1
2390 2
33 14
3081 2
30347 1
29887 1
55322 1
1035 6
2868 2
1296 4
681 2
7273 1
202 8
1508 5
1310 2
21856 1
6595 1
958 2
704084 1
1385 2
73296 1
469351 1
17339 1
1698 4
60 5
5147 2
2417 2
1636 5
6723 1
5078 1
364 6
458 9
2505 4
11960 1
1687 3
1588 1
1511719 1
11861 2
2504 3
3119 1
5476 1
317 4
61426 1
10061 2
260 3
610 2
14608 1
4335 1
19596 1
197165 1
1978 2
3016 2
5035 1
2678 3
3858 3
1654 2
13380 1
3107 2
4765 1
2408 4
51 6
7761 1
5777 1
3279 2
8366 1
2994 2
1482 4
775 3
972392 1
808 2
981 2
3338 4
1999 2
7086 1
10569 1
296 2
3215 2
4428 1
9515 1
2071 3
7158 1
331740 1
3004 1
4240 1
35220 1
4401 1
71022 1
40500 1
2669 3
7756 2
1229 7
29949 1
894905 1
1154 4
350706 1
1424 3
37033 1
39136 1
34346 1
3527 1
15876 1
5603 2
10331 1
58 9
36425 1
5425 2
35828 1
219 6
630272 1
3619 2
1404 3
1927 4
485192 1
640 4
134189 1
4284 1
2066 3
645 2
7299 3
7002 1
37821 1
4003 3
583 1
14725 2
19812 1
1049124 1
1278 5
7651 1
2937 2
31221 1
699 3
169 4
1246 3
1735 1
1240 4
52605 1
24638 1
4092 2
11038 1
765 2
1069 8
31888 1
6453 1
11639 1
1366 2
4163 2
1945 3
53068 1
1703 3
2881 2
28316 1
524 3
229439 1
5611 1
311407 1
3217 2
3500 1
54865 1
24343 1
7411 1
1630545 1
28140 1
12131 1
340867 1
145680 1
1858 5
5212 2
35734 1
51490 1
125 1
44 9
925297 1
727 4
5814 2
1829 4
4186 3
9273 2
200 6
1309 4
6396 1
1007280 1
526 4
5613 2
2187 1
6901 3
1163 4
4035 2
39644 1
19066 1
161376 1
7281 1
47264 1
6172 1
1085 2
13118 1
2845 1
940 3
16201 1
2602 2
1354 5
9005 2
60370 1
4413 1
55075 1
3710 2
319 3
15679 1
5406 1
123 3
35732 1
1232 5
4884 4
9971 1
448 1
1148122 1
7904 1
2817 1
2754 1
11636 1
1363 6
2697 1
43789 1
6083 3
897 1
401544 1
11170 1
996 4
4470 1
6827 2
1740 1
2252 2
9812 1
61177 1
133 2
4725 1
56090 1
4609 2
3949 1
24495 1
1339 3
2742 2
7829 1
5099 1
12 117
7135 2
55770 1
4405 1
69325 1
1117247 1
3194 4
3477 4
275 2
10548 1
11413 1
52505 1
1140 6
2225195 1
16500 1
6227 2
5854 1
767 2
4671 1
66309 1
205638 1
178 9
30700 1
3927 1
8641 2
1012 6
2121 2
1128 4
91087 1
39722 1
4113 1
1585 5
16846 1
6672 1
27512 1
2077 3
6669 1
150491 1
58034 1
6238 1
17070 1
47233 1
283512 1
115641 1
34 16
10208 1
1143 7
8690 1
18864 1
38773 1
1061 8
962 3
11235 1
9536 1
30082 1
4647 1
686887 1
8869 2
1236 4
4082 1
55447 1
371614 1
1786 3
2196 2
2863 1
115866 1
64501 1
23409 1
8148 1
58764 1
1096 3
486 4
2843 1
16010 1
5737 1
2095 4
101089 1
1127 4
18 61
3063 1
2964 1
13237 1
4734 1
46912 2
48816 1
855692 1
3033 1
8837 1
70475 1
1834 1
22380 1
2032 1
3524 1
508 1
5595 1
10364 1
91 5
8486 2
3201 1
23747 2
3399 1
2738 3
28665 1
381 4
1490 3
6577 1
2677 4
12455 1
2182 2
53547 1
53836 1
2471 3
2098 3
114 2
440 1
3906 2
3511 2
148731 1
189823 1
479249 1
6691 1
1604 2
1293 6
1039 6
11312 1
1138 2
37044 1
417145 1
6225 1
427056 1
439 2
22967 1
2421 5
10337 1
64 5
5151 1
881 2
37534 1
4536 3
9623 2
2318 1
2457 1
100 4
40796 1
3324 1
23870 1
236 3
137 4
10410 1
11479 1
1206 2
6293 1
87685 1
5920 2
10025 2
2109 1
12382 1
34929 1
76021 1
4847 1
2490 3
1311 3
21857 1
1509 2
13172 1
1968 1
35144 1
4325 2
6948 1
27494 1
58016 1
3535 1
6116 1
10849 1
576 6
285448 1
5663 1
3126 3
769 1
2380 3
2374 3
10290 2
17 68
53368 2
2003 3
4714 2
14987 1
4813 2
1679 2
240768 1
570 6
6588 2
1501 3
5556 2
664 1
31483 1
961 1
21309 1
2037 1
2426 2
10544 1
271 5
9950 1
61315 1
318592 1
129 3
2486 2
10595 1
322 3
5409 1
112459 1
1165468 1
4041 4
7533 1
2446 3
1582 3
10810 1
537 3
10711 1
438 3
768575 1
4058 1
3959 1
14232 1
5060 1
2703 3
2604 2
12877 1
7790 2
2481 2
124 8
50994 1
10105 1
5018 1
2192 2
36988 1
1379 2
6753 2
17026 1
1765 3
141457 1
9469 1
1036769 1
2394 1
4751 1
10310 2
37 9
6012 2
1298 4
3655 1
21977 1
1431 3
776 1
596610 1
6221 1
37040 1
328 7
229 7
10502 1
1437 4
11314 1
1041 8
42133 1
63110 1
32291 1
1472 3
12295 1
2022 2
7109 2
20033 1
30306 1
4871 1
182909 1
28814 1
2305 3
969 2
3326 2
1108 6
279 1
10552 1
1788 4
429096 1
45591 1
4499 1
251051 1
12680 1
2407 5
50 9
98 4
10371 2
4877 2
10436 1
163 3
5250 1
1974 5
2720 2
10164 1
2347 1
2248 2
12521 1
6354 2
824 4
26259 1
1622 2
23262 1
48697 1
3439 2
119153 1
252702 1
1082 7
114471 1
1468 4
3079 1
32352 1
1533 3
11806 1
22178 1
1632 2
25281 1
4735 2
21 50
543 5
9415 1
1513 3
398299 1
3870 1
1625 5
16886 1
2681 1
20870 1
324 2
10618 1
345 5
61983 2
5927 1
16200 1
939 2
3058 3
840 3
1657 2
11930 1
11633 1
1360 2
165728 1
182 3
1008 5
50180 1
45489 1
4397 1
2195 2
53560 1
12468 1
17555 1
2294 1
4566 1
6923 3
1836 2
2288 1
1378870 1
5380 1
293 2
25 30
967622 1
1960 1
7047 1
3341 3
116344 1
40138 1
29865 1
851 3
19889 1
3529 1
1794 1
27427 1
6881 1
63 5
344159 1
5150 1
5608 1
62159 1
521 3
422 5
10695 1
1699 2
4056 4
1838 3
451 1
24357 1
4009 2
1121 6
54529 1
3659 1
318 3
5405 1
4775 1
33237 1
2418 3
184975 1
61 7
1313 4
6400 1
3531 2
17261 1
2287594 1
61486 1
5529 1
10616 2
20988 1
442 1
204 3
56656 1
5291 1
76509 1
19932 1
9659 1
231 4
5318 1
8411 2
1340 6
3576 1
1219 4
6306 2
4810 3
1757420 1
737 5
5824 1
135032 1
1483 4
34656 1
3837 2
61428 1
20336 1
2548 2
1564 2
21001 1
455 2
26088 1
15815 1
5542 1
884209 1
731 2
5818 1
10905 1
13361 1
3088 4
1284 4
690 1
62328 1
1609 3
8680 2
4032 1
9119 1
1675 2
7742 1
28288 1
2853 1
4 198
5091 3
518 3
5605 2
28784 2
3349 2
10304 1
31 22
5118 2
36534 1
5715 2
10901 1
628 5
3358 7
255 4
15516 1
1905 2
37514 1
6893 1
17166 1
44106 1
3014 2
18275 1
6341 1
5381 2
294 6
667 2
8848 1
17843 1
2582 1
734 1
536 4
21082 1
5448 2
3091 1
9949 1
60819 1
30297 1
82641 1
457 1
3679 1
352 4
5439 1
15638 1
25812 1
3205 2
946337 1
1221 6
2469 3
112 5
1599 5
6686 1
249088 1
2536 1
7623 1
179 3
15440 1
1288 6
5724 1
11888 1
1111099 1
1615 2
778 4
2383 2
26 20
13249 1
7789 2
3052 2
598886 1
3707 1
8794 1
8467 1
974837 1
1135 7
6222 1
937 1
11210 1
21483 2
6363 2
1276 2
11922 1
1649 2
1304778 1
107 6
21887 1
432807 1
1341 4
11614 1
4543 2
9630 1
31928 1
1109 9
198 4
1935 1
12208 1
2366 1
9 104
847 4
5934 3
273 4
5261 1
15534 1
12903 1
2630 2
21572 1
1026 4
52391 1
6608 2
12666 1
2393 3
6397 1
16670 1
6496 1
6662 1
16935 1
1674 3
1950 2
19289 2
24376 1
1436 4
105275 1
2545 3
3612 4
5791 1
36610 1
11274 1
1001 2
5969 2
11056 1
882 2
1255 6
10419 1
146 4
2497 5
2398 1
12671 1
99490 1
48125 1
37852 1
1382 5
96152 1
19847 1
4348 1
3302 2
1237 7
18981 1
854 1
2080 1
402727 1
2346 4
39661 1
4052 1
9020 1
1949 2
2566 2
7653 1
209 7
1150686 1
110 2
10383 1
2012 6
1266 7
28882 1
8336 1
6903 2
4407 2
9121 1
34556 1
55399 1
4034 1
4095 1
2364 2
7 147
1113 5
3470 2
19969 1
1557 2
6644 1
359 5
908 3
3748 2
3917 2
294111 1
6467 1
1753 3
1230 3
6317 2
1131 5
11404 1
5030 1
5403 2
2611 1
7698 1
52488 1
1123 7
152115 1
28839 1
3404 5
2711 2
74622 1
7402 1
120405 1
555 4
8170 1
1000 3
11273 1
5457 1
67095 1
964 1
5756 2
11315 1
1042 9
36651 1
1583 5
12412 1
2139 4
1030 6
6117 1
3270 3
1052 6
2873 2
82208 1
24 33
1133 10
4285 2
764487 1
24831 1
4483 1
11534 1
1261 5
16621 1
6348 1
5975 1
2476 3
12749 1
46770 1
5678 2
3915 2
10450 1
177 5
52651 1
1286 4
2632 5
43850 1
23304 1
2758 1
132837 1
328024 1
10674 1
401 2
144 4
600723 1
4889 1
21851 1
1305 2
6121 2
1034 4
2567 4
1651 3
1453 2
21999 1
4517 2
13403 1
3130 1
53804 1
2439 2
199729 1
469340 1
4098 1
14272 1
3548 2
8635 1
1191 5
1624 4
1372 4
2118 3
173804 1
9436 2
2224 1
300141 1
22772 1
2226 3
1117 6
2752 1
34721 1
20961 1
415 2
10688 1
514 2
12686 1
2413 1
1629 5
113378 1
1464 6
20788 1
242 4
4956 4
4699 3
19960 1
777 3
2038 7
10628 1
355 1
174996 1
21475 1
929 3
4089 1
29524 1
55720 1
230361 1
16806 1
6533 1
6446 1
1359 3
53097 1
1732 4
5601 1
15874 1
613 3
11730 1
1457 5
6544 1
3675 2
10999 1
726 4
2360 4
1248 2
1172370 1
626656 1
3 28
430 3
1097 4
21643 1
52660 1
1295 5
9033 1
19437 1
2938 4
53808 1
5434 1
720 4
108 1
53830 1
2465 4
7552 1
44891 1
2963 2
2389 4
32 20
1193323 1
1655 2
6742 2
10680 1
407 2
2764 3
6538 1
1451 3
803 2
704 2
10977 2
5890 1
1780 4
4137 2
60705 1
527 1
10800 1
626 2
41205 1
113 1
5936 1
849 2
1222 2
33250 1
2431 1
15565 1
5292 1
1058324 1
41297 1
205 6
578 3
479 1
10752 1
36484 1
5665 1
538101 1
3905 3
7483 1
53761 1
2396 2
2769 1
1075 3
982 7
289 5
72200 1
4228 1
34750 1
39 10
4336 1
6693 1
10286 1
13 94
4846 2
2489 2
162765 1
51497 1
132 6
26347 1
5801 1
1087 3
6764 1
17037 1
5 303
8446 2
38724 1
7905 1
6935 1
4578 1
574 3
1683 3
1299 7
1068454 1
10335 1
62 9
12553 1
2280 6
288 4
462474 1
189 4
10462 1
3572 1
52580 1
1215 4
7881 1
36165 1
425962 1
4769 2
9856 1
55 10
10229 1
1091 7
19081 1
687 2
5774 2
9343 1
135092 1
1543 6
6630 2
17493 1
28159 1
1277 5
679295 1
1499 6
6586 2
3856 2
31795 1
976 5
552 2
5639 3
2368 3
421204 1
11 109
4447 2
298 6
2655 1
5383 1
1001864 1
9171 1
2100 5
8893 1
3806 1
6536 1
9158 1
307075 1
1855 4
852 2
3209 1
6969 3
1882 4
390880 1
506 7
20569 1
23 47
96676 1
2241 3
11266 1
993 2
18325 1
7854 1
38673 1
82431 1
247 1
3350 2
13524 1
185296 1
382 2
10490 2
217 3
2110 1
7566 2
495 4
102235 1
56947 1
5582 1
3822 1
21383 1
257662 1
837 1
18445 1
3184 1
1946 3
595 6
61195 1
9830 1
30178 1
2759 1
2898 1
49168 1
2592668 1
3376 4
3277 2
13550 1
1019 5
1335977 1
487 2
53421 1
2056 2
4097 2
756 2
459 1
31278 1
4736 2
38106 1
798308 1
708859 1
22 52
5109 1
2379 3
7367 1
17640 1
10434 1
161 2
5248 1
30399 1
20126 1
38982 1
1270 4
6357 3
215 3
5302 1
653 4
369 2
15630 1
17685 2
2424 1
3268 1
7959 1
49051 1
914 1
873 3
290254 1
2610 2
464796 1
12784 1
3646 2
1243 3
6330 1
1144 2
11417 1
10407 1
134 3
4634 2
558 4
13458 1
3185 2
59264 1
614006 1
7899 2
2812 1
25832 1
20943 1
397 3
3652 1
8739 1
10 124
1119 8
2228 1
7315 1
384 1
20930 1
582 2
3575 1
248 4
3105 2
52113 1
748 3
1857 2
6944 1
3248 1
8335 1
2553 7
61438 1
10429 1
156 4
61200 1
57 5
10330 1
3622 1
1779 3
62308 1
670 4
171 5
5258 1
26098 1
663 3
9599 1
45604 1
25058 1
4512 3
1256 4
1332 1
1169 4
3526 2
8613 1
4129 2
6859 1
49935 1
8843 1
3298 1
7734 1
2647 2
10378 1
105 2
504 5
734974 1
5591 1
359894 1
339 5
924711 1
141 7
20687 1
54061 1
2696 2
2597 4
12870 1
228 5
10501 2
5315 6
15588 1
1073 7
10367 1
94 2
54305 1
559 4
22208 1
1662 1
2329 1
22875 1
3051 2
694 3
8048 1
22810 1
2264 2
1746 1
53111 1
12019 1
135 2
10408 1
11431 1
1158 5
65263 1
3625 3
3483 2
1126 4
1991 1
133416 1
10140 1
1023840 1
6813 1
2891 1
2543 2
10459 1
186 3
19155 1
61343 1
5320 1
15593 1
31766 1
1244 4
698044 1
8787 1
3700 3
6430 2
3228 2
13501 1
8414 2
389261 1
203 7
1826 1
67957 1
2840 1
11337 1
1064 7
36 15
5123 2
4472 1
4175 1
34994 1
2254 5
67 5
4202 1
158297 1
240481 1
1392 2
1801 1
2535 2
2993 4
636 2
6733 1
17006 1
6567 3
38657 1
7838 1
11430 1
1157 8
2878 1
352160 1
1058 7
11331 1
184962 1
48 10
464 2
5551 1
2682 5
48465 1
1434 4
3791 3
55749 1
4384 1
2386 1
12560 1
29 17
2122 4
50141 1
450788 1
21870 1
1324 4
52689 1
1214 6
3571 1
372508 1
2680 1
12953 1
23226 1
95137 1
4786 2
72 8
596 2
5683 1
10024 1
1254 5
21800 1
1452 3
94075 1
1618 5
2727 2
5042 1
292686 1
3836 1
61914 1
276 4
5165 1
25711 1
2633 1
11577 1
1304 2
2445 1
68576 1
9227 3
2156 2
967 3
2076 2
11161 1
888 1
124164 1
2745 3
10661 1
388 3
92 2
9278 1
1060 5
234510 1
8504 1
34604 1
24331 1
3785 3
9548 2
609 3
51974 1
52469 1
1104 4
4834 1
256755 1
21664 1
1118 9
134667 1
9270 2
5054 1
195 9
3886 2
44978 1
29915 1
9369 1
4282 3
19086 1
1524229 1
3825 2
586045 1
484 3
9912 1
81130 1
4528 1
35347 1
6 194
20354 1
97177 1
4720 2
1276731 1
2879 1
7966 1
1353 7
8424 1
18598 1
2475 1
12748 1
2574 3
5191 2
1864 4
6951 1
32386 1
755 3
5842 1
4594 6
47806 1
266547 1
731406 1
2023 3
3023 1
2789 2
5146 1
59 8
50929 1
7364 1
2277 1
252 6
7323 2
53143 1
1778 2
1156 5
802 2
12418 1
35906 1
1073479 1
5087 2
15360 1
5186 1
22516 1
1970 5
251 3
7322 1
6728 1
68366 1
7223 1
17496 1
2235 2
5398 2
311 4
736 3
5823 1
5581 1
46673 1
21436 1
890 2
8961 1
3555 2
1198 7
1665 3
11938 1
104494 1
53129 2
1764 3
14952 1
86863 1
4679 2
2322 2
2284 1
230913 1
1998 2
87512 1
5328 1
2836 2
54201 1
415395 1
2488 2
7024 1
37843 1
2234 2
10404 1
131 6
66305 1
35486 1
290539 1
7434 1
1188829 1
59713 1
39167 1
1560 2
676408 1
367 1
31186 1
9795 1
40614 1
237086 1
6060 1
21519 1
155068 1
973 3
42169 1
1077 5
3180 1
8168 1
18441 1
142243 1
1079 4
6626 1
11812 1
1539 3
706 3
9128 1
111858 1
5031 2
234 3
10507 1
344 4
92267 1
52066 1
701 2
2040 5
53894 1
28657 1
8111 1
3809 1
168177 1
30581 1
40854 1
158 2
4660 1
50839 1
9747 1
47086 1
1303 3
28584 1
511415 1
4343 1
55708 1
39283 1
1571 2
2030439 1
6658 2
43705 1
53615 1
2250 2
12028 1
1755 8
53120 2
7337 1
3234 3
3537 1
191 7
5278 1
898637 1
15159 1
4886 2
172 7
1182 6
11455 1
1500 7
25070 1
8 125
1017035 1
1781 4
751 2
5838 1
3141 3
980 5
22635 1
2089 2
504971 1
52959 1
59931 1
11279 1
1006 8
1866 3
17226 1
6953 1
4973 1
210433 1
11518 1
52610 1
1245 4
16605 1
6332 1
1565098 1
54967 1
3602 1
29037 1
2045 1
285 3
9380 1
91564 1
15077 1
4804 2
103777 1
1047 5
3585 1
1228 2
481790 1
50324 1
1094 5
1555 2
6642 1
2206 2
2714 2
5159 1
261984 1
1608 4
230788 1
4782 1
68 7
1025 4
181 6
82 7
10355 1
2376 2
7463 1
20565 1
19 60
5106 1
1506 4
1316 5
47099 1
1540 5
9068 1
49764 1
1997 2
1899 1
790 2
10806 1
533 7
52623 1
371086 1
11531 1
1258 5
7927 1
38746 1
48920 1
1405 5
2928 2
372756 1
7601 1
1542 4
4869 1
2804 1
1098 7
237621 1
1342 2
166958 1
2590 1
1612 3
6699 2
3519 2
751091 1
1162 9
2410 3
61691 1
53 7
1049 8
8930 1
24191 1
1859 5
4148 2
13734 1
3461 3
2966 1
54331 1
5445 1
2683 3
2822 1
2723 2
12996 1
465 3
4043 1
16947 1
35754 1
72056 1
41237 1
145 1
210946 1
5486 1
383 3
284 2
10557 1
7499 2
54150 1
2785 2
7872 2
45211 1
9602 2
20974 1
428 3
1556 4
3888 1
1531 9
34430 1
3611 1
21238 1
692 3
37473 1
6654 1
8395 1
18668 1
6883 1
1078 7
1870 1
32736 1
1917 4
4274 1
21590 1
52409 1
1044 4
46827 1
1527144 1
3401 4
1213972 1
1758 2
12284 2
2011 1
2607 2
8430 1
3716 1
1724 3
21707 1
1161 5
3955 2
4876 2
51527 1
10435 1
162 5
8342 1
3255 2
802565 1
1271 5
10453 2
180 3
2668 3
1936 3
4432 1
14606 1
29867 1
222 4
4936 2
2718 2
572820 1
7805 2
7685 2
10875 1
21148 1
602 3
135789 1
12513 1
2240 2
8421 1
162516 1
2544 2
3372 1
52380 2
1015 6
11914 1
1641 3
22720 1
474732 1
895 1
499 1
41591 1
3740 2
8827 2
1383 3
3462 1
1105 5
16366 1
46911 1
5819 1
11507 1
62872 1
1234 5
1036 3
11309 1
21582 1
3718 2
8805 1
866 3
3223 1
862 1
11135 1
1829456 1
6013 1
77924 1
1619 4
1371716 1
3313 2
8755 1
797 3
298714 1
2514 5
12787 2
28246 1
7700 1
10704 1
431 1
332 3
10605 1
4772 1
16805 1
6532 1
42537 1
52810 1
1445 6
1003 5
1089613 1
675 3
3032 4
2839 1
7553 1
11420 1
1147 3
38 8
51304 1
10212 1
46217 1
15398 1
5125 2
2356 3
1989 1
10301 2
28 15
22792 1
2246 4
7333 2
11284 1
1011 5
12741 1
2468 3
48251 1
111 5
2190 1
220280 1
4547 2
1092 11
6179 1
314 4
62530 1
892 5
793 1
11066 1
4650 1
75 4
2432 2
8423 1
20208 1
3682 1
2837 3
13110 1
2936 3
16925 1
1664 6
7185 1
490016 1
426 2
38138 1
7616 2
533366 1
9443 1
34977 1
55523 1
4158 1
24704 1
55226 1
10288 1
15 68
4099 1
10511 2
238 3
9666 2
794 2
167 5
19769 1
1134 9
956 1
31775 1
1253 3
8157 2
2552 5
1112036 1
29370 2
3443 3
2981 1
23732 1
13459 1
9845 1
832911 1
411718 1
1007 4
47186 1
6094 1
2340 3
269438 1
51728 1
363 2
10636 1
9940 1
20213 1
32596 1
1777 3
53142 1
22323 1
1975 1
1110 10
34108 1
548 3
0 22592
640962 1
5316 1
282687 1
221049 1
1660 4
124730 1
1454 4
6541 1
58022 1
269 6
61551 1
5594 1
863 2
5950 2
187226 1
2312 3
23235 1
2689 3
5046 2
1088 5
35 15
15395 1
5122 2
53757 1
2392 2
11849 1
1576 1
6663 1
273365 1
6267 1
47359 1
9790 1
45795 1
4703 1
10635 1
362 4
826584 1
4744 1
30 16
6592 1
1406 3
11679 1
1878 5
223298 1
10904 1
631 4
115991 1
2988 2
43156 1
2064 2
1409 1
597243 1
7489 1
2402 2
418 2
7691 1
38213 1
14358 1
4085 1
1613 3
3970 1
21738 1
1192 3
907 4
5621 2
534 1
10547 1
274 4
605 2
5593 2
15866 1
16191 1
5918 1
46614 1
5029 3
680 3
10953 1
14947 1
194302 1
19661 1
223141 1
3567 1
399 3
329135 1
573 1
297555 1
2509 3
22857 1
2753 3
43449 1
2456 1
834569 1
23002 1
2654 1
9777 1
8057 1
38876 1
3267 2
139427 1
5878 1
11064 1
791 2
1831 2
22377 1
22575 1
2029 3
2298 2
10393 1
120 5
226126 1
490 5
3336 1
54701 1
4887 1
19029 1
206 5
5293 1
9110 2
44716 1
1889 4
108772 1
26588 1
6042 3
16315 1
1054 6
697488 1
224 2
3072 3
763274 1
51411 1
46 15
30865 1
457442 1
5430 1
1122 5
1789 2
22335 1
1987 5
7074 1
111697 1
4870 2
229282 1
3276 3
59728 1
8363 2
247471 1
919 1
8122 1
3408 3
11324 1
1051 4
11082 1
809 2
6161 2
21620 1
114077 1
1074 7
1447 6
6534 1
74467 1
2556 2
1210657 1
39535 1
4180 4
9267 2
4502 2
4943 1
15543 1
282 3
1401 6
24381 1
3835 1
3241 1
884752 1
1274 5
7711 1
45 6
20655 1
109 3
66834 1
5196 1
671 2
93 5
10907 1
634 1
561 3
5648 2
2662 3
700 3
601 3
10874 1
10128 1
8273 1
1202 6
3307 3
379 1
20925 1
1072 9
6445 1
4558 1
2872 4
1056 7
9959 1
20232 1
79157 1
2852 1
1376 6
820 2
465462 1
3177 2
257 1
5344 1
600 2
501 1
10774 1
679 4
2191 8
12464 1
1760 3
6638 1
2088 1
29508 1
14247 1
1224 3
1125 7
11398 1
1750 5
37656 1
428030 1
6837 1
104132 1
1402 2
10325 1
52 4
7760 1
689 3
425 4
427733 1
1101993 1
2782 2
1922 3
886 2
15294 1
631674 1
231979 1
5973 1
22407 1
1861 4
2806 3
21734 1
1188 5
6077 1
26623 1
11467 1
1194 4
52072 1
707 2
7953 1
3239 2
5596 1
1937 4
3120 1
13294 1
5088 1
1 2
1387 4
67518 1
1702 4
10749 1
476 1
377 2
10650 2
3050 3
2593 4
577881 1
1591 5
11546 1
1273 4
94084 1
52992 1
1627 5
40640 1
9821 1
215281 1
128 4
5215 2
3473 1
476833 1
4275 1
1290 3
6377 2
1865 1
3800 1
283 2
595462 1
350732 1
11723 1
1450 5
6059 1
3640 3
77 8
5065 1
15338 1
911 4
2730 4
9114 1
3532 1
969194 1
54897 1
3543 3
1484 4
6571 2
207 4
3979 1
9066 1
2292 3
12328 1
2055 1
7142 2
7244 1
125433 1
2157 4
2748 2
2684 1
1985 2
246 5
2934 1
10159 1
4403 2
3353 2
3292 1
537488 1
26329 1
5783 1
117791 1
4788 1
2702812 1
1013 7
6120 1
3339 3
7204 2
2117 3
44388 1
3296 2
20643 1
97 2
61141 1
10271 1
1004 7
10349 2
76 3
5163 1
649 1
9149 1
1407 6
32226 1
48952 1
3169 1
8046 1
18319 1
49138 1
29152 1
18879 1
70114 1
90767 1
30234 1
9886 1
603629 1
172163 1
59160 1
44295 1
3203 4
52886 1
1521 3
11794 1
19899 1
112356 1
554095 1
60991 1
1579864 1
28641 1
8240 1
39059 1
71130 1
1547 4
19725 1
12226 1
1953 4
3311 1
25780 1
5234 1
10420 1
147 4
2377 2
1906 2
10676 1
403 1
1900 2
4552 1
11970 1
1697 1
398 3
299 6
10572 1
416 1
1876 3
1421140 1
13739 1
3466 2
53336 1
1971 1
21896 1
11623 1
1350 3
11878 1
1605 3
2178 3
387069 1
6968 1
37787 1
1869 1
1671 1
22217 1
2731 2
53601 1
633 3
14544 1
4271 2
407786 1
7139 2
2052 2
1535 5
57492 1
6073 1
11259 1
986 6
21688 1
1142 10
3167 1
2147 2
34772 1
3953 1
54695 1
3330 2
7427 1
15401 1
50764 1
276770 1
22322 1
12049 1
1776 2
53141 1
191712 1
54375 1
29878 1
192528 1
5739 1
553 2
10826 1
32623 1
53169 1
1804 3
1714 2
5022 1
4534 3
2026 3
17287 1
1775 5
13861 1
3588 2
1963 2
2814 2
4310 2
262 5
3690 2
1575 3
4774 3
3047 2
8134 1
9103 1
213 7
1155 8
3654 2
5322 1
149045 1
15496 1
15875 1
36421 1
5602 1
10194 1
61559 1
1572 2
473775 1
1217 4
4334 1
5049 1
20933 1
387 2
1896 2
1707 2
4259 1
8455 1
1230942 1
100912 1
7678 2
2381 1
2965 4
1570 2
57527 1
193 2
5280 1
5913 1
3752 1
75800 1
517539 1
3257 1
3448 1
10581 1
308 2
6803 1
311512 1
3322 1
857 4
2629 2
2119 1
698 3
5785 2
1528 5
443267 1
927 3
6014 1
62810 1
11445 1
21718 1
1172 2
42776 1
1684 2
1757 2
4102 2
7852 1
614 2
3530 2
556 1
10829 2
4208 2
4526 3
2211 3
291 1
22393 1
1847 3
1748 2
12021 1
414 3
10687 1
513 2
29700 1
9154 1
14241 1
10146 1
5433 2
3261 2
795 3
11068 2
275592 1
894 1
9887 1
8517 1
6022 2
47114 1
9828 1
15014 1
4741 3
10739 1
466 4
5553 1
327905 1
9442 1
33058 1
2239 4
3492 3
4576 2
491372 1
3020 2
53850 1
2272 3
392646 1
11121 1
550343 1
8375 1
147110 1
3288 2
2736 1
54101 1
38840 1
54292 1
3422 1
481632 1
3781 1
24327 1
75692 1
244249 1
73 3
5160 2
30595 1
29499 1
339656 1
46792 1
218 5
102948 1
52573 1
1208 6
1209 4
29382 1
5938 1
920235 1
22090 1
11817 1
1544 5
924 2
173 4
10446 2
5359 2
15533 1
27290 1
6744 1
6513 1
1584 1
11664 1
1391 3
16652 1
4955 3
1458 3
47241 1
1470 2
3161 3
435 1
298556 1
639 2
4479 1
55349 1
371832 1
2004 1
347920 1
1715 3
4234 2
8169 1
7370 1
2283 2
4544 1
3994 1
965 3
3017 1
13290 1
177188 1
3951 1
55316 1
334328 1
539788 1
107393 1
566 2
2179 2
17539 1
7266 2
19426 1
4165 1
13916 2
7778 1
644704 1
46594 1
5502 1
1279354 1
5180 1
25726 1
149002 1
1479 5
19916 1
23443 1
95354 1
3788 1
8875 1
1706 4
53071 1
672 1
113675 1
104491 1
1761 1
50849 1
235019 1
758942 1
52344 1
979 3
2560 1
3427 2
6907 2
1820 2
3149 3
74495 1
2584 1
1067 4
1640 2
1071077 1
2685 1
1891 1
2771 3
1247 5
3103 1
568 2
469 1
10742 1
623 2
3060 1
8147 1
1390 4
1135791 1
746 3
14638 1
4365 1
4465 2
33850 1
3031 3
1063 2
1264 2
7305 1
2218 4
47056 1
5964 2
6487 1
136747 1
3198 1
6924 1
3725 2
7259 1
27805 1
1524 3
889 1
572 2
1696 2
5769 1
3514 1
8601 1
3767 4
3569 1
24115 1
2770 3
6759 1
6433 2
4806 2
1842 2
10163 1
9814 1
6387 1
889865 1
9939 1
20212 1
85701 1
3517 1
8604 1
6097 1
1010 8
14259 1
3986 1
547327 1
2858 1
13131 1
42430 1
1734 1
36431 1
822 1
4007 1
4427 1
38736 1
28463 1
3258 2
13531 1
5856 1
16129 1
14391 1
39099 1
3490 1
13664 1
1503 4
37875 1
7056 1
17329 1
8839 1
19112 1
9969 3
4882 1
8531 1
29077 1
2599 1
44946 1
29446 1
30248 1
9702 1
513079 1
670775 1
2652 1
7762 1
18035 1
28308 1
202949 1
57373 1
2262 4
1964 4
18175 1
7902 2
886293 1
2815 1
44317 1
13498 1
3225 2
28770 1
12975 2
17881 1
2620 2
2323 1
33142 1
15761 1
4399 1
24945 1
127675 1
500 4
6522 1
83619 1
1435 2
4596 1
2820 2
1153396 1
8821 1
4561 1
55926 1
565 1
565580 1
923 2
39430 1
49703 1
1268 7
21814 1
11739 1
1466 2
6553 2
10379 1
92563 1
106 2
4212 1
88625 1
16714 1
2062 1
1523 1
10014 1
184655 1
4692 1
11974 1
53066 1
1701 3
2422 2
2016 1
3133 4
1832 4
2276 1
1071 4
1616 3
5067 2
21143 1
597 2
13822 1
3549 2
8636 1
3056 2
3634 1
9003 1
46675 1
5583 2
2326 4
52657 1
11565 1
1292 4
54212 1
2847 1
2204 1
1038 3
3114 3
511 3
2234740 1
15772 1
584 3
2558 1
3828 2
24632 1
4086 1
1818591 1
277641 1
270 4
1507 2
3027 1
38636 1
2215 1
3480 3
8919 1
511603 1
80137 1
1251 3
5773 1
402421 1
1774 3
7190 1
988 1
3685 1
1439 4
10803 1
530 1
8133 1
3589 1
454 1
1782 1
24636 2
4090 2
2108 3
1910 2
145732 1
22456 1
497 3
5379 2
10565 1
292 1
35157 1
3106 2
7229 1
2142 3
11216 1
943 3
30053 1
9507 1
4008 2
29443 1
52090 1
725 4
502 3
610942 1
741 4
3224 2
4574 1
4705 1
30338 1
9792 1
11326 1
1053 9
677624 1
4024 2
4953 1
4549 1
1070 5
3910 2
52387 1
31841 1
1022 4
1731 3
1763 3
1603 5
546072 1
4121 2
1652 3
5902 1
227 3
10911 3
638 2
5725 1
27076 1
6530 1
1443 3
3883 1
875 1
12148 2
1875 4
254 5
10484 1
211 4
491 4
32592 1
1773 1
27 19
10300 1
574957 1
10399 1
126 4
4316 2
5400 1
313 4
4730 4
625 1
427 1
20973 1
33273 1
2454 1
7541 1
2706 3
203171 1
91768 1
173952 1
796 3
21342 1
2007 2
53372 1
42778 1
1686 4
94143 1
7664 2
2478 1
12751 1
121120 1
9206 1
1336 2
52701 1
1913 1
63551 1
8992 1
50084 1
5307 1
231313 1
1923 4
837195 1
3380 2
44472 1
3776 1
3334 2
54699 1
611 1
134160 1
53263 1
1898 2
53065 1
1700 4
22246 1
1799 2
12072 1
559274 1
4296 1
55661 1
5692 1
663164 1
1496 5
52861 1
566511 1
3724 2
55089 1
29654 1
6138 1
334874 1
6118 1
1031 3
1966 2
22512 1
18605 1
1235 6
6043 2
2947 2
52356 1
991 3
3219 1
53672 1
2307 1
2499 1
4476 1
185 2
382473 1
2372 1
1218 9
977 2
2321 4
7454 1
207827 1
2367 1
7884 1
4371 2
3579 1
85763 1
13868 1
2294474 1
3595 2
1388661 1
1806 3
657 3
121 1
5208 2
20745 1
51564 1
199 1
1068 3
505 2
4004 2
14277 1
18858 1
41054 1
10235 1
20508 1
48356 1
4246 1
178887 1
3064 1
33883 1
266 5
10539 1
71583 1
7619 1
297626 1
9982 1
9464 1
31135 1
316 2
61954 1
139 4
2888 1
921 3
39458 1
49731 1
18912 1
8639 2
25884 1
8352 1
76117 1
58704 1
79406 1
3101 1
18587 1
604148 1
3417 3
167785 1
61453 1
10088 1
55429 1
4233 1
445972 1
8490 1
3403 2
8785 1
152607 1
22698 1
2152 1
104882 1
3142 1
6623 1
1598 1
7407 2
8533 1
18707 1
3162 1
3271 2
38880 1
2286 3
4388 2
3393 1
13115 1
2842 1
1371 3
105313 1
2583 2
1668 2
23379 1
2833 4
4794 1
2303 5
12378 1
22651 1
2777 1
51646 1
281 3
832 3
8250 1
1928 1
1476 1
10610 1
337 1
61381 1
6804 2
2513 1
53878 1
677 2
98143 1
5686 1
599 3
55721 1
4356 2
14629 1
569470 1
4455 1
7942 1
8764 1
629415 1
2762 5
2539 2
53904 1
829283 1
1602 2
52967 1
2097 2
30019 1
28827 1
4025 1
55390 1
605328 1
49414 1
3631 2
14675 1
4402 1
363957 1
360381 1
9378 1
4361 2
25060 1
16689 1
52793 1
1428 1
5839 1
752 2
3420 2
7196 1
1114 6
3098 2
2999 1
13272 1
1102 7
5793 1
46885 1
21560 1
52379 1
1014 5
53710 1
2345 3
12015 1
1742 2
4042 2
1112 5
2293 1
10421 1
148 4
5037 1
25583 1
15550 1
5277 1
1587 3
2437 2
177069 1
2428 1
32950 1
1506779 1
68559 1
441 2
5429 1
15702 1
268866 1
1768 1
1863 3
12495 1
2222 2
73577 1
1666 4
587227 1
1880 1
5510 1
285295 1
4816 2
371471 1
1643 1
90 2
22339 1
1793 1
6880 1
2605 2
1009825 1
3071 1
2576 1
53941 1
639593 1
54032 1
2667 4
73000 1
1089 7
1538 1
373668 1
3840 1
3808 1
1807 2
149 5
3290 2
56269 1
4904 1
25252 1
5734 1
26280 1
447473 1
154 4
789 2
5817 2
730 1
6520 1
3982 1
13195 1
2922 3
168 3
21103 1
557 4
29583 1
70675 1
9037 1
106680 1
3950 2
21589 1
1043 4
591135 1
542 1
959 2
272581 1
15756 1
5483 1
649325 1
2126 2
58083 1
1538400 1
2666 1
3482 1
388053 1
7952 1
2865 2
1475 3
4177 1
4885 2
1320 3
4225 1
4179 1
1455 1
14120 1
3847 3
80152 1
23551 1
3005 3
18266 1
2740 3
1579 2
2160 1
12657 2
2384 1
1872 3
13049 1
2821 1
55776 1
4411 1
9498 1
1720 2
2708 1
4261 3
277 2
5364 2
41 8
3172 3
13670 1
2060 3
4987 1
768197 1
38814 1
7995 1
49585 1
8889 1
47 8
10320 1
174688 1
467914 1
128905 1
3518 2
54883 1
7929 1
49021 1
19729 1
60821 1
1661 1
1121418 1
6128 1
36947 2
552290 1
71191 1
40372 1
4763 2
7799 1
89983 1
5904 1
46996 1
467017 1
4100 1
2354 3
5666 2
5567 1
15840 1
9366 1
85547 1
54728 1
3363 1
3160 2
3226 1
8115 1
28661 1
3591 1
2136 1
2082 2
7169 1
1062 9
2415 5
58372 1
3721 3
2282 3
3907 1
3432 1
22066 1
1520 2
1497 5
1259 4
5810 1
15293 1
5020 1
65225 1
13860 1
3587 2
1425 2
6680 1
37499 1
7458 1
57620 1
1663 3
531 3
566909 1
1894 5
916191 1
2942 2
34579 1
14033 1
850 1
11123 1
8347 1
39166 1
4383 2
55748 1
8374 1
49466 1
34732 1
2768 2
13041 1
2867 2
1442 2
1996 3
587290 1
1729 2
2315 2
814029 1
2462 2
1614 2
5680 1
593 3
5627 1
1175 7
199568 1
188 4
15350 1
5077 1
25623 1
1084 8
13069 1
2796 2
3179 2
2365 4
11043 1
52135 1
770 2
896 4
10532 1
259 5
1787 5
44707 1
3615 1
1083 4
6170 1
4437 3
444 2
2910 1
1335 4
4504 2
4829 1
10836 1
563 2
2203 5
2223 3
3487 1
2719 2
10956 1
683 2
43817 1
12998 1
2725 3
4797 2
5537 1
3780 2
7885 1
593446 1
6973 1
828 4
5915 2
7126 2
1940 3
12213 1
4105 2
4737 1
8341 1
52381 1
216749 1
1016 8
21712 1
1166 6
760 1
2495 1
3003 1
1650 2
2101 2
811 2
5479 2
404994 1
4347 1
192402 1
7488 2
8730 1
368 1
13182 2
2909 2
7996 1
1421 2
2453355 1
6041 1
1040 4
11313 1
9047 2
38699 1
7880 2
2793 1
747 3
21293 1
945 4
317031 1
8841 1
3754 1
654 1
261 3
10534 1
833 2
11106 1
1628 6
11901 1
22273 1
1727 3
1908 2
594587 1
11143 1
870 3
52235 1
1365 3
623087 1
1704 1
53069 1
140070 1
1772 2
53137 1
7093 1
30126 1
203210 1
163191 1
9096 2
81007 1
98329 1
53041 1
1676 3
179767 1
313316 1
282497 1
61286 1
51013 1
81 2
5168 2
52733 1
1368 2
6455 1
859 1
836 4
1058955 1
3998 2
460 2
3942 1
1352 3
1481 3
6271 1
37090 1
3246 2
799 3
5886 1
1101 5
1471 6
928360 1
3790 1
52875 1
1510 4
978 4
2952 3
21978 1
1432 4
695 1
7368 1
22629 2
3287 1
192 4
1308 4
823148 1
4141 1
37380 1
1771 2
1315 2
52680 1
1138605 1
3343 1
23889 1
3195 3
85379 1
612593 1
2153 4
46767 1
52349 1
984 2
89932 1
3354 3
13627 1
3453 1
2567005 1
4021 4
55386 1
9603 1
3159 1
588720 1
2092 3
53457 1
35275 1
475 2
19506 1
4245 1
55515 1
4150 2
90629 1
4262 1
2395 1
5514 1
22566 1
2020 2
927031 1
2461 1
4281 2
50064 1
3128 1
3029 1
13302 1
711 3
788 3
52732 1
1367 2
3428 1
3230 2
23776 1
159080 1
4985 3
95 2
1607 6
4273 2
8453 1
655 3
10928 1
754 2
3762 2
6676 1
29496 1
3467 3
65105 1
2343 1
12616 2
2442 2
594982 1
80257 1
3952 2
21920 1
11647 1
1374 5
545843 1
1534 3
11734 2
1461 2
241 3
31060 1
5625 1
6290 2
494307 1
1203 6
1581 3
4216 1
1177 4
5599 1
3011 1
2491 1
1912 1
550 2
1139 3
11412 1
843 3
2010 2
11868 1
1595 3
8086 1
12407 1
2134 2
944 2
1725 2
19005 1
8732 1
1962 2
2341 2
22567 1
2021 2
5424 1
15697 3
5523 2
4308 2
627 2
21173 1
24278 1
3732 2
3075 1
13348 1
266643 1
61183 1
9818 1
7012 1
17285 1
560 3
10833 1
12916 1
2643 1
83672 1
1488 2
2816 2
1824 1
3100 1
21085 1
539 4
9000 2
782065 1
1317 6
52393 1
1028 4
4127 2
16084 1
5811 2
646 4
10919 1
21093 1
56 6
10329 1
61793 1
155 7
456 2
38155 1
17609 1
9420 2
7400 1
129488 1
585777 1
205676 1
216 1
10489 2
2661 1
12934 1
48543 1
3892 1
3112 3
13385 1
54576 1
23757 1
3211 3
38820 1
4974 1
15247 1
331471 1
2735 2
13199 1
2926 2
4079 1
2918 2
7252 1
7882 1
13477 1
30839 1
20 57
10293 1
277490 1
119 4
8959 1
19232 1
3425 3
2048 2
43140 1
477 2
333 2
31152 1
4252 1
1029 5
52394 1
21575 1
3089 3
38698 1
141262 1
7713 1
2527 3
12800 1
21796 1
1250 5
17227 1
2534 3
43626 1
579 5
10852 1
18559 1
8286 1
59651 1
8958 1
984893 1
3102 1
3002 1
54367 1
705 1
1048551 1
15989 1
5716 2
50322 1
4016 1
65654 1
29589 1
24700 1
4154 1
29498 1
276050 1
8952 1
933522 1
18980 1
8806 1
6616 3
2385 2
2051 1
7138 1
165 7
2871 2
2173 1
2050 3
3310 2
708987 1
150 7
208447 1
2987 1
2399 2
165853 1
1485 2
740 1
10914 2
245 4
359800 1
51610 2
28492 1
6303 1
1216 1
20106 1
112271 1
5444 2
18693 1
686438 1
35254 1
30167 1
11540 1
1267 9
52632 1
1762 1
52146 1
781 2
617161 1
11907 1
1634 3
3192 1
23738 1
64830 1
50659 1
215027 1
1373 2
23612 1
2571 1
74482 1
4038 2
1948 3
3729 2
4711 1
1719 1
2991 2
1577 1
2041 5
401814 1
11440 1
1167 2
2406 3
53418 1
2053 2
2363 3
26265 1
5719 1
2075 1
7162 1
312 2
61356 1
42045 1
953 2
2913 2
2892 2
966 2
9010 1
3755 3
3347 1
21968 1
1422 2
15075 1
4802 2
400 3
10673 1
5586 1
5069 1
3702 1
15112 1
4839 1
518245 1
4595 1
54058 1
2693 1
2830 1
516480 1
13879 1
3606 1
21461 1
915 2
4236 2
1018 5
6105 1
1860 2
159 2
5246 1
9547 2
13831 1
1023 5
9060 1
49756 1
3976 1
106706 1
14249 1
11319 1
1046 6
742 3
257567 1
11015 1
589957 1
4396 1
4124 1
10854 1
581 4
4060 1
18372 1
3111 2
4410 2
43341 1
29594 1
608 4
175249 1
2291 1
5959 1
16232 1
5662 1
46754 1
1099 4
124375 1
39209 1
410281 1
14645 1
4372 2
24918 1
12702 1
2429 4
3617 1
1168 2
36975 1
16429 1
2058 2
1647 4
2501 3
4704 1
780 4
34347 1
3528 2
13076 2
2803 1
2489855 1
3789 2
4303 2
2247 2
520093 1
98900 1
1514 2
13342 1
3117 2
5796 1
55580 1
4215 2
14796 1
4418 2
12363 1
2090 1
3394 1
8481 1
1818 2
3641 1
4354 1
9595 1
19868 1
4607 1
1325 3
4848 1
21069 2
523 1
2388 2
53753 1
34260 1
3441 2
54806 2
29844 1
61737 1
1078764 1
10372 1
99 4
102829 1
123375 1
6374 1
1852 3
30009 1
19736 1
53965 1
2600 3
3573 1
3689 2
10395 1
122 3
1397 1
2017 3
2508 3
258422 1
1597 3
329 2
4359 2
3395 2
9946 1
2436 3
8210 1
2295 1
5860 1
247804 1
1252 4
6240 1
16513 1
2397 1
7484 2
1897 4
2828 3
2404 1
2829 1
7916 1
642 1
2013 2
3148 3
3127 1
404713 1
4066 1
2917 1
124163 1
226893 1
887 2
987 2
4656 1
6055 1
7517 1
2430 2
1574 2
612014 1
3598 1
567 2
51932 1
842953 1
12386 1
2113 1
3438 1
918 4
819 3
11092 2
6005 1
3653 2
55337 1
45064 1
3972 2
4830 1
2304 3
3263 1
9024 2
253653 1
7101 3
3620 2
4510 1
11803 1
905554 1
1530 4
7375 2
15780 1
29814 1
9268 1
122658 1
9655 1
938 4
818 1
9067 1
40505 1
340138 1
1129 7
62767 1
6841 1
109571 1
2232 1
22778 1
310422 1
51381 1
16 70
10289 1
115 3
6850 1
243129 1
3743 3
34562 1
3389 1
3834 1
55199 1
38682 1
243590 1
4501 1
165606 1
1238 3
175879 1
2281 1
12554 1
53646 1
50280 1
2261 2
53626 1
166838 1
60344 1
29891 1
54298 1
2933 4
8747 1
4193 1
476751 1
311114 1
2924 2
391890 1
1516 3
5561 3
53200 1
1835 1
312130 1
3940 2
3512 1
3352 1
22092 1
11819 1
1546 2
226 3
5313 1
10908 1
278006 1
709472 1
635 2
2336 1
1903 1
3636 1
1713 1
2251 4
330 2
4724 2
76635 1
607067 1
960 3
7779 1
54770 1
3405 4
4588 2
9022 1
2690275 1
55603 1
1281 2
576569 1
1738 5
48682 1
20632 1
585647 1
86 5
2586 2
10619 1
445 3
7679 1
22478 1
1932 2
10360 1
87 3
2559 1
4132 1
1187 3
11444 1
1171 3
3183 1
3498 2
4808 1
8719 1
71182 1
30090 1
9544 1
3041 1
1059308 1
1189 2
2621 4
2028 3
1830 2
22376 1
1469 1
46550 1
190372 1
5458 1
51736 1
371 2
5711 2
4738 2
603 1
3122 1
7585 1
23044 1
2498 2
1802 5
21150 1
604 2
3784 2
1174 8
3546 2
5061 1
12424 1
2151 3
8847 1
10981 1
708 2
133377 1
10101 1
6836 2
2107 4
900 1
22860 1
2314 1
1196 4
52561 1
8774 1
441362 1
9896 1
1273487 1
133184 1
35086 1
304716 1
50366 1
161408 1
746969 1
294957 1
5132 1
313322 1
824722 1
2882 1
23428 1
8183 1
28729 1
80 2
72562 1
651 2
941 1
6028 1
7598 1
1106 3
11379 1
1205 5
348166 1
9157 1
392497 1
2123 4
2024 2
12297 1
125465 1
2189 1
32208 1
1389 1
4135 1
2905 2
1190 5
10958 1
123961 1
685 1
1916 3
1059 6
4883 1
529 5
3193 1
4330 1
523605 1
30501 1
20228 1
4967 1
278 3
236557 1
419078 1
829998 1
2242 3
53607 1
2737 1
3301 1
64939 1
358264 1
8982 1
162740 1
30407 1
382459 1
3812 1
55177 1
1805 3
135354 1
44848 1
4152 1
1331 4
11604 1
4621 1
253 1
667998 1
24220 1
1159978 1
29948 1
4513 2
835 2
750764 1
39170 1
13363 1
95547 1
75001 1
2425 3
1020 5
9338 1
156352 1
2257 2
22605 1
6310 1
11496 1
1223 3
84138 1
1954 2
4719 1
2162 2
36262 1
5443 1
356 2
2382 2
7469 1
323688 1
5225 1
2414 1
1526 3
2838 4
39189 1
8370 1
12936 2
2663 2
1221065 1
8851 1
4270 1
15694 1
8126 2
3039 2
17138 1
2854 1
13127 1
18214 1
214540 1
9080 1
313215 1
5025 1
2510 4
4467 1
7011 2
585 1
8968 1
14154 1
3881 1
4680 1
9989 1
1446 6
83630 1
53603 1
2238 1
6920 1
387021 1
53367 1
2002 3
299919 1
412659 1
1739 1
29605 1
11637 1
1364 2
4659 3
1692 1
1525 3
2180 2
598014 1
12453 1
2279 1
858 2
31809 1
990 4
30106 1
9560 1
16178 1
917 1
4130 2
1456 2
530367 1
16717 1
4761 1
5288 1
25529 1
15256 1
4983 2
3099 3
4833 1
1550 1
9894 1
4784 1
4932 1
51012 1
20193 1
504190 1
41905 1
11086 1
813 1
468 4
23841 1
3295 1
34870 1
4051 2
7404 1
1745 1
12018 1
9739 1
8072 1
429 1
7973 1
4390 2
2128 1
9738 1
5269 1
15542 1
36088 1
3565 2
4766 1
118 1
2036 1
2132 1
12405 1
7105 1
15190 1
2270 3
7280 1
9134 1
9997 2
2025 1
10075 1
10115 1
30164 1
5576 1
9426 1
29972 1
425318 1
2500 1
43592 1
11533 1
1260 3
124536 1
2448 1
208 5
9280 1
24541 1
4750 1
15023 1
13515 1
3242 1
11865 1
1592 3
2876 2
32005 1
1186 4
700459 1
1895 3
640936 1
4010 1
2106 3
25569 1
5023 2
3985 2
1711 3
3566 2
210 2
8343 1
18616 1
747999 1
9839 1
607 2
4709 2
5500 2
26046 1
3314 3
503 4
4645 3
14625 1
4352 2
2273 2
218006 1
3857 1
55222 1
2172 1
23764 1
3218 5
9038 1
8857 1
1941 2
488 1
10761 1
9281 1
357711 1
8429 2
3829 1
14102 1
1494 2
32313 1
1552420 1
1197 3
62835 1
2979 2
13252 1
17755 1
69120 1
2772 2
136321 1
4686 2
4509 1
3735 1
3367 1
2086 1
15644 1
5371 1
639496 1
2570 1
18310 1
8037 2
21450 1
904 3
1180 2
35797 1
4978 1
22236 1
53055 1
1690 2
505553 1
2176 1
12449 1
2275 2
16857 1
18565 1
8292 2
39111 1
1210 2
52575 1
13253 1
2980 1
54345 1
112309 1
40398 1
5477 1
39830 1
440477 1
32234 1
1415 3
11688 1
52780 1
478 1
41570 1
2229 2
19074 1
46936 1
5844 1
16117 1
61517 1
10152 1
1639 1
525909 1
1986 4
14942 1
4669 1
38456 1
7637 1
3844 1
4386 2
2351 1
2357373 1
4856 2
1527 3
498 2
2831 2
11603 1
1330 3
1944 3
11921 1
1648 2
3280 1
4229 2
14264 1
3991 1
21026 1
480 3
2869 3
3426 2
115090 1
2087 1
1314 4
785 3
1207 1
260340 1
3515 1
791881 1
860 1
23329 1
2783 1
2732 1
3817 1
22098 1
1552 1
673 5
7018 1
3863 1
14136 1
10822 1
9502 1
7509 2
17782 1
930312 1
50204 1
29658 1
222013 1
10013 1
1375 3
12944 1
2671 1
1178 2
1326 4
7725 1
3320 1
644 2
4174 1
34993 1
5411 3
457423 1
1135441 1
9859 1
30405 1
1361 1
52726 1
12352 1
2079 2
2912 1
11967 1
1694 2
2116 1
1988 1
2088169 1
2750 1
54052 1
2687 1
4854 1
18617 1
20001 1
5937 2
8674 1
18947 1
36994 1
22063 1
1517 3
63155 1
47894 1
4011 2
14284 1
3738 2
568753 1
55535 1
25405 1
30035 2
2439906 1
55498 1
4133 1
18568 1
28841 1
13246 1
2973 1
2480 1
3662 1
20957 2
10684 2
411 1
14943 1
4670 1
1688 3
53946 2
2581 2
4602 1
10992 1
719 1
620 2
10893 1
137924 1
4375 1
902 2
54104 1
2739 2
11535 1
1262 2
6915 1
249 4
4697 1
3269 3
4546 2
25503 1
4957 2
52446 1
1081 3
13931 1
3658 3
35146 1
4327 2
4905 2
830 2
3890 2
1408 1
1249 2
1874 1
2237 3
1721 1
22670 1
2124 2
153922 1
10100 2
11449 1
1176 2
51552 1
10460 1
187 3
9226 1
1289 2
32108 1
8713 1
1446933 1
29259 1
4145 2
27909 1
7928 1
9676 2
3990 1
34809 1
22385 1
1839 1
53204 1
5624 2
293268 1
50987 1
6769 1
37588 1
2444 2
53809 1
137416 1
3867 1
24413 1
29500 1
30415 1
24460 1
7242 1
55557 1
4192 1
2704 1
2598 2
12871 1
33904 1
3085 1
2207 3
718 2
4989 2
189741 1
4827 2
2658 2
23204 1
55516 1
48306 1
23289 1
2743 3
2651 2
7350 2
2150 4
21202 2
656 2
220 3
2253 2
5519 2
53346 1
22527 1
1981 1
14146 1
3873 1
4867 1
39414 1
8595 1
24718 2
4172 1
19979 1
3981 1
14254 1
8826 1
19000 1
176 1
315 4
61953 1
5435 1
1611 2
330347 1
1419 2
52784 1
3210 1
54575 1
9266 1
358548 1
50638 1
2255 2
12528 1
772730 1
54860 1
2656 2
95113 1
187570 1
38623 1
59169 1
55434 1
24615 1
4257 2
55622 2
65895 1
3402 5
13675 1
107680 1
817523 1
5956 2
4820 1
5390 1
52760 1
1395 5
260792 1
3967 1
3387 2
9347 1
325 4
10598 2
52758 1
1393 6
750 3
2903 2
903 3
4220 1
11270 1
997 2
