16650
177844
10682
4466
2816
2764
20500
910
1254
146957
27467
688
2418
1170
695309
17736
1376
1032
1328
344
0
688
110672
17178
0
0
1032
1032
149467
610509
1166
344
650
688
126200
344
0
404
504035
136375
151770
29307
1596
344
344
688
0
344
44411
81191
688
688
1114
559526
31043
126106
1032
846
0
502
186
0
688
591716
137686
344
822
127464
1158
1032
0
344
344
244
688
581873
1376
344
134341
186
564479
20915
0
588
344
0
127076
344
1032
110584
471739
1986
932
1276
123858
2748
344
0
688
344
846
1218
171978
11234
688
1032
7304
344
344
0
79066
658219
1352
1620
320
344
688
1032
0
139088
9933
3232
344
588
1352
145518
320
344
688
344
344
158
664
292824
408793
344
1352
1032
320
344
688
119694
22024
244
664
132609
453918
344
1166
126560
320
344
932
588
0
0
664
688
127750
530
437722
193805
320
588
688
344
137822
3328
664
688
0
5126
575748
16840
175972
344
688
344
0
0
666908
34470
1648
932
664
1348
506
344
952
126164
0
0
664
581187
698
126372
6288
1032
1970
506
688
344
0
112692
57869
5180
602836
33804
664
11165
227682
850
932
588
0
0
344
1008
143210
344
664
1032
582375
1066
688
344
125648
0
344
1008
344
344
502
1438
112462
20640
688
344
344
0
344
709287
344
588
0
1510
530
478
688
125946
348
0
344
1090
506
125386
1650
1032
502
320
1032
578419
4616
94664
97646
1008
344
344
0
846
530
125106
1276
846
774
0
581915
822
125190
344
0
688
688
320
1090
688
125350
0
688
478
874
344
124774
688
932
320
454371
148356
688
0
688
125084
846
530
244
583189
1042
125066
688
2126
688
0
344
167128
21434
688
0
688
688
320
688
124658
688
0
588
390544
233073
125012
6625
688
1616
320
932
688
932
0
124314
664
688
158
186
688
846
320
125596
1916
481899
96550
902
664
688
0
230648
473895
1286
1738
688
688
688
2150
502
124620
850
264
588
952
344
125540
688
688
846
106
264
568423
12332
123942
344
688
344
664
688
124716
688
111554
501249
1032
1008
0
344
20025
109994
664
904
1060
932
0
123684
846
1008
0
688
344
344
664
124434
1376
688
0
133983
463261
1194
0
118826
6082
588
664
344
1376
502
123970
0
344
1166
186
932
124156
344
664
158
521813
45036
17448
0
124126
1448
344
502
502
344
952
125452
2584
1430
1652
87701
539278
11318
2726
2762
124192
344
874
908
1376
240
556981
4972
152495
542
910
566
222
566
1068
664
126124
0
846
0
158
664
3986
902
111662
592441
932
320
1376
688
688
0
0
124852
688
574595
6344
344
1218
563765
26227
688
688
126386
94
580827
932
2168
0
344
846
124758
1376
846
502
0
244
846
1032
101912
51091
344
585725
70499
1538
688
588
800
134956
19838
1032
0
0
344
1190
320
130140
4808
344
0
0
688
688
582624
30527
106537
1090
956
1190
450
344
158
0
124738
846
320
244
3218
688
28324
554983
124952
462
0
556
688
932
0
320
10967
114607
3190
846
688
551118
73429
588
660
874
372
125012
344
344
1166
2900
588464
41522
118
87479
41303
794
726
770
1336
344
1008
932
125160
344
0
344
579397
974
344
664
124974
774
1008
688
688
344
0
344
344
502
186
